channel_count=64
singal_channel_size=10240
queue_count=4
read_channel_idx=1
write_channel_idx=0
正在初始化共享内存.
正在初始化信道.
one read channel used.
one write channel used.
BusManager 初始化成功！
RelationServer Start
bus_mgr init.
get_recv_buf, buf:[0x7f293a5cb849]
mess_type : 301

AddFriend
CheckBlack
CheckBlackFlag:0, ret:0
CheckFriend
CheckFriendFlag:1, ret:0
get_send_buf, buf:[0x7f293a57b809]
[RelaSvr] Rsp response successed.

get_recv_buf, buf:[0x7f293a5c4049]
mess_type : 309

get_friends_req Response.
GetFriends
get_send_buf, buf:[0x7f293a574009]
[RelaSvr] Rsp response successed.

get_recv_buf, buf:[0x7f293a5c6849]
mess_type : 309

get_friends_req Response.
GetFriends
get_send_buf, buf:[0x7f293a576809]
[RelaSvr] Rsp response successed.

get_recv_buf, buf:[0x7f293a5c9049]
mess_type : 309

get_friends_req Response.
GetFriends
get_send_buf, buf:[0x7f293a579009]
[RelaSvr] Rsp response successed.

get_recv_buf, buf:[0x7f293a5cb849]
mess_type : 309

get_friends_req Response.
GetFriends
get_send_buf, buf:[0x7f293a57b809]
[RelaSvr] Rsp response successed.

get_recv_buf, buf:[0x7f293a5c4049]
mess_type : 309

get_friends_req Response.
GetFriends
get_send_buf, buf:[0x7f293a574009]
[RelaSvr] Rsp response successed.

get_recv_buf, buf:[0x7f293a5c6849]
mess_type : 301

AddFriend
CheckBlack
CheckBlackFlag:0, ret:0
CheckFriend
CheckFriendFlag:1, ret:0
get_send_buf, buf:[0x7f293a576809]
[RelaSvr] Rsp response successed.

get_recv_buf, buf:[0x7f293a5c9049]
mess_type : 309

get_friends_req Response.
GetFriends
get_send_buf, buf:[0x7f293a579009]
[RelaSvr] Rsp response successed.

channel_count=64
singal_channel_size=10240
queue_count=4
read_channel_idx=1
write_channel_idx=0
正在初始化共享内存.
正在初始化信道.
one read channel used.
one write channel used.
BusManager 初始化成功！
RelationServer Start
bus_mgr init.
get_recv_buf, buf:[0x7f4e8bd35849]
mess_type : 309

get_friends_req Response.
GetFriends
friends_cnt = [23]
get_send_buf, buf:[0x7f4e8bce5809]
[RelaSvr] Rsp response successed.

channel_count=64
singal_channel_size=10240
queue_count=4
read_channel_idx=1
write_channel_idx=0
正在初始化共享内存.
正在初始化信道.
one read channel used.
one write channel used.
BusManager 初始化成功！
RelationServer Start
bus_mgr init.
get_recv_buf, buf:[0x7ff53c04e049]
mess_type : 309

get_friends_req Response.
GetFriends
friends_cnt = [23]
get_send_buf, buf:[0x7ff53bffe009]
[RelaSvr] Rsp response successed.

get_recv_buf, buf:[0x7ff53c050849]
mess_type : 309

get_friends_req Response.
GetFriends
friends_cnt = [23]
get_send_buf, buf:[0x7ff53c000809]
[RelaSvr] Rsp response successed.

get_recv_buf, buf:[0x7ff53c053049]
mess_type : 301

AddFriend
CheckBlack
CheckBlackFlag:0, ret:0
CheckFriend
CheckFriendFlag:1, ret:0
get_send_buf, buf:[0x7ff53c003009]
[RelaSvr] Rsp response successed.

get_recv_buf, buf:[0x7ff53c055849]
mess_type : 301

AddFriend
CheckBlack
CheckBlackFlag:0, ret:0
CheckFriend
CheckFriendFlag:1, ret:0
get_send_buf, buf:[0x7ff53c005809]
[RelaSvr] Rsp response successed.

get_recv_buf, buf:[0x7ff53c04e049]
mess_type : 301

AddFriend
CheckBlack
CheckBlackFlag:0, ret:0
CheckFriend
CheckFriendFlag:1, ret:0
get_send_buf, buf:[0x7ff53bffe009]
[RelaSvr] Rsp response successed.

get_recv_buf, buf:[0x7ff53c050849]
mess_type : 309

get_friends_req Response.
GetFriends
friends_cnt = [23]
get_send_buf, buf:[0x7ff53c000809]
[RelaSvr] Rsp response successed.

channel_count=64
singal_channel_size=10240
queue_count=4
read_channel_idx=1
write_channel_idx=0
正在初始化共享内存.
正在初始化信道.
one read channel used.
one write channel used.
BusManager 初始化成功！
RelationServer Start
bus_mgr init.
get_recv_buf, buf:[0x7f6f883d1049]
mess_type : 309

get_friends_req Response.
GetFriends
friends_cnt = [23]
get_send_buf, buf:[0x7f6f88381009]
[RelaSvr] Rsp response successed.

channel_count=64
singal_channel_size=10240
queue_count=4
read_channel_idx=1
write_channel_idx=0
正在初始化共享内存.
正在初始化信道.
one read channel used.
one write channel used.
BusManager 初始化成功！
RelationServer Start
bus_mgr init.
get_recv_buf, buf:[0x7f5242618049]
mess_type : 309

get_friends_req Response.
GetFriends
friends_cnt = [23]
get_send_buf, buf:[0x7f52425c8009]
[RelaSvr] Rsp response successed.

channel_count=64
singal_channel_size=10240
queue_count=4
read_channel_idx=1
write_channel_idx=0
正在初始化共享内存.
正在初始化信道.
one read channel used.
one write channel used.
BusManager 初始化成功！
RelationServer Start
bus_mgr init.
get_recv_buf, buf:[0x7fd97b95c049]
mess_type : 301

AddFriend
CheckBlack
CheckBlackFlag:0, ret:0
CheckFriend
CheckFriendFlag:1, ret:0
get_send_buf, buf:[0x7fd97b90c009]
[RelaSvr] Rsp response successed.

get_recv_buf, buf:[0x7fd97b95e849]
mess_type : 309

get_friends_req Response.
GetFriends
friends_cnt = [23]
get_send_buf, buf:[0x7fd97b90e809]
[RelaSvr] Rsp response successed.

get_recv_buf, buf:[0x7fd97b961049]
mess_type : 309

get_friends_req Response.
GetFriends
friends_cnt = [23]
get_send_buf, buf:[0x7fd97b911009]
[RelaSvr] Rsp response successed.

channel_count=64
singal_channel_size=10240
queue_count=4
read_channel_idx=1
write_channel_idx=0
正在初始化共享内存.
正在初始化信道.
one read channel used.
one write channel used.
BusManager 初始化成功！
RelationServer Start
bus_mgr init.
get_recv_buf, buf:[0x7f990a8cf049]
mess_type : 309

get_friends_req Response.
GetFriends
friends_cnt = [23]
get_send_buf, buf:[0x7f990a87f009]
[RelaSvr] Rsp response successed.

get_recv_buf, buf:[0x7f990a8d1849]
mess_type : 309

get_friends_req Response.
GetFriends
friends_cnt = [23]
get_send_buf, buf:[0x7f990a881809]
[RelaSvr] Rsp response successed.

channel_count=64
singal_channel_size=10240
queue_count=4
read_channel_idx=1
write_channel_idx=0
正在初始化共享内存.
正在初始化信道.
one read channel used.
one write channel used.
BusManager 初始化成功！
RelationServer Start
bus_mgr init.
channel_count=64
singal_channel_size=10240
queue_count=4
read_channel_idx=1
write_channel_idx=0
正在初始化共享内存.
正在初始化信道.
one read channel used.
one write channel used.
BusManager 初始化成功！
RelationServer Start
bus_mgr init.
get_recv_buf, buf:[0x7fde1f67f049]
mess_type : 309

get_friends_req Response.
GetFriends
friends_cnt = [23]
get_send_buf, buf:[0x7fde1f62f009]
[RelaSvr] Rsp response successed.

get_recv_buf, buf:[0x7fde1f681849]
mess_type : 309

get_friends_req Response.
GetFriends
friends_cnt = [23]
get_send_buf, buf:[0x7fde1f631809]
[RelaSvr] Rsp response successed.

channel_count=64
singal_channel_size=10240
queue_count=4
read_channel_idx=1
write_channel_idx=0
正在初始化共享内存.
正在初始化信道.
one read channel used.
one write channel used.
BusManager 初始化成功！
RelationServer Start
bus_mgr init.
get_recv_buf, buf:[0x7f5011ac0049]
mess_type : 309

get_friends_req Response.
GetFriends
friends_cnt = [23]
get_send_buf, buf:[0x7f5011a70009]
[RelaSvr] Rsp response successed.

channel_count=64
singal_channel_size=10240
queue_count=4
read_channel_idx=1
write_channel_idx=0
正在初始化共享内存.
正在初始化信道.
one read channel used.
one write channel used.
BusManager 初始化成功！
RelationServer Start
bus_mgr init.
get_recv_buf, buf:[0x7f8262067049]
mess_type : 309

get_friends_req Response.
GetFriends
friends_cnt = [23]
get_send_buf, buf:[0x7f8262017009]
[RelaSvr] Rsp response successed.

get_recv_buf, buf:[0x7f8262069849]
mess_type : 309

get_friends_req Response.
GetFriends
friends_cnt = [23]
get_send_buf, buf:[0x7f8262019809]
[RelaSvr] Rsp response successed.

get_recv_buf, buf:[0x7f826206c049]
mess_type : 309

get_friends_req Response.
GetFriends
friends_cnt = [23]
get_send_buf, buf:[0x7f826201c009]
[RelaSvr] Rsp response successed.

channel_count=64
singal_channel_size=10240
queue_count=4
read_channel_idx=1
write_channel_idx=0
正在初始化共享内存.
正在初始化信道.
one read channel used.
one write channel used.
BusManager 初始化成功！
RelationServer Start
bus_mgr init.
get_recv_buf, buf:[0x7f6f9c5e2049]
mess_type : 301

AddFriend
CheckBlack
CheckBlackFlag:0, ret:0
CheckFriend
CheckFriendFlag:1, ret:0
get_send_buf, buf:[0x7f6f9c592009]
[RelaSvr] Rsp response successed.

get_recv_buf, buf:[0x7f6f9c5e4849]
mess_type : 301

AddFriend
CheckBlack
CheckBlackFlag:0, ret:0
CheckFriend
CheckFriendFlag:0, ret:0
get_send_buf, buf:[0x7f6f9c594809]
[RelaSvr] Rsp response successed.

get_recv_buf, buf:[0x7f6f9c5e7049]
mess_type : 309

get_friends_req Response.
GetFriends
friends_cnt = [24]
get_send_buf, buf:[0x7f6f9c597009]
[RelaSvr] Rsp response successed.

channel_count=64
singal_channel_size=10240
queue_count=4
read_channel_idx=1
write_channel_idx=0
正在初始化共享内存.
正在初始化信道.
one read channel used.
one write channel used.
BusManager 初始化成功！
RelationServer Start
bus_mgr init.
get_recv_buf, buf:[0x7fd787715049]
mess_type : 309

get_friends_req Response.
GetFriends
friends_cnt = [24]
get_send_buf, buf:[0x7fd7876c5009]
[RelaSvr] Rsp response successed.

get_recv_buf, buf:[0x7fd787717849]
mess_type : 309

get_friends_req Response.
GetFriends
friends_cnt = [24]
get_send_buf, buf:[0x7fd7876c7809]
[RelaSvr] Rsp response successed.

get_recv_buf, buf:[0x7fd78771a049]
mess_type : 309

get_friends_req Response.
GetFriends
friends_cnt = [24]
get_send_buf, buf:[0x7fd7876ca009]
[RelaSvr] Rsp response successed.

get_recv_buf, buf:[0x7fd78771c849]
mess_type : 309

get_friends_req Response.
GetFriends
friends_cnt = [24]
get_send_buf, buf:[0x7fd7876cc809]
[RelaSvr] Rsp response successed.

get_recv_buf, buf:[0x7fd787715049]
mess_type : 309

get_friends_req Response.
GetFriends
friends_cnt = [24]
get_send_buf, buf:[0x7fd7876c5009]
[RelaSvr] Rsp response successed.

get_recv_buf, buf:[0x7fd787717849]
mess_type : 309

get_friends_req Response.
GetFriends
friends_cnt = [24]
get_send_buf, buf:[0x7fd7876c7809]
[RelaSvr] Rsp response successed.

get_recv_buf, buf:[0x7fd78771a049]
mess_type : 309

get_friends_req Response.
GetFriends
friends_cnt = [24]
get_send_buf, buf:[0x7fd7876ca009]
[RelaSvr] Rsp response successed.

get_recv_buf, buf:[0x7fd78771c849]
mess_type : 309

get_friends_req Response.
GetFriends
friends_cnt = [24]
get_send_buf, buf:[0x7fd7876cc809]
[RelaSvr] Rsp response successed.

channel_count=64
singal_channel_size=10240
queue_count=4
read_channel_idx=1
write_channel_idx=0
正在初始化共享内存.
正在初始化信道.
one read channel used.
one write channel used.
BusManager 初始化成功！
RelationServer Start
bus_mgr init.
get_recv_buf, buf:[0x7fba758fd049]
mess_type : 309

get_friends_req Response.
GetFriends
friends_cnt = [24]
get_send_buf, buf:[0x7fba758ad009]
[RelaSvr] Rsp response successed.

channel_count=64
singal_channel_size=10240
queue_count=4
read_channel_idx=1
write_channel_idx=0
正在初始化共享内存.
正在初始化信道.
one read channel used.
one write channel used.
BusManager 初始化成功！
RelationServer Start
bus_mgr init.
get_recv_buf, buf:[0x7f59230eb049]
mess_type : 301

AddFriend
CheckBlack
CheckBlackFlag:0, ret:0
CheckFriend
CheckFriendFlag:1, ret:0
get_send_buf, buf:[0x7f592309b009]
[RelaSvr] Rsp response successed.

get_recv_buf, buf:[0x7f59230ed849]
mess_type : 309

get_friends_req Response.
GetFriends
friends_cnt = [24]
get_send_buf, buf:[0x7f592309d809]
[RelaSvr] Rsp response successed.

channel_count=64
singal_channel_size=10240
queue_count=4
read_channel_idx=1
write_channel_idx=0
正在初始化共享内存.
正在初始化信道.
one read channel used.
one write channel used.
BusManager 初始化成功！
RelationServer Start
bus_mgr init.
get_recv_buf, buf:[0x7fa449961049]
mess_type : 309

get_friends_req Response.
GetFriends
friends_cnt = [24]
get_send_buf, buf:[0x7fa449911009]
[RelaSvr] Rsp response successed.

get_recv_buf, buf:[0x7fa449963849]
mess_type : 309

get_friends_req Response.
GetFriends
friends_cnt = [24]
get_send_buf, buf:[0x7fa449913809]
[RelaSvr] Rsp response successed.

get_recv_buf, buf:[0x7fa449966049]
mess_type : 309

get_friends_req Response.
GetFriends
friends_cnt = [24]
get_send_buf, buf:[0x7fa449916009]
[RelaSvr] Rsp response successed.

get_recv_buf, buf:[0x7fa449968849]
mess_type : 309

get_friends_req Response.
GetFriends
friends_cnt = [24]
get_send_buf, buf:[0x7fa449918809]
[RelaSvr] Rsp response successed.

get_recv_buf, buf:[0x7fa449961049]
mess_type : 309

get_friends_req Response.
GetFriends
friends_cnt = [24]
get_send_buf, buf:[0x7fa449911009]
[RelaSvr] Rsp response successed.

get_recv_buf, buf:[0x7fa449963849]
mess_type : 309

get_friends_req Response.
GetFriends
friends_cnt = [24]
get_send_buf, buf:[0x7fa449913809]
[RelaSvr] Rsp response successed.

channel_count=64
singal_channel_size=10240
queue_count=4
read_channel_idx=1
write_channel_idx=0
正在初始化共享内存.
正在初始化信道.
one read channel used.
one write channel used.
BusManager 初始化成功！
RelationServer Start
bus_mgr init.
channel_count=64
singal_channel_size=10240
queue_count=4
read_channel_idx=1
write_channel_idx=0
正在初始化共享内存.
正在初始化信道.
one read channel used.
one write channel used.
BusManager 初始化成功！
RelationServer Start
bus_mgr init.
get_recv_buf, buf:[0x7f91ec971049]
mess_type : 309

get_friends_req Response.
GetFriends
friends_cnt = [24]
get_send_buf, buf:[0x7f91ec921009]
[RelaSvr] Rsp response successed.

channel_count=64
singal_channel_size=10240
queue_count=4
read_channel_idx=1
write_channel_idx=0
正在初始化共享内存.
正在初始化信道.
one read channel used.
one write channel used.
BusManager 初始化成功！
RelationServer Start
bus_mgr init.
get_recv_buf, buf:[0x7f2f94cd6849]
mess_type : 309

get_friends_req Response.
GetFriends
friends_cnt = [24]
get_send_buf, buf:[0x7f2f94c86809]
[RelaSvr] Rsp response successed.

get_recv_buf, buf:[0x7f2f94ccf049]
mess_type : 309

get_friends_req Response.
GetFriends
friends_cnt = [24]
get_send_buf, buf:[0x7f2f94c7f009]
[RelaSvr] Rsp response successed.

channel_count=64
singal_channel_size=10240
queue_count=4
read_channel_idx=1
write_channel_idx=0
正在初始化共享内存.
正在初始化信道.
one read channel used.
one write channel used.
BusManager 初始化成功！
RelationServer Start
bus_mgr init.
channel_count=64
singal_channel_size=10240
queue_count=4
read_channel_idx=1
write_channel_idx=0
正在初始化共享内存.
正在初始化信道.
one read channel used.
one write channel used.
BusManager 初始化成功！
RelationServer Start
bus_mgr init.
channel_count=64
singal_channel_size=10240
queue_count=4
read_channel_idx=1
write_channel_idx=0
正在初始化共享内存.
正在初始化信道.
one read channel used.
one write channel used.
BusManager 初始化成功！
RelationServer Start
bus_mgr init.
channel_count=64
singal_channel_size=10240
queue_count=4
read_channel_idx=1
write_channel_idx=0
正在初始化共享内存.
正在初始化信道.
one read channel used.
one write channel used.
BusManager 初始化成功！
RelationServer Start
bus_mgr init.
channel_count=64
singal_channel_size=10240
queue_count=4
read_channel_idx=1
write_channel_idx=0
正在初始化共享内存.
正在初始化信道.
one read channel used.
one write channel used.
BusManager 初始化成功！
RelationServer Start
bus_mgr init.
channel_count=64
singal_channel_size=10240
queue_count=4
read_channel_idx=1
write_channel_idx=0
正在初始化共享内存.
正在初始化信道.
one read channel used.
one write channel used.
BusManager 初始化成功！
RelationServer Start
bus_mgr init.
channel_count=64
singal_channel_size=10240
queue_count=4
read_channel_idx=1
write_channel_idx=0
正在初始化共享内存.
正在初始化信道.
one read channel used.
one write channel used.
BusManager 初始化成功！
RelationServer Start
bus_mgr init.
get_recv_buf, buf:[0x7fac2cdeb049]
mess_type : 309

get_friends_req Response.
GetFriends
friends_cnt = [24]
get_send_buf, buf:[0x7fac2cd9b009]
[RelaSvr] Rsp response successed.

channel_count=64
singal_channel_size=10240
queue_count=4
read_channel_idx=1
write_channel_idx=0
正在初始化共享内存.
正在初始化信道.
one read channel used.
one write channel used.
BusManager 初始化成功！
RelationServer Start
bus_mgr init.
channel_count=64
singal_channel_size=10240
queue_count=4
read_channel_idx=1
write_channel_idx=0
正在初始化共享内存.
正在初始化信道.
one read channel used.
one write channel used.
BusManager 初始化成功！
RelationServer Start
bus_mgr init.
channel_count=64
singal_channel_size=10240
queue_count=4
read_channel_idx=1
write_channel_idx=0
正在初始化共享内存.
正在初始化信道.
one read channel used.
one write channel used.
BusManager 初始化成功！
RelationServer Start
bus_mgr init.
channel_count=64
singal_channel_size=10240
queue_count=4
read_channel_idx=1
write_channel_idx=0
正在初始化共享内存.
正在初始化信道.
one read channel used.
one write channel used.
BusManager 初始化成功！
RelationServer Start
bus_mgr init.
channel_count=64
singal_channel_size=10240
queue_count=4
read_channel_idx=1
write_channel_idx=0
正在初始化共享内存.
正在初始化信道.
one read channel used.
one write channel used.
BusManager 初始化成功！
RelationServer Start
bus_mgr init.
channel_count=64
singal_channel_size=10240
queue_count=4
read_channel_idx=1
write_channel_idx=0
正在初始化共享内存.
正在初始化信道.
one read channel used.
one write channel used.
BusManager 初始化成功！
RelationServer Start
bus_mgr init.
channel_count=64
singal_channel_size=10240
queue_count=4
read_channel_idx=1
write_channel_idx=0
正在初始化共享内存.
正在初始化信道.
one read channel used.
one write channel used.
BusManager 初始化成功！
RelationServer Start
bus_mgr init.
channel_count=64
singal_channel_size=10240
queue_count=4
read_channel_idx=1
write_channel_idx=0
正在初始化共享内存.
正在初始化信道.
one read channel used.
one write channel used.
BusManager 初始化成功！
RelationServer Start
bus_mgr init.
channel_count=64
singal_channel_size=10240
queue_count=4
read_channel_idx=1
write_channel_idx=0
正在初始化共享内存.
正在初始化信道.
one read channel used.
one write channel used.
BusManager 初始化成功！
RelationServer Start
bus_mgr init.
channel_count=64
singal_channel_size=10240
queue_count=4
read_channel_idx=1
write_channel_idx=0
正在初始化共享内存.
正在初始化信道.
one read channel used.
one write channel used.
BusManager 初始化成功！
RelationServer Start
bus_mgr init.
channel_count=64
singal_channel_size=10240
queue_count=4
read_channel_idx=1
write_channel_idx=0
正在初始化共享内存.
正在初始化信道.
one read channel used.
one write channel used.
BusManager 初始化成功！
RelationServer Start
bus_mgr init.
channel_count=64
singal_channel_size=10240
queue_count=4
read_channel_idx=1
write_channel_idx=0
正在初始化共享内存.
正在初始化信道.
one read channel used.
one write channel used.
BusManager 初始化成功！
RelationServer Start
bus_mgr init.
channel_count=64
singal_channel_size=10240
queue_count=4
read_channel_idx=1
write_channel_idx=0
正在初始化共享内存.
正在初始化信道.
one read channel used.
one write channel used.
BusManager 初始化成功！
RelationServer Start
bus_mgr init.
channel_count=64
singal_channel_size=10240
queue_count=4
read_channel_idx=1
write_channel_idx=0
正在初始化共享内存.
正在初始化信道.
one read channel used.
one write channel used.
BusManager 初始化成功！
RelationServer Start
bus_mgr init.
channel_count=64
singal_channel_size=10240
queue_count=4
read_channel_idx=1
write_channel_idx=0
正在初始化共享内存.
正在初始化信道.
one read channel used.
one write channel used.
BusManager 初始化成功！
RelationServer Start
bus_mgr init.
channel_count=64
singal_channel_size=10240
queue_count=4
read_channel_idx=1
write_channel_idx=0
正在初始化共享内存.
正在初始化信道.
one read channel used.
one write channel used.
BusManager 初始化成功！
RelationServer Start
bus_mgr init.
channel_count=64
singal_channel_size=10240
queue_count=4
read_channel_idx=1
write_channel_idx=0
正在初始化共享内存.
正在初始化信道.
one read channel used.
one write channel used.
BusManager 初始化成功！
RelationServer Start
bus_mgr init.
channel_count=64
singal_channel_size=10240
queue_count=4
read_channel_idx=1
write_channel_idx=0
正在初始化共享内存.
正在初始化信道.
one read channel used.
one write channel used.
BusManager 初始化成功！
RelationServer Start
bus_mgr init.
get_recv_buf, buf:[0x7f2872dab049]
mess_type : 301

AddFriend
CheckBlack
CheckBlackFlag:0, ret:0
CheckFriend
CheckFriendFlag:1, ret:0
get_send_buf, buf:[0x7f2872d5b009]
[RelaSvr] Rsp response successed.

get_recv_buf, buf:[0x7f2872dad849]
mess_type : 301

AddFriend
CheckBlack
CheckBlackFlag:0, ret:0
CheckFriend
CheckFriendFlag:1, ret:0
get_send_buf, buf:[0x7f2872d5d809]
[RelaSvr] Rsp response successed.

channel_count=64
singal_channel_size=10240
queue_count=4
read_channel_idx=1
write_channel_idx=0
正在初始化共享内存.
正在初始化信道.
one read channel used.
one write channel used.
BusManager 初始化成功！
RelationServer Start
bus_mgr init.
get_recv_buf, buf:[0x7f3464928049]
mess_type : 301

AddFriend
CheckBlack
CheckBlackFlag:0, ret:0
CheckFriend
CheckFriendFlag:1, ret:0
get_send_buf, buf:[0x7f34648d8009]
[RelaSvr] Rsp response successed.

get_recv_buf, buf:[0x7f346492a849]
mess_type : 309

get_friends_req Response.
GetFriends
friends_cnt = [24]
get_send_buf, buf:[0x7f34648da809]
[RelaSvr] Rsp response successed.

channel_count=64
singal_channel_size=10240
queue_count=4
read_channel_idx=1
write_channel_idx=0
正在初始化共享内存.
正在初始化信道.
one read channel used.
one write channel used.
BusManager 初始化成功！
RelationServer Start
bus_mgr init.
channel_count=64
singal_channel_size=10240
queue_count=4
read_channel_idx=1
write_channel_idx=0
正在初始化共享内存.
正在初始化信道.
one read channel used.
one write channel used.
BusManager 初始化成功！
RelationServer Start
bus_mgr init.
channel_count=64
singal_channel_size=10240
queue_count=4
read_channel_idx=1
write_channel_idx=0
正在初始化共享内存.
正在初始化信道.
one read channel used.
one write channel used.
BusManager 初始化成功！
RelationServer Start
bus_mgr init.
channel_count=64
singal_channel_size=10240
queue_count=4
read_channel_idx=1
write_channel_idx=0
正在初始化共享内存.
正在初始化信道.
one read channel used.
one write channel used.
BusManager 初始化成功！
RelationServer Start
bus_mgr init.
channel_count=64
singal_channel_size=10240
queue_count=4
read_channel_idx=1
write_channel_idx=0
正在初始化共享内存.
正在初始化信道.
one read channel used.
one write channel used.
BusManager 初始化成功！
RelationServer Start
bus_mgr init.
channel_count=64
singal_channel_size=10240
queue_count=4
read_channel_idx=1
write_channel_idx=0
正在初始化共享内存.
正在初始化信道.
one read channel used.
one write channel used.
BusManager 初始化成功！
RelationServer Start
bus_mgr init.
channel_count=64
singal_channel_size=10240
queue_count=4
read_channel_idx=1
write_channel_idx=0
正在初始化共享内存.
正在初始化信道.
one read channel used.
one write channel used.
BusManager 初始化成功！
RelationServer Start
bus_mgr init.
channel_count=64
singal_channel_size=10240
queue_count=4
read_channel_idx=1
write_channel_idx=0
正在初始化共享内存.
正在初始化信道.
one read channel used.
one write channel used.
BusManager 初始化成功！
RelationServer Start
bus_mgr init.
channel_count=64
singal_channel_size=10240
queue_count=4
read_channel_idx=1
write_channel_idx=0
正在初始化共享内存.
正在初始化信道.
one read channel used.
one write channel used.
BusManager 初始化成功！
RelationServer Start
bus_mgr init.
channel_count=64
singal_channel_size=10240
queue_count=4
read_channel_idx=1
write_channel_idx=0
正在初始化共享内存.
正在初始化信道.
one read channel used.
one write channel used.
BusManager 初始化成功！
RelationServer Start
bus_mgr init.
channel_count=64
singal_channel_size=10240
queue_count=4
read_channel_idx=1
write_channel_idx=0
正在初始化共享内存.
正在初始化信道.
one read channel used.
one write channel used.
BusManager 初始化成功！
RelationServer Start
bus_mgr init.
channel_count=64
singal_channel_size=10240
queue_count=4
read_channel_idx=1
write_channel_idx=0
正在初始化共享内存.
正在初始化信道.
one read channel used.
one write channel used.
BusManager 初始化成功！
RelationServer Start
bus_mgr init.
channel_count=64
singal_channel_size=10240
queue_count=4
read_channel_idx=1
write_channel_idx=0
正在初始化共享内存.
正在初始化信道.
one read channel used.
one write channel used.
BusManager 初始化成功！
RelationServer Start
bus_mgr init.
channel_count=64
singal_channel_size=10240
queue_count=4
read_channel_idx=1
write_channel_idx=0
正在初始化共享内存.
正在初始化信道.
one read channel used.
one write channel used.
BusManager 初始化成功！
RelationServer Start
bus_mgr init.
channel_count=64
singal_channel_size=10240
queue_count=4
read_channel_idx=1
write_channel_idx=0
正在初始化共享内存.
正在初始化信道.
one read channel used.
one write channel used.
BusManager 初始化成功！
RelationServer Start
bus_mgr init.
get_recv_buf, buf:[0x7f410e99d049]
mess_type : 309

get_friends_req Response.
GetFriends
friends_cnt = [0]
get_send_buf, buf:[0x7f410e94d009]
[RelaSvr] Rsp response successed.

channel_count=64
singal_channel_size=10240
queue_count=4
read_channel_idx=1
write_channel_idx=0
正在初始化共享内存.
正在初始化信道.
one read channel used.
one write channel used.
BusManager 初始化成功！
RelationServer Start
bus_mgr init.
channel_count=64
singal_channel_size=10240
queue_count=4
read_channel_idx=1
write_channel_idx=0
正在初始化共享内存.
正在初始化信道.
one read channel used.
one write channel used.
BusManager 初始化成功！
RelationServer Start
bus_mgr init.
channel_count=64
singal_channel_size=10240
queue_count=4
read_channel_idx=1
write_channel_idx=0
正在初始化共享内存.
正在初始化信道.
one read channel used.
one write channel used.
BusManager 初始化成功！
RelationServer Start
bus_mgr init.
channel_count=64
singal_channel_size=10240
queue_count=4
read_channel_idx=1
write_channel_idx=0
正在初始化共享内存.
正在初始化信道.
one read channel used.
one write channel used.
BusManager 初始化成功！
RelationServer Start
bus_mgr init.
get_recv_buf, buf:[0x7f8ea3f0f049]
mess_type : 309

get_friends_req Response.
GetFriends
friends_cnt = [0]
get_send_buf, buf:[0x7f8ea3ebf009]
[RelaSvr] Rsp response successed.

channel_count=64
singal_channel_size=10240
queue_count=4
read_channel_idx=1
write_channel_idx=0
正在初始化共享内存.
正在初始化信道.
one read channel used.
one write channel used.
BusManager 初始化成功！
RelationServer Start
bus_mgr init.
channel_count=64
singal_channel_size=10240
queue_count=4
read_channel_idx=1
write_channel_idx=0
正在初始化共享内存.
正在初始化信道.
one read channel used.
one write channel used.
BusManager 初始化成功！
RelationServer Start
bus_mgr init.
channel_count=64
singal_channel_size=10240
queue_count=4
read_channel_idx=1
write_channel_idx=0
正在初始化共享内存.
正在初始化信道.
one read channel used.
one write channel used.
BusManager 初始化成功！
RelationServer Start
bus_mgr init.
channel_count=64
singal_channel_size=10240
queue_count=4
read_channel_idx=1
write_channel_idx=0
正在初始化共享内存.
正在初始化信道.
one read channel used.
one write channel used.
BusManager 初始化成功！
RelationServer Start
bus_mgr init.
channel_count=64
singal_channel_size=10240
queue_count=4
read_channel_idx=1
write_channel_idx=0
正在初始化共享内存.
正在初始化信道.
one read channel used.
one write channel used.
BusManager 初始化成功！
RelationServer Start
bus_mgr init.
channel_count=64
singal_channel_size=10240
queue_count=4
read_channel_idx=1
write_channel_idx=0
正在初始化共享内存.
正在初始化信道.
one read channel used.
one write channel used.
BusManager 初始化成功！
RelationServer Start
bus_mgr init.
channel_count=64
singal_channel_size=10240
queue_count=4
read_channel_idx=1
write_channel_idx=0
正在初始化共享内存.
正在初始化信道.
one read channel used.
one write channel used.
BusManager 初始化成功！
RelationServer Start
bus_mgr init.
channel_count=64
singal_channel_size=10240
queue_count=4
read_channel_idx=1
write_channel_idx=0
正在初始化共享内存.
正在初始化信道.
one read channel used.
one write channel used.
BusManager 初始化成功！
RelationServer Start
bus_mgr init.
channel_count=64
singal_channel_size=10240
queue_count=4
read_channel_idx=1
write_channel_idx=0
正在初始化共享内存.
正在初始化信道.
one read channel used.
one write channel used.
BusManager 初始化成功！
RelationServer Start
bus_mgr init.
get_recv_buf, buf:[0x7f1d5394d849]
mess_type : 309

get_friends_req Response.
GetFriends
friends_cnt = [0]
get_send_buf, buf:[0x7f1d538fd809]
[RelaSvr] Rsp response successed.

channel_count=64
singal_channel_size=10240
queue_count=4
read_channel_idx=1
write_channel_idx=0
正在初始化共享内存.
正在初始化信道.
one read channel used.
one write channel used.
BusManager 初始化成功！
RelationServer Start
bus_mgr init.
channel_count=64
singal_channel_size=10240
queue_count=4
read_channel_idx=1
write_channel_idx=0
正在初始化共享内存.
正在初始化信道.
one read channel used.
one write channel used.
BusManager 初始化成功！
RelationServer Start
bus_mgr init.
channel_count=64
singal_channel_size=10240
queue_count=4
read_channel_idx=1
write_channel_idx=0
正在初始化共享内存.
正在初始化信道.
one read channel used.
one write channel used.
BusManager 初始化成功！
RelationServer Start
bus_mgr init.
channel_count=64
singal_channel_size=10240
queue_count=4
read_channel_idx=1
write_channel_idx=0
正在初始化共享内存.
正在初始化信道.
one read channel used.
one write channel used.
BusManager 初始化成功！
RelationServer Start
bus_mgr init.
channel_count=64
singal_channel_size=10240
queue_count=4
read_channel_idx=1
write_channel_idx=0
正在初始化共享内存.
正在初始化信道.
one read channel used.
one write channel used.
BusManager 初始化成功！
RelationServer Start
bus_mgr init.
channel_count=64
singal_channel_size=10240
queue_count=4
read_channel_idx=1
write_channel_idx=0
正在初始化共享内存.
正在初始化信道.
one read channel used.
one write channel used.
BusManager 初始化成功！
RelationServer Start
bus_mgr init.
channel_count=64
singal_channel_size=10240
queue_count=4
read_channel_idx=1
write_channel_idx=0
正在初始化共享内存.
正在初始化信道.
one read channel used.
one write channel used.
BusManager 初始化成功！
RelationServer Start
bus_mgr init.
channel_count=64
singal_channel_size=10240
queue_count=4
read_channel_idx=1
write_channel_idx=0
正在初始化共享内存.
正在初始化信道.
one read channel used.
one write channel used.
BusManager 初始化成功！
RelationServer Start
bus_mgr init.
channel_count=64
singal_channel_size=10240
queue_count=4
read_channel_idx=1
write_channel_idx=0
正在初始化共享内存.
正在初始化信道.
one read channel used.
one write channel used.
BusManager 初始化成功！
RelationServer Start
bus_mgr init.
channel_count=64
singal_channel_size=10240
queue_count=4
read_channel_idx=1
write_channel_idx=0
正在初始化共享内存.
正在初始化信道.
one read channel used.
one write channel used.
BusManager 初始化成功！
RelationServer Start
bus_mgr init.
channel_count=64
singal_channel_size=10240
queue_count=4
read_channel_idx=1
write_channel_idx=0
正在初始化共享内存.
正在初始化信道.
one read channel used.
one write channel used.
BusManager 初始化成功！
RelationServer Start
bus_mgr init.
channel_count=64
singal_channel_size=10240
queue_count=4
read_channel_idx=1
write_channel_idx=0
正在初始化共享内存.
正在初始化信道.
one read channel used.
one write channel used.
BusManager 初始化成功！
RelationServer Start
bus_mgr init.
channel_count=64
singal_channel_size=10240
queue_count=4
read_channel_idx=1
write_channel_idx=0
正在初始化共享内存.
正在初始化信道.
one read channel used.
one write channel used.
BusManager 初始化成功！
RelationServer Start
bus_mgr init.
channel_count=64
singal_channel_size=10240
queue_count=4
read_channel_idx=1
write_channel_idx=0
正在初始化共享内存.
正在初始化信道.
one read channel used.
one write channel used.
BusManager 初始化成功！
RelationServer Start
bus_mgr init.
channel_count=64
singal_channel_size=10240
queue_count=4
read_channel_idx=1
write_channel_idx=0
正在初始化共享内存.
正在初始化信道.
one read channel used.
one write channel used.
BusManager 初始化成功！
RelationServer Start
bus_mgr init.
channel_count=64
singal_channel_size=10240
queue_count=4
read_channel_idx=1
write_channel_idx=0
正在初始化共享内存.
正在初始化信道.
one read channel used.
one write channel used.
BusManager 初始化成功！
RelationServer Start
bus_mgr init.
channel_count=64
singal_channel_size=10240
queue_count=4
read_channel_idx=1
write_channel_idx=0
正在初始化共享内存.
正在初始化信道.
one read channel used.
one write channel used.
BusManager 初始化成功！
RelationServer Start
bus_mgr init.
channel_count=64
singal_channel_size=10240
queue_count=4
read_channel_idx=1
write_channel_idx=0
正在初始化共享内存.
正在初始化信道.
one read channel used.
one write channel used.
BusManager 初始化成功！
RelationServer Start
bus_mgr init.
channel_count=64
singal_channel_size=10240
queue_count=4
read_channel_idx=1
write_channel_idx=0
正在初始化共享内存.
正在初始化信道.
one read channel used.
one write channel used.
BusManager 初始化成功！
RelationServer Start
bus_mgr init.
channel_count=64
singal_channel_size=10240
queue_count=4
read_channel_idx=1
write_channel_idx=0
正在初始化共享内存.
正在初始化信道.
one read channel used.
one write channel used.
BusManager 初始化成功！
RelationServer Start
bus_mgr init.
channel_count=64
singal_channel_size=10240
queue_count=4
read_channel_idx=1
write_channel_idx=0
正在初始化共享内存.
正在初始化信道.
one read channel used.
one write channel used.
BusManager 初始化成功！
RelationServer Start
bus_mgr init.
[LogManager.cpp]channel_count=64
[LogManager.cpp]singal_channel_size=10240
[LogManager.cpp]queue_count=4
[LogManager.cpp]channel_count=64
[LogManager.cpp]singal_channel_size=10240
[LogManager.cpp]queue_count=4
[LogManager.cpp]channel_count=64
[LogManager.cpp]singal_channel_size=10240
[LogManager.cpp]queue_count=4
[LogManager.cpp]strt read bus config.
channel_count=64
singal_channel_size=10240
queue_count=4
strt read bus config.
read_channel_idx=1:main_read
write_channel_idx=0:main_write
正在初始化共享内存.
正在初始化信道.
one read channel used.
one write channel used.
BusManager 初始化成功！
RelationServer Start
bus_mgr init.
channel_count=64
singal_channel_size=10240
queue_count=4
strt read bus config.
read_channel_idx=1:main_read
write_channel_idx=0:main_write
正在初始化共享内存.
正在初始化信道.
one read channel used.
one write channel used.
BusManager 初始化成功！
RelationServer Start
bus_mgr init.
channel_count=64
singal_channel_size=10240
queue_count=4
strt read bus config.
read_channel_idx=1:main_read
write_channel_idx=0:main_write
正在初始化共享内存.
正在初始化信道.
one read channel used.
one write channel used.
BusManager 初始化成功！
RelationServer Start
bus_mgr init.
channel_count=64
singal_channel_size=10240
queue_count=4
strt read bus config.
read_channel_idx=1:main_read
write_channel_idx=0:main_write
正在初始化共享内存.
正在初始化信道.
one read channel used.
one write channel used.
BusManager 初始化成功！
RelationServer Start
bus_mgr init.
channel_count=64
singal_channel_size=10240
queue_count=4
strt read bus config.
read_channel_idx=1:main_read
write_channel_idx=0:main_write
正在初始化共享内存.
正在初始化信道.
one read channel used.
one write channel used.
BusManager 初始化成功！
RelationServer Start
bus_mgr init.
channel_count=64
singal_channel_size=10240
queue_count=4
strt read bus config.
read_channel_idx=1:main_read
write_channel_idx=0:main_write
正在初始化共享内存.
正在初始化信道.
one read channel used.
one write channel used.
BusManager 初始化成功！
RelationServer Start
bus_mgr init.
channel_count=64
singal_channel_size=10240
queue_count=4
strt read bus config.
read_channel_idx=1:main_read
write_channel_idx=0:main_write
正在初始化共享内存.
正在初始化信道.
one read channel used.
one write channel used.
BusManager 初始化成功！
RelationServer Start
bus_mgr init.
read_channels_idx=[1]
read_channels_idx=[1]
read_channels_idx=[1]
read_channels_idx=[1]
read_channels_idx=[1]
read_channels_idx=[1]
read_channels_idx=[1]
read_channels_idx=[1]
read_channels_idx=[1]
read_channels_idx=[1]
read_channels_idx=[1]
read_channels_idx=[1]
read_channels_idx=[1]
read_channels_idx=[1]
read_channels_idx=[1]
read_channels_idx=[1]
read_channels_idx=[1]
read_channels_idx=[1]
read_channels_idx=[1]
read_channels_idx=[1]
read_channels_idx=[1]
read_channels_idx=[1]
read_channels_idx=[1]
read_channels_idx=[1]
read_channels_idx=[1]
read_channels_idx=[1]
read_channels_idx=[1]
read_channels_idx=[1]
read_channels_idx=[1]
read_channels_idx=[1]
read_channels_idx=[1]
read_channels_idx=[1]
read_channels_idx=[1]
read_channels_idx=[1]
read_channels_idx=[1]
read_channels_idx=[1]
read_channels_idx=[1]
read_channels_idx=[1]
read_channels_idx=[1]
read_channels_idx=[1]
read_channels_idx=[1]
read_channels_idx=[1]
read_channels_idx=[1]
read_channels_idx=[1]
read_channels_idx=[1]
read_channels_idx=[1]
read_channels_idx=[1]
read_channels_idx=[1]
read_channels_idx=[1]
read_channels_idx=[1]
read_channels_idx=[1]
read_channels_idx=[1]
read_channels_idx=[1]
read_channels_idx=[1]
read_channels_idx=[1]
read_channels_idx=[1]
read_channels_idx=[1]
read_channels_idx=[1]
read_channels_idx=[1]
read_channels_idx=[1]
read_channels_idx=[1]
read_channels_idx=[1]
read_channels_idx=[1]
read_channels_idx=[1]
read_channels_idx=[1]
read_channels_idx=[1]
read_channels_idx=[1]
read_channels_idx=[1]
read_channels_idx=[1]
read_channels_idx=[1]
read_channels_idx=[1]
read_channels_idx=[1]
read_channels_idx=[1]
read_channels_idx=[1]
read_channels_idx=[1]
read_channels_idx=[1]
read_channels_idx=[1]
read_channels_idx=[1]
read_channels_idx=[1]
read_channels_idx=[1]
read_channels_idx=[1]
read_channels_idx=[1]
read_channels_idx=[1]
read_channels_idx=[1]
read_channels_idx=[1]
read_channels_idx=[1]
read_channels_idx=[1]
read_channels_idx=[1]
read_channels_idx=[1]
read_channels_idx=[1]
read_channels_idx=[1]
read_channels_idx=[1]
read_channels_idx=[1]
read_channels_idx=[1]
read_channels_idx=[1]
read_channels_idx=[1]
read_channels_idx=[1]
read_channels_idx=[1]
read_channels_idx=[1]
read_channels_idx=[1]
read_channels_idx=[1]
read_channels_idx=[1]
read_channels_idx=[1]
read_channels_idx=[1]
read_channels_idx=[1]
read_channels_idx=[1]
read_channels_idx=[1]
read_channels_idx=[1]
read_channels_idx=[1]
read_channels_idx=[1]
read_channels_idx=[1]
read_channels_idx=[1]
read_channels_idx=[1]
read_channels_idx=[1]
read_channels_idx=[1]
read_channels_idx=[1]
read_channels_idx=[1]
read_channels_idx=[1]
read_channels_idx=[1]
read_channels_idx=[1]
read_channels_idx=[1]
read_channels_idx=[1]
read_channels_idx=[1]
read_channels_idx=[1]
read_channels_idx=[1]
read_channels_idx=[1]
read_channels_idx=[1]
read_channels_idx=[1]
read_channels_idx=[1]
read_channels_idx=[1]
read_channels_idx=[1]
read_channels_idx=[1]
read_channels_idx=[1]
read_channels_idx=[1]
read_channels_idx=[1]
read_channels_idx=[1]
read_channels_idx=[1]
read_channels_idx=[1]
read_channels_idx=[1]
read_channels_idx=[1]
read_channels_idx=[1]
read_channels_idx=[1]
read_channels_idx=[1]
read_channels_idx=[1]
read_channels_idx=[1]
read_channels_idx=[1]
read_channels_idx=[1]
read_channels_idx=[1]
read_channels_idx=[1]
read_channels_idx=[1]
read_channels_idx=[1]
read_channels_idx=[1]
read_channels_idx=[1]
read_channels_idx=[1]
read_channels_idx=[1]
read_channels_idx=[1]
read_channels_idx=[1]
read_channels_idx=[1]
read_channels_idx=[1]
read_channels_idx=[1]
read_channels_idx=[1]
read_channels_idx=[1]
read_channels_idx=[1]
read_channels_idx=[1]
read_channels_idx=[1]
read_channels_idx=[1]
read_channels_idx=[1]
read_channels_idx=[1]
read_channels_idx=[1]
read_channels_idx=[1]
read_channels_idx=[1]
read_channels_idx=[1]
read_channels_idx=[1]
read_channels_idx=[1]
read_channels_idx=[1]
read_channels_idx=[1]
read_channels_idx=[1]
read_channels_idx=[1]
read_channels_idx=[1]
read_channels_idx=[1]
read_channels_idx=[1]
read_channels_idx=[1]
read_channels_idx=[1]
read_channels_idx=[1]
read_channels_idx=[1]
read_channels_idx=[1]
read_channels_idx=[1]
read_channels_idx=[1]
read_channels_idx=[1]
read_channels_idx=[1]
read_channels_idx=[1]
read_channels_idx=[1]
read_channels_idx=[1]
read_channels_idx=[1]
read_channels_idx=[1]
read_channels_idx=[1]
read_channels_idx=[1]
read_channels_idx=[1]
read_channels_idx=[1]
read_channels_idx=[1]
read_channels_idx=[1]
read_channels_idx=[1]
read_channels_idx=[1]
read_channels_idx=[1]
read_channels_idx=[1]
read_channels_idx=[1]
read_channels_idx=[1]
read_channels_idx=[1]
read_channels_idx=[1]
read_channels_idx=[1]
read_channels_idx=[1]
read_channels_idx=[1]
read_channels_idx=[1]
read_channels_idx=[1]
read_channels_idx=[1]
read_channels_idx=[1]
read_channels_idx=[1]
read_channels_idx=[1]
read_channels_idx=[1]
read_channels_idx=[1]
read_channels_idx=[1]
read_channels_idx=[1]
read_channels_idx=[1]
read_channels_idx=[1]
read_channels_idx=[1]
read_channels_idx=[1]
read_channels_idx=[1]
read_channels_idx=[1]
read_channels_idx=[1]
read_channels_idx=[1]
read_channels_idx=[1]
read_channels_idx=[1]
read_channels_idx=[1]
read_channels_idx=[1]
read_channels_idx=[1]
read_channels_idx=[1]
read_channels_idx=[1]
read_channels_idx=[1]
read_channels_idx=[1]
read_channels_idx=[1]
read_channels_idx=[1]
read_channels_idx=[1]
read_channels_idx=[1]
read_channels_idx=[1]
read_channels_idx=[1]
read_channels_idx=[1]
read_channels_idx=[1]
read_channels_idx=[1]
read_channels_idx=[1]
read_channels_idx=[1]
read_channels_idx=[1]
read_channels_idx=[1]
read_channels_idx=[1]
read_channels_idx=[1]
read_channels_idx=[1]
read_channels_idx=[1]
read_channels_idx=[1]
read_channels_idx=[1]
read_channels_idx=[1]
read_channels_idx=[1]
read_channels_idx=[1]
read_channels_idx=[1]
read_channels_idx=[1]
read_channels_idx=[1]
read_channels_idx=[1]
read_channels_idx=[1]
read_channels_idx=[1]
read_channels_idx=[1]
read_channels_idx=[1]
read_channels_idx=[1]
read_channels_idx=[1]
read_channels_idx=[1]
read_channels_idx=[1]
read_channels_idx=[1]
read_channels_idx=[1]
read_channels_idx=[1]
read_channels_idx=[1]
read_channels_idx=[1]
read_channels_idx=[1]
read_channels_idx=[1]
read_channels_idx=[1]
read_channels_idx=[1]
read_channels_idx=[1]
read_channels_idx=[1]
read_channels_idx=[1]
read_channels_idx=[1]
read_channels_idx=[1]
read_channels_idx=[1]
read_channels_idx=[1]
read_channels_idx=[1]
read_channels_idx=[1]
read_channels_idx=[1]
read_channels_idx=[1]
read_channels_idx=[1]
read_channels_idx=[1]
read_channels_idx=[1]
read_channels_idx=[1]
read_channels_idx=[1]
read_channels_idx=[1]
read_channels_idx=[1]
read_channels_idx=[1]
read_channels_idx=[1]
read_channels_idx=[1]
read_channels_idx=[1]
read_channels_idx=[1]
read_channels_idx=[1]
read_channels_idx=[1]
read_channels_idx=[1]
read_channels_idx=[1]
read_channels_idx=[1]
read_channels_idx=[1]
read_channels_idx=[1]
read_channels_idx=[1]
read_channels_idx=[1]
read_channels_idx=[1]
read_channels_idx=[1]
read_channels_idx=[1]
read_channels_idx=[1]
read_channels_idx=[1]
read_channels_idx=[1]
read_channels_idx=[1]
read_channels_idx=[1]
read_channels_idx=[1]
read_channels_idx=[1]
read_channels_idx=[1]
read_channels_idx=[1]
read_channels_idx=[1]
read_channels_idx=[1]
read_channels_idx=[1]
read_channels_idx=[1]
read_channels_idx=[1]
read_channels_idx=[1]
read_channels_idx=[1]
read_channels_idx=[1]
read_channels_idx=[1]
read_channels_idx=[1]
read_channels_idx=[1]
read_channels_idx=[1]
read_channels_idx=[1]
read_channels_idx=[1]
read_channels_idx=[1]
read_channels_idx=[1]
read_channels_idx=[1]
read_channels_idx=[1]
read_channels_idx=[1]
read_channels_idx=[1]
read_channels_idx=[1]
read_channels_idx=[1]
read_channels_idx=[1]
read_channels_idx=[1]
read_channels_idx=[1]
read_channels_idx=[1]
read_channels_idx=[1]
read_channels_idx=[1]
read_channels_idx=[1]
read_channels_idx=[1]
read_channels_idx=[1]
read_channels_idx=[1]
read_channels_idx=[1]
read_channels_idx=[1]
read_channels_idx=[1]
read_channels_idx=[1]
read_channels_idx=[1]
read_channels_idx=[1]
read_channels_idx=[1]
read_channels_idx=[1]
read_channels_idx=[1]
read_channels_idx=[1]
read_channels_idx=[1]
read_channels_idx=[1]
read_channels_idx=[1]
read_channels_idx=[1]
read_channels_idx=[1]
read_channels_idx=[1]
read_channels_idx=[1]
read_channels_idx=[1]
read_channels_idx=[1]
read_channels_idx=[1]
read_channels_idx=[1]
read_channels_idx=[1]
read_channels_idx=[1]
read_channels_idx=[1]
read_channels_idx=[1]
read_channels_idx=[1]
read_channels_idx=[1]
read_channels_idx=[1]
read_channels_idx=[1]
read_channels_idx=[1]
read_channels_idx=[1]
read_channels_idx=[1]
read_channels_idx=[1]
read_channels_idx=[1]
read_channels_idx=[1]
read_channels_idx=[1]
read_channels_idx=[1]
read_channels_idx=[1]
read_channels_idx=[1]
read_channels_idx=[1]
read_channels_idx=[1]
read_channels_idx=[1]
read_channels_idx=[1]
read_channels_idx=[1]
read_channels_idx=[1]
read_channels_idx=[1]
read_channels_idx=[1]
read_channels_idx=[1]
read_channels_idx=[1]
read_channels_idx=[1]
read_channels_idx=[1]
read_channels_idx=[1]
read_channels_idx=[1]
read_channels_idx=[1]
read_channels_idx=[1]
read_channels_idx=[1]
read_channels_idx=[1]
read_channels_idx=[1]
read_channels_idx=[1]
read_channels_idx=[1]
read_channels_idx=[1]
read_channels_idx=[1]
read_channels_idx=[1]
read_channels_idx=[1]
read_channels_idx=[1]
read_channels_idx=[1]
read_channels_idx=[1]
read_channels_idx=[1]
read_channels_idx=[1]
read_channels_idx=[1]
read_channels_idx=[1]
read_channels_idx=[1]
read_channels_idx=[1]
read_channels_idx=[1]
read_channels_idx=[1]
read_channels_idx=[1]
read_channels_idx=[1]
read_channels_idx=[1]
read_channels_idx=[1]
read_channels_idx=[1]
read_channels_idx=[1]
read_channels_idx=[1]
read_channels_idx=[1]
read_channels_idx=[1]
read_channels_idx=[1]
read_channels_idx=[1]
read_channels_idx=[1]
read_channels_idx=[1]
read_channels_idx=[1]
read_channels_idx=[1]
read_channels_idx=[1]
read_channels_idx=[1]
read_channels_idx=[1]
read_channels_idx=[1]
read_channels_idx=[1]
read_channels_idx=[1]
read_channels_idx=[1]
read_channels_idx=[1]
read_channels_idx=[1]
read_channels_idx=[1]
read_channels_idx=[1]
read_channels_idx=[1]
read_channels_idx=[1]
read_channels_idx=[1]
read_channels_idx=[1]
read_channels_idx=[1]
read_channels_idx=[1]
read_channels_idx=[1]
read_channels_idx=[1]
read_channels_idx=[1]
read_channels_idx=[1]
read_channels_idx=[1]
read_channels_idx=[1]
read_channels_idx=[1]
read_channels_idx=[1]
read_channels_idx=[1]
read_channels_idx=[1]
read_channels_idx=[1]
read_channels_idx=[1]
read_channels_idx=[1]
read_channels_idx=[1]
read_channels_idx=[1]
read_channels_idx=[1]
read_channels_idx=[1]
read_channels_idx=[1]
read_channels_idx=[1]
read_channels_idx=[1]
read_channels_idx=[1]
read_channels_idx=[1]
read_channels_idx=[1]
read_channels_idx=[1]
read_channels_idx=[1]
read_channels_idx=[1]
read_channels_idx=[1]
read_channels_idx=[1]
read_channels_idx=[1]
read_channels_idx=[1]
read_channels_idx=[1]
read_channels_idx=[1]
read_channels_idx=[1]
read_channels_idx=[1]
read_channels_idx=[1]
read_channels_idx=[1]
read_channels_idx=[1]
read_channels_idx=[1]
read_channels_idx=[1]
read_channels_idx=[1]
read_channels_idx=[1]
read_channels_idx=[1]
read_channels_idx=[1]
read_channels_idx=[1]
read_channels_idx=[1]
read_channels_idx=[1]
read_channels_idx=[1]
read_channels_idx=[1]
read_channels_idx=[1]
read_channels_idx=[1]
read_channels_idx=[1]
read_channels_idx=[1]
read_channels_idx=[1]
read_channels_idx=[1]
read_channels_idx=[1]
read_channels_idx=[1]
read_channels_idx=[1]
read_channels_idx=[1]
read_channels_idx=[1]
read_channels_idx=[1]
read_channels_idx=[1]
read_channels_idx=[1]
read_channels_idx=[1]
read_channels_idx=[1]
read_channels_idx=[1]
read_channels_idx=[1]
read_channels_idx=[1]
read_channels_idx=[1]
read_channels_idx=[1]
read_channels_idx=[1]
read_channels_idx=[1]
read_channels_idx=[1]
read_channels_idx=[1]
read_channels_idx=[1]
read_channels_idx=[1]
read_channels_idx=[1]
read_channels_idx=[1]
read_channels_idx=[1]
read_channels_idx=[1]
read_channels_idx=[1]
read_channels_idx=[1]
read_channels_idx=[1]
read_channels_idx=[1]
read_channels_idx=[1]
read_channels_idx=[1]
read_channels_idx=[1]
read_channels_idx=[1]
read_channels_idx=[1]
read_channels_idx=[1]
read_channels_idx=[1]
read_channels_idx=[1]
read_channels_idx=[1]
read_channels_idx=[1]
read_channels_idx=[1]
read_channels_idx=[1]
read_channels_idx=[1]
read_channels_idx=[1]
read_channels_idx=[1]
read_channels_idx=[1]
read_channels_idx=[1]
read_channels_idx=[1]
read_channels_idx=[1]
read_channels_idx=[1]
read_channels_idx=[1]
read_channels_idx=[1]
read_channels_idx=[1]
read_channels_idx=[1]
read_channels_idx=[1]
read_channels_idx=[1]
read_channels_idx=[1]
read_channels_idx=[1]
read_channels_idx=[1]
read_channels_idx=[1]
read_channels_idx=[1]
read_channels_idx=[1]
read_channels_idx=[1]
read_channels_idx=[1]
read_channels_idx=[1]
read_channels_idx=[1]
read_channels_idx=[1]
read_channels_idx=[1]
read_channels_idx=[1]
read_channels_idx=[1]
read_channels_idx=[1]
read_channels_idx=[1]
read_channels_idx=[1]
read_channels_idx=[1]
read_channels_idx=[1]
read_channels_idx=[1]
read_channels_idx=[1]
read_channels_idx=[1]
read_channels_idx=[1]
read_channels_idx=[1]
read_channels_idx=[1]
read_channels_idx=[1]
read_channels_idx=[1]
read_channels_idx=[1]
read_channels_idx=[1]
read_channels_idx=[1]
read_channels_idx=[1]
read_channels_idx=[1]
read_channels_idx=[1]
read_channels_idx=[1]
read_channels_idx=[1]
read_channels_idx=[1]
read_channels_idx=[1]
read_channels_idx=[1]
read_channels_idx=[1]
read_channels_idx=[1]
read_channels_idx=[1]
read_channels_idx=[1]
read_channels_idx=[1]
read_channels_idx=[1]
read_channels_idx=[1]
read_channels_idx=[1]
read_channels_idx=[1]
read_channels_idx=[1]
read_channels_idx=[1]
read_channels_idx=[1]
read_channels_idx=[1]
read_channels_idx=[1]
read_channels_idx=[1]
read_channels_idx=[1]
read_channels_idx=[1]
read_channels_idx=[1]
read_channels_idx=[1]
read_channels_idx=[1]
read_channels_idx=[1]
read_channels_idx=[1]
read_channels_idx=[1]
read_channels_idx=[1]
read_channels_idx=[1]
read_channels_idx=[1]
read_channels_idx=[1]
read_channels_idx=[1]
read_channels_idx=[1]
read_channels_idx=[1]
read_channels_idx=[1]
read_channels_idx=[1]
read_channels_idx=[1]
read_channels_idx=[1]
read_channels_idx=[1]
read_channels_idx=[1]
read_channels_idx=[1]
read_channels_idx=[1]
read_channels_idx=[1]
read_channels_idx=[1]
read_channels_idx=[1]
read_channels_idx=[1]
read_channels_idx=[1]
read_channels_idx=[1]
read_channels_idx=[1]
read_channels_idx=[1]
read_channels_idx=[1]
read_channels_idx=[1]
read_channels_idx=[1]
read_channels_idx=[1]
read_channels_idx=[1]
read_channels_idx=[1]
read_channels_idx=[1]
read_channels_idx=[1]
read_channels_idx=[1]
read_channels_idx=[1]
read_channels_idx=[1]
read_channels_idx=[1]
read_channels_idx=[1]
read_channels_idx=[1]
read_channels_idx=[1]
read_channels_idx=[1]
read_channels_idx=[1]
read_channels_idx=[1]
read_channels_idx=[1]
read_channels_idx=[1]
read_channels_idx=[1]
read_channels_idx=[1]
read_channels_idx=[1]
read_channels_idx=[1]
read_channels_idx=[1]
read_channels_idx=[1]
read_channels_idx=[1]
read_channels_idx=[1]
read_channels_idx=[1]
read_channels_idx=[1]
read_channels_idx=[1]
read_channels_idx=[1]
read_channels_idx=[1]
read_channels_idx=[1]
read_channels_idx=[1]
read_channels_idx=[1]
read_channels_idx=[1]
read_channels_idx=[1]
read_channels_idx=[1]
read_channels_idx=[1]
read_channels_idx=[1]
read_channels_idx=[1]
read_channels_idx=[1]
read_channels_idx=[1]
read_channels_idx=[1]
read_channels_idx=[1]
read_channels_idx=[1]
read_channels_idx=[1]
read_channels_idx=[1]
read_channels_idx=[1]
read_channels_idx=[1]
read_channels_idx=[1]
read_channels_idx=[1]
read_channels_idx=[1]
read_channels_idx=[1]
read_channels_idx=[1]
read_channels_idx=[1]
read_channels_idx=[1]
read_channels_idx=[1]
read_channels_idx=[1]
read_channels_idx=[1]
read_channels_idx=[1]
read_channels_idx=[1]
read_channels_idx=[1]
read_channels_idx=[1]
read_channels_idx=[1]
read_channels_idx=[1]
read_channels_idx=[1]
read_channels_idx=[1]
read_channels_idx=[1]
read_channels_idx=[1]
read_channels_idx=[1]
read_channels_idx=[1]
read_channels_idx=[1]
read_channels_idx=[1]
read_channels_idx=[1]
read_channels_idx=[1]
read_channels_idx=[1]
read_channels_idx=[1]
read_channels_idx=[1]
read_channels_idx=[1]
read_channels_idx=[1]
read_channels_idx=[1]
read_channels_idx=[1]
read_channels_idx=[1]
read_channels_idx=[1]
read_channels_idx=[1]
read_channels_idx=[1]
read_channels_idx=[1]
read_channels_idx=[1]
read_channels_idx=[1]
read_channels_idx=[1]
read_channels_idx=[1]
read_channels_idx=[1]
read_channels_idx=[1]
read_channels_idx=[1]
read_channels_idx=[1]
read_channels_idx=[1]
read_channels_idx=[1]
read_channels_idx=[1]
read_channels_idx=[1]
read_channels_idx=[1]
read_channels_idx=[1]
read_channels_idx=[1]
read_channels_idx=[1]
read_channels_idx=[1]
read_channels_idx=[1]
read_channels_idx=[1]
read_channels_idx=[1]
read_channels_idx=[1]
read_channels_idx=[1]
read_channels_idx=[1]
read_channels_idx=[1]
read_channels_idx=[1]
read_channels_idx=[1]
read_channels_idx=[1]
read_channels_idx=[1]
read_channels_idx=[1]
read_channels_idx=[1]
read_channels_idx=[1]
read_channels_idx=[1]
read_channels_idx=[1]
read_channels_idx=[1]
read_channels_idx=[1]
read_channels_idx=[1]
read_channels_idx=[1]
read_channels_idx=[1]
read_channels_idx=[1]
read_channels_idx=[1]
read_channels_idx=[1]
read_channels_idx=[1]
read_channels_idx=[1]
read_channels_idx=[1]
read_channels_idx=[1]
read_channels_idx=[1]
read_channels_idx=[1]
read_channels_idx=[1]
read_channels_idx=[1]
read_channels_idx=[1]
read_channels_idx=[1]
read_channels_idx=[1]
read_channels_idx=[1]
read_channels_idx=[1]
read_channels_idx=[1]
read_channels_idx=[1]
read_channels_idx=[1]
read_channels_idx=[1]
read_channels_idx=[1]
read_channels_idx=[1]
read_channels_idx=[1]
read_channels_idx=[1]
read_channels_idx=[1]
read_channels_idx=[1]
read_channels_idx=[1]
read_channels_idx=[1]
read_channels_idx=[1]
read_channels_idx=[1]
read_channels_idx=[1]
read_channels_idx=[1]
read_channels_idx=[1]
read_channels_idx=[1]
read_channels_idx=[1]
read_channels_idx=[1]
read_channels_idx=[1]
read_channels_idx=[1]
read_channels_idx=[1]
read_channels_idx=[1]
read_channels_idx=[1]
read_channels_idx=[1]
read_channels_idx=[1]
read_channels_idx=[1]
read_channels_idx=[1]
read_channels_idx=[1]
read_channels_idx=[1]
read_channels_idx=[1]
read_channels_idx=[1]
read_channels_idx=[1]
read_channels_idx=[1]
read_channels_idx=[1]
read_channels_idx=[1]
read_channels_idx=[1]
read_channels_idx=[1]
read_channels_idx=[1]
read_channels_idx=[1]
read_channels_idx=[1]
read_channels_idx=[1]
read_channels_idx=[1]
read_channels_idx=[1]
read_channels_idx=[1]
read_channels_idx=[1]
read_channels_idx=[1]
read_channels_idx=[1]
read_channels_idx=[1]
read_channels_idx=[1]
read_channels_idx=[1]
read_channels_idx=[1]
read_channels_idx=[1]
read_channels_idx=[1]
read_channels_idx=[1]
read_channels_idx=[1]
read_channels_idx=[1]
read_channels_idx=[1]
read_channels_idx=[1]
read_channels_idx=[1]
read_channels_idx=[1]
read_channels_idx=[1]
read_channels_idx=[1]
read_channels_idx=[1]
read_channels_idx=[1]
read_channels_idx=[1]
read_channels_idx=[1]
read_channels_idx=[1]
read_channels_idx=[1]
read_channels_idx=[1]
read_channels_idx=[1]
read_channels_idx=[1]
read_channels_idx=[1]
read_channels_idx=[1]
read_channels_idx=[1]
read_channels_idx=[1]
read_channels_idx=[1]
read_channels_idx=[1]
read_channels_idx=[1]
read_channels_idx=[1]
read_channels_idx=[1]
read_channels_idx=[1]
read_channels_idx=[1]
read_channels_idx=[1]
read_channels_idx=[1]
read_channels_idx=[1]
read_channels_idx=[1]
read_channels_idx=[1]
read_channels_idx=[1]
read_channels_idx=[1]
read_channels_idx=[1]
read_channels_idx=[1]
read_channels_idx=[1]
read_channels_idx=[1]
read_channels_idx=[1]
read_channels_idx=[1]
read_channels_idx=[1]
read_channels_idx=[1]
read_channels_idx=[1]
read_channels_idx=[1]
read_channels_idx=[1]
read_channels_idx=[1]
read_channels_idx=[1]
read_channels_idx=[1]
read_channels_idx=[1]
read_channels_idx=[1]
read_channels_idx=[1]
read_channels_idx=[1]
read_channels_idx=[1]
read_channels_idx=[1]
read_channels_idx=[1]
read_channels_idx=[1]
read_channels_idx=[1]
read_channels_idx=[1]
read_channels_idx=[1]
read_channels_idx=[1]
read_channels_idx=[1]
read_channels_idx=[1]
read_channels_idx=[1]
read_channels_idx=[1]
read_channels_idx=[1]
read_channels_idx=[1]
read_channels_idx=[1]
read_channels_idx=[1]
read_channels_idx=[1]
read_channels_idx=[1]
read_channels_idx=[1]
read_channels_idx=[1]
read_channels_idx=[1]
read_channels_idx=[1]
read_channels_idx=[1]
read_channels_idx=[1]
read_channels_idx=[1]
read_channels_idx=[1]
read_channels_idx=[1]
read_channels_idx=[1]
read_channels_idx=[1]
read_channels_idx=[1]
read_channels_idx=[1]
read_channels_idx=[1]
read_channels_idx=[1]
read_channels_idx=[1]
read_channels_idx=[1]
read_channels_idx=[1]
read_channels_idx=[1]
read_channels_idx=[1]
read_channels_idx=[1]
read_channels_idx=[1]
read_channels_idx=[1]
read_channels_idx=[1]
read_channels_idx=[1]
read_channels_idx=[1]
read_channels_idx=[1]
read_channels_idx=[1]
read_channels_idx=[1]
read_channels_idx=[1]
read_channels_idx=[1]
read_channels_idx=[1]
read_channels_idx=[1]
read_channels_idx=[1]
read_channels_idx=[1]
read_channels_idx=[1]
read_channels_idx=[1]
read_channels_idx=[1]
read_channels_idx=[1]
read_channels_idx=[1]
read_channels_idx=[1]
read_channels_idx=[1]
read_channels_idx=[1]
read_channels_idx=[1]
read_channels_idx=[1]
read_channels_idx=[1]
read_channels_idx=[1]
read_channels_idx=[1]
read_channels_idx=[1]
read_channels_idx=[1]
read_channels_idx=[1]
read_channels_idx=[1]
read_channels_idx=[1]
read_channels_idx=[1]
read_channels_idx=[1]
read_channels_idx=[1]
read_channels_idx=[1]
read_channels_idx=[1]
read_channels_idx=[1]
read_channels_idx=[1]
read_channels_idx=[1]
read_channels_idx=[1]
read_channels_idx=[1]
read_channels_idx=[1]
read_channels_idx=[1]
read_channels_idx=[1]
read_channels_idx=[1]
read_channels_idx=[1]
read_channels_idx=[1]
read_channels_idx=[1]
read_channels_idx=[1]
read_channels_idx=[1]
read_channels_idx=[1]
read_channels_idx=[1]
read_channels_idx=[1]
read_channels_idx=[1]
read_channels_idx=[1]
read_channels_idx=[1]
read_channels_idx=[1]
read_channels_idx=[1]
read_channels_idx=[1]
read_channels_idx=[1]
read_channels_idx=[1]
read_channels_idx=[1]
read_channels_idx=[1]
read_channels_idx=[1]
read_channels_idx=[1]
read_channels_idx=[1]
read_channels_idx=[1]
read_channels_idx=[1]
read_channels_idx=[1]
read_channels_idx=[1]
read_channels_idx=[1]
read_channels_idx=[1]
read_channels_idx=[1]
read_channels_idx=[1]
read_channels_idx=[1]
read_channels_idx=[1]
read_channels_idx=[1]
read_channels_idx=[1]
read_channels_idx=[1]
read_channels_idx=[1]
read_channels_idx=[1]
read_channels_idx=[1]
read_channels_idx=[1]
read_channels_idx=[1]
read_channels_idx=[1]
read_channels_idx=[1]
read_channels_idx=[1]
read_channels_idx=[1]
read_channels_idx=[1]
read_channels_idx=[1]
read_channels_idx=[1]
read_channels_idx=[1]
read_channels_idx=[1]
read_channels_idx=[1]
read_channels_idx=[1]
read_channels_idx=[1]
read_channels_idx=[1]
read_channels_idx=[1]
read_channels_idx=[1]
read_channels_idx=[1]
read_channels_idx=[1]
read_channels_idx=[1]
read_channels_idx=[1]
read_channels_idx=[1]
read_channels_idx=[1]
read_channels_idx=[1]
read_channels_idx=[1]
read_channels_idx=[1]
read_channels_idx=[1]
read_channels_idx=[1]
read_channels_idx=[1]
read_channels_idx=[1]
read_channels_idx=[1]
read_channels_idx=[1]
read_channels_idx=[1]
read_channels_idx=[1]
read_channels_idx=[1]
read_channels_idx=[1]
read_channels_idx=[1]
read_channels_idx=[1]
read_channels_idx=[1]
read_channels_idx=[1]
read_channels_idx=[1]
read_channels_idx=[1]
read_channels_idx=[1]
read_channels_idx=[1]
read_channels_idx=[1]
read_channels_idx=[1]
read_channels_idx=[1]
read_channels_idx=[1]
read_channels_idx=[1]
read_channels_idx=[1]
read_channels_idx=[1]
read_channels_idx=[1]
read_channels_idx=[1]
read_channels_idx=[1]
read_channels_idx=[1]
read_channels_idx=[1]
read_channels_idx=[1]
read_channels_idx=[1]
read_channels_idx=[1]
read_channels_idx=[1]
read_channels_idx=[1]
read_channels_idx=[1]
read_channels_idx=[1]
read_channels_idx=[1]
read_channels_idx=[1]
read_channels_idx=[1]
read_channels_idx=[1]
read_channels_idx=[1]
read_channels_idx=[1]
read_channels_idx=[1]
read_channels_idx=[1]
read_channels_idx=[1]
read_channels_idx=[1]
read_channels_idx=[1]
read_channels_idx=[1]
read_channels_idx=[1]
read_channels_idx=[1]
read_channels_idx=[1]
read_channels_idx=[1]
read_channels_idx=[1]
read_channels_idx=[1]
read_channels_idx=[1]
read_channels_idx=[1]
read_channels_idx=[1]
read_channels_idx=[1]
read_channels_idx=[1]
read_channels_idx=[1]
read_channels_idx=[1]
read_channels_idx=[1]
read_channels_idx=[1]
read_channels_idx=[1]
read_channels_idx=[1]
read_channels_idx=[1]
read_channels_idx=[1]
read_channels_idx=[1]
read_channels_idx=[1]
read_channels_idx=[1]
read_channels_idx=[1]
read_channels_idx=[1]
read_channels_idx=[1]
read_channels_idx=[1]
read_channels_idx=[1]
read_channels_idx=[1]
read_channels_idx=[1]
read_channels_idx=[1]
read_channels_idx=[1]
read_channels_idx=[1]
read_channels_idx=[1]
read_channels_idx=[1]
read_channels_idx=[1]
read_channels_idx=[1]
read_channels_idx=[1]
read_channels_idx=[1]
read_channels_idx=[1]
read_channels_idx=[1]
read_channels_idx=[1]
read_channels_idx=[1]
read_channels_idx=[1]
read_channels_idx=[1]
read_channels_idx=[1]
read_channels_idx=[1]
read_channels_idx=[1]
read_channels_idx=[1]
read_channels_idx=[1]
read_channels_idx=[1]
read_channels_idx=[1]
read_channels_idx=[1]
read_channels_idx=[1]
read_channels_idx=[1]
read_channels_idx=[1]
read_channels_idx=[1]
read_channels_idx=[1]
read_channels_idx=[1]
read_channels_idx=[1]
read_channels_idx=[1]
read_channels_idx=[1]
read_channels_idx=[1]
read_channels_idx=[1]
read_channels_idx=[1]
read_channels_idx=[1]
read_channels_idx=[1]
read_channels_idx=[1]
read_channels_idx=[1]
read_channels_idx=[1]
read_channels_idx=[1]
read_channels_idx=[1]
read_channels_idx=[1]
read_channels_idx=[1]
read_channels_idx=[1]
read_channels_idx=[1]
read_channels_idx=[1]
read_channels_idx=[1]
read_channels_idx=[1]
read_channels_idx=[1]
read_channels_idx=[1]
read_channels_idx=[1]
read_channels_idx=[1]
read_channels_idx=[1]
read_channels_idx=[1]
read_channels_idx=[1]
read_channels_idx=[1]
read_channels_idx=[1]
read_channels_idx=[1]
read_channels_idx=[1]
read_channels_idx=[1]
read_channels_idx=[1]
read_channels_idx=[1]
read_channels_idx=[1]
read_channels_idx=[1]
read_channels_idx=[1]
read_channels_idx=[1]
read_channels_idx=[1]
read_channels_idx=[1]
read_channels_idx=[1]
read_channels_idx=[1]
read_channels_idx=[1]
read_channels_idx=[1]
read_channels_idx=[1]
read_channels_idx=[1]
read_channels_idx=[1]
read_channels_idx=[1]
read_channels_idx=[1]
read_channels_idx=[1]
read_channels_idx=[1]
read_channels_idx=[1]
read_channels_idx=[1]
read_channels_idx=[1]
read_channels_idx=[1]
read_channels_idx=[1]
read_channels_idx=[1]
read_channels_idx=[1]
read_channels_idx=[1]
read_channels_idx=[1]
read_channels_idx=[1]
read_channels_idx=[1]
read_channels_idx=[1]
read_channels_idx=[1]
read_channels_idx=[1]
read_channels_idx=[1]
read_channels_idx=[1]
read_channels_idx=[1]
read_channels_idx=[1]
read_channels_idx=[1]
read_channels_idx=[1]
read_channels_idx=[1]
read_channels_idx=[1]
read_channels_idx=[1]
read_channels_idx=[1]
read_channels_idx=[1]
read_channels_idx=[1]
read_channels_idx=[1]
read_channels_idx=[1]
read_channels_idx=[1]
read_channels_idx=[1]
read_channels_idx=[1]
read_channels_idx=[1]
read_channels_idx=[1]
read_channels_idx=[1]
read_channels_idx=[1]
read_channels_idx=[1]
read_channels_idx=[1]
read_channels_idx=[1]
read_channels_idx=[1]
read_channels_idx=[1]
read_channels_idx=[1]
read_channels_idx=[1]
read_channels_idx=[1]
read_channels_idx=[1]
read_channels_idx=[1]
read_channels_idx=[1]
read_channels_idx=[1]
read_channels_idx=[1]
read_channels_idx=[1]
read_channels_idx=[1]
read_channels_idx=[1]
read_channels_idx=[1]
read_channels_idx=[1]
channel_count=64
singal_channel_size=10240
queue_count=4
strt read bus config.
read_channel_idx=1:main_read
write_channel_idx=0:main_write
正在初始化共享内存.
正在初始化信道.
one read channel used.
one write channel used.
BusManager 初始化成功！
RelationServer Start
bus_mgr init.
channel_count=64
singal_channel_size=10240
queue_count=4
strt read bus config.
read_channel_idx=1:main_read
write_channel_idx=0:main_write
正在初始化共享内存.
正在初始化信道.
one read channel used.
one write channel used.
BusManager 初始化成功！
RelationServer Start
bus_mgr init.
channel_count=64
singal_channel_size=10240
queue_count=4
strt read bus config.
read_channel_idx=1:main_read
write_channel_idx=0:main_write
正在初始化共享内存.
正在初始化信道.
one read channel used.
one write channel used.
BusManager 初始化成功！
RelationServer Start
bus_mgr init.
channel_count=64
singal_channel_size=10240
queue_count=4
strt read bus config.
read_channel_idx=1:main_read
write_channel_idx=0:main_write
正在初始化共享内存.
正在初始化信道.
one read channel used.
one write channel used.
BusManager 初始化成功！
RelationServer Start
bus_mgr init.
channel_count=64
singal_channel_size=10240
queue_count=4
strt read bus config.
read_channel_idx=1:main_read
write_channel_idx=0:main_write
正在初始化共享内存.
正在初始化信道.
one read channel used.
one write channel used.
BusManager 初始化成功！
RelationServer Start
bus_mgr init.
channel_count=64
singal_channel_size=10240
queue_count=4
strt read bus config.
read_channel_idx=1:main_read
write_channel_idx=0:main_write
正在初始化共享内存.
正在初始化信道.
one read channel used.
one write channel used.
BusManager 初始化成功！
RelationServer Start
bus_mgr init.
channel_count=64
singal_channel_size=10240
queue_count=4
strt read bus config.
read_channel_idx=1:main_read
write_channel_idx=0:main_write
正在初始化共享内存.
正在初始化信道.
one read channel used.
one write channel used.
BusManager 初始化成功！
RelationServer Start
bus_mgr init.
channel_count=64
singal_channel_size=10240
queue_count=4
strt read bus config.
read_channel_idx=1:main_read
write_channel_idx=0:main_write
正在初始化共享内存.
正在初始化信道.
one read channel used.
one write channel used.
BusManager 初始化成功！
RelationServer Start
bus_mgr init.
channel_count=64
singal_channel_size=10240
queue_count=4
strt read bus config.
read_channel_idx=1:main_read
write_channel_idx=0:main_write
正在初始化共享内存.
正在初始化信道.
one read channel used.
one write channel used.
BusManager 初始化成功！
RelationServer Start
bus_mgr init.
channel_count=64
singal_channel_size=10240
queue_count=4
strt read bus config.
read_channel_idx=1:main_read
write_channel_idx=0:main_write
正在初始化共享内存.
正在初始化信道.
one read channel used.
one write channel used.
BusManager 初始化成功！
RelationServer Start
bus_mgr init.
channel_count=64
singal_channel_size=10240
queue_count=4
strt read bus config.
read_channel_idx=1:main_read
write_channel_idx=0:main_write
正在初始化共享内存.
正在初始化信道.
one read channel used.
one write channel used.
BusManager 初始化成功！
RelationServer Start
bus_mgr init.
channel_count=64
singal_channel_size=10240
queue_count=4
strt read bus config.
read_channel_idx=1:main_read
write_channel_idx=0:main_write
正在初始化共享内存.
正在初始化信道.
one read channel used.
one write channel used.
BusManager 初始化成功！
RelationServer Start
bus_mgr init.
channel_count=64
singal_channel_size=10240
queue_count=4
strt read bus config.
read_channel_idx=1:main_read
write_channel_idx=0:main_write
正在初始化共享内存.
正在初始化信道.
one read channel used.
one write channel used.
BusManager 初始化成功！
RelationServer Start
bus_mgr init.
channel_count=64
singal_channel_size=10240
queue_count=4
strt read bus config.
read_channel_idx=1:main_read
write_channel_idx=0:main_write
正在初始化共享内存.
正在初始化信道.
one read channel used.
one write channel used.
BusManager 初始化成功！
RelationServer Start
bus_mgr init.
channel_count=64
singal_channel_size=10240
queue_count=4
strt read bus config.
read_channel_idx=1:main_read
write_channel_idx=0:main_write
正在初始化共享内存.
正在初始化信道.
one read channel used.
one write channel used.
BusManager 初始化成功！
RelationServer Start
bus_mgr init.
channel_count=64
singal_channel_size=10240
queue_count=4
strt read bus config.
read_channel_idx=1:main_read
write_channel_idx=0:main_write
正在初始化共享内存.
正在初始化信道.
one read channel used.
one write channel used.
BusManager 初始化成功！
RelationServer Start
bus_mgr init.
channel_count=64
singal_channel_size=10240
queue_count=4
strt read bus config.
read_channel_idx=1:main_read
write_channel_idx=0:main_write
正在初始化共享内存.
正在初始化信道.
one read channel used.
one write channel used.
BusManager 初始化成功！
RelationServer Start
bus_mgr init.
channel_count=64
singal_channel_size=10240
queue_count=4
strt read bus config.
read_channel_idx=1:main_read
write_channel_idx=0:main_write
正在初始化共享内存.
正在初始化信道.
one read channel used.
one write channel used.
BusManager 初始化成功！
RelationServer Start
bus_mgr init.
channel_count=64
singal_channel_size=10240
queue_count=4
strt read bus config.
read_channel_idx=1:main_read
write_channel_idx=0:main_write
正在初始化共享内存.
正在初始化信道.
one read channel used.
one write channel used.
BusManager 初始化成功！
RelationServer Start
bus_mgr init.
channel_count=64
singal_channel_size=10240
queue_count=4
strt read bus config.
read_channel_idx=1:main_read
write_channel_idx=0:main_write
正在初始化共享内存.
正在初始化信道.
one read channel used.
one write channel used.
BusManager 初始化成功！
RelationServer Start
bus_mgr init.
channel_count=64
singal_channel_size=10240
queue_count=4
strt read bus config.
read_channel_idx=1:main_read
write_channel_idx=0:main_write
正在初始化共享内存.
正在初始化信道.
one read channel used.
one write channel used.
BusManager 初始化成功！
RelationServer Start
bus_mgr init.
channel_count=64
singal_channel_size=10240
queue_count=4
strt read bus config.
read_channel_idx=1:main_read
write_channel_idx=0:main_write
正在初始化共享内存.
正在初始化信道.
one read channel used.
one write channel used.
BusManager 初始化成功！
RelationServer Start
bus_mgr init.
channel_count=64
singal_channel_size=10240
queue_count=4
strt read bus config.
read_channel_idx=1:main_read
write_channel_idx=0:main_write
正在初始化共享内存.
正在初始化信道.
one read channel used.
one write channel used.
BusManager 初始化成功！
RelationServer Start
bus_mgr init.
channel_count=64
singal_channel_size=10240
queue_count=4
strt read bus config.
read_channel_idx=1:main_read
write_channel_idx=0:main_write
正在初始化共享内存.
正在初始化信道.
one read channel used.
one write channel used.
BusManager 初始化成功！
RelationServer Start
bus_mgr init.
channel_count=64
singal_channel_size=10240
queue_count=4
strt read bus config.
read_channel_idx=1:main_read
write_channel_idx=0:main_write
正在初始化共享内存.
正在初始化信道.
one read channel used.
one write channel used.
BusManager 初始化成功！
RelationServer Start
bus_mgr init.
channel_count=64
singal_channel_size=10240
queue_count=4
strt read bus config.
read_channel_idx=1:main_read
write_channel_idx=0:main_write
正在初始化共享内存.
正在初始化信道.
one read channel used.
one write channel used.
BusManager 初始化成功！
RelationServer Start
bus_mgr init.
channel_count=64
singal_channel_size=10240
queue_count=4
strt read bus config.
read_channel_idx=1:main_read
write_channel_idx=0:main_write
正在初始化共享内存.
正在初始化信道.
one read channel used.
one write channel used.
BusManager 初始化成功！
RelationServer Start
bus_mgr init.
channel_count=64
singal_channel_size=10240
queue_count=4
strt read bus config.
read_channel_idx=1:main_read
write_channel_idx=0:main_write
正在初始化共享内存.
正在初始化信道.
one read channel used.
one write channel used.
BusManager 初始化成功！
RelationServer Start
bus_mgr init.
channel_count=64
singal_channel_size=10240
queue_count=4
strt read bus config.
read_channel_idx=1:main_read
write_channel_idx=0:main_write
正在初始化共享内存.
正在初始化信道.
one read channel used.
one write channel used.
BusManager 初始化成功！
RelationServer Start
bus_mgr init.
