channel_count=64
singal_channel_size=10240
queue_count=4
strt read bus config.
read_channel_idx=6:relaiton_read
write_channel_idx=7:relaiton_write
read_channel_idx=8:message_read
write_channel_idx=9:message_write
read_channel_idx=10:photo_read
write_channel_idx=11:photo_write
正在初始化共享内存.
正在初始化信道.
one read channel used.
one read channel used.
one read channel used.
one write channel used.
one write channel used.
one write channel used.
BusManager 初始化成功！
[LoginHandler]:注册成功！
[RelationHandler]:注册成功！
[MessageHandler]:注册成功！
channel_count=64
singal_channel_size=10240
queue_count=4
strt read bus config.
read_channel_idx=6:relaiton_read
write_channel_idx=7:relaiton_write
read_channel_idx=8:message_read
write_channel_idx=9:message_write
read_channel_idx=10:photo_read
write_channel_idx=11:photo_write
正在初始化共享内存.
正在初始化信道.
one read channel used.
one read channel used.
one read channel used.
one write channel used.
one write channel used.
one write channel used.
BusManager 初始化成功！
[LoginHandler]:注册成功！
[RelationHandler]:注册成功！
[MessageHandler]:注册成功！
channel_count=64
singal_channel_size=10240
queue_count=4
strt read bus config.
read_channel_idx=6:relaiton_read
write_channel_idx=7:relaiton_write
read_channel_idx=8:message_read
write_channel_idx=9:message_write
read_channel_idx=10:photo_read
write_channel_idx=11:photo_write
正在初始化共享内存.
正在初始化信道.
one read channel used.
one read channel used.
one read channel used.
one write channel used.
one write channel used.
one write channel used.
BusManager 初始化成功！
[LoginHandler]:注册成功！
[RelationHandler]:注册成功！
[MessageHandler]:注册成功！
channel_count=64
singal_channel_size=10240
queue_count=4
strt read bus config.
read_channel_idx=6:relaiton_read
write_channel_idx=7:relaiton_write
read_channel_idx=8:message_read
write_channel_idx=9:message_write
read_channel_idx=10:photo_read
write_channel_idx=11:photo_write
正在初始化共享内存.
正在初始化信道.
one read channel used.
one read channel used.
one read channel used.
one write channel used.
one write channel used.
one write channel used.
BusManager 初始化成功！
[LoginHandler]:注册成功！
[RelationHandler]:注册成功！
[MessageHandler]:注册成功！
channel_count=64
singal_channel_size=10240
queue_count=4
strt read bus config.
read_channel_idx=6:relaiton_read
write_channel_idx=7:relaiton_write
read_channel_idx=8:message_read
write_channel_idx=9:message_write
read_channel_idx=10:photo_read
write_channel_idx=11:photo_write
正在初始化共享内存.
正在初始化信道.
one read channel used.
one read channel used.
one read channel used.
one write channel used.
one write channel used.
one write channel used.
BusManager 初始化成功！
[LoginHandler]:注册成功！
[RelationHandler]:注册成功！
[MessageHandler]:注册成功！
