channel_count=64
singal_channel_size=10240
queue_count=4
read_channel_idx=5
write_channel_idx=4
正在初始化共享内存.
正在初始化信道.
one read channel used.
one write channel used.
BusManager 初始化成功！
MessageServer Start
bus_mgr init.
get_recv_buf, buf:[0x7f3d86205149]
get_send_buf:SUCCESS
mess_type : 205
get_send_buf, buf:[0x7f3d861b5109]
[RelaSvr] Rsp response successed.

get_recv_buf, buf:[0x7f3d86207949]
get_send_buf:SUCCESS
mess_type : 205
get_send_buf, buf:[0x7f3d861b7909]
[RelaSvr] Rsp response successed.

get_recv_buf, buf:[0x7f3d8620a149]
get_send_buf:SUCCESS
mess_type : 205
get_send_buf, buf:[0x7f3d861ba109]
[RelaSvr] Rsp response successed.

get_recv_buf, buf:[0x7f3d8620c949]
get_send_buf:SUCCESS
mess_type : 205
get_send_buf, buf:[0x7f3d861bc909]
[RelaSvr] Rsp response successed.

get_recv_buf, buf:[0x7f3d86205149]
get_send_buf:SUCCESS
mess_type : 205
get_send_buf, buf:[0x7f3d861b5109]
[RelaSvr] Rsp response successed.

get_recv_buf, buf:[0x7f3d86207949]
get_send_buf:SUCCESS
mess_type : 205
get_send_buf, buf:[0x7f3d861b7909]
[RelaSvr] Rsp response successed.

channel_count=64
singal_channel_size=10240
queue_count=4
read_channel_idx=5
write_channel_idx=4
正在初始化共享内存.
正在初始化信道.
one read channel used.
one write channel used.
BusManager 初始化成功！
MessageServer Start
bus_mgr init.
get_recv_buf, buf:[0x7f212eaba149]
get_send_buf:SUCCESS
mess_type : 205
get_send_buf, buf:[0x7f212ea6a109]
[RelaSvr] Rsp response successed.

channel_count=64
singal_channel_size=10240
queue_count=4
read_channel_idx=5
write_channel_idx=4
正在初始化共享内存.
正在初始化信道.
one read channel used.
one write channel used.
BusManager 初始化成功！
MessageServer Start
bus_mgr init.
get_recv_buf, buf:[0x7f936adbe949]
get_send_buf:SUCCESS
mess_type : 205
get_send_buf, buf:[0x7f936ad6e909]
[RelaSvr] Rsp response successed.

get_recv_buf, buf:[0x7f936adb7149]
get_send_buf:SUCCESS
mess_type : 205
get_send_buf, buf:[0x7f936ad67109]
[RelaSvr] Rsp response successed.

get_recv_buf, buf:[0x7f936adb9949]
get_send_buf:SUCCESS
mess_type : 205
get_send_buf, buf:[0x7f936ad69909]
[RelaSvr] Rsp response successed.

channel_count=64
singal_channel_size=10240
queue_count=4
read_channel_idx=5
write_channel_idx=4
正在初始化共享内存.
正在初始化信道.
one read channel used.
one write channel used.
BusManager 初始化成功！
MessageServer Start
bus_mgr init.
get_recv_buf, buf:[0x7f3c4f840149]
get_send_buf:SUCCESS
mess_type : 205
get_send_buf, buf:[0x7f3c4f7f0109]
[RelaSvr] Rsp response successed.

channel_count=64
singal_channel_size=10240
queue_count=4
read_channel_idx=5
write_channel_idx=4
正在初始化共享内存.
正在初始化信道.
one read channel used.
one write channel used.
BusManager 初始化成功！
MessageServer Start
bus_mgr init.
get_recv_buf, buf:[0x7fac576d3149]
get_send_buf:SUCCESS
mess_type : 205
get_send_buf, buf:[0x7fac57683109]
[RelaSvr] Rsp response successed.

channel_count=64
singal_channel_size=10240
queue_count=4
read_channel_idx=5
write_channel_idx=4
正在初始化共享内存.
正在初始化信道.
one read channel used.
one write channel used.
BusManager 初始化成功！
MessageServer Start
bus_mgr init.
get_recv_buf, buf:[0x7fa4e0bfd149]
get_send_buf:SUCCESS
mess_type : 205
get_send_buf, buf:[0x7fa4e0bad109]
[RelaSvr] Rsp response successed.

get_recv_buf, buf:[0x7fa4e0bff949]
get_send_buf:SUCCESS
mess_type : 205
get_send_buf, buf:[0x7fa4e0baf909]
[RelaSvr] Rsp response successed.

channel_count=64
singal_channel_size=10240
queue_count=4
read_channel_idx=5
write_channel_idx=4
正在初始化共享内存.
正在初始化信道.
one read channel used.
one write channel used.
BusManager 初始化成功！
MessageServer Start
bus_mgr init.
get_recv_buf, buf:[0x7ff7fa0b9149]
get_send_buf:SUCCESS
mess_type : 205
get_send_buf, buf:[0x7ff7fa069109]
[RelaSvr] Rsp response successed.

get_recv_buf, buf:[0x7ff7fa0bb949]
get_send_buf:SUCCESS
mess_type : 205
get_send_buf, buf:[0x7ff7fa06b909]
[RelaSvr] Rsp response successed.

channel_count=64
singal_channel_size=10240
queue_count=4
read_channel_idx=5
write_channel_idx=4
正在初始化共享内存.
正在初始化信道.
one read channel used.
one write channel used.
BusManager 初始化成功！
MessageServer Start
bus_mgr init.
channel_count=64
singal_channel_size=10240
queue_count=4
read_channel_idx=5
write_channel_idx=4
正在初始化共享内存.
正在初始化信道.
one read channel used.
one write channel used.
BusManager 初始化成功！
MessageServer Start
bus_mgr init.
get_recv_buf, buf:[0x7f2e94b08149]
get_send_buf:SUCCESS
mess_type : 205
get_send_buf, buf:[0x7f2e94ab8109]
[RelaSvr] Rsp response successed.

get_recv_buf, buf:[0x7f2e94b0a949]
get_send_buf:SUCCESS
mess_type : 205
get_send_buf, buf:[0x7f2e94aba909]
[RelaSvr] Rsp response successed.

channel_count=64
singal_channel_size=10240
queue_count=4
read_channel_idx=5
write_channel_idx=4
正在初始化共享内存.
正在初始化信道.
one read channel used.
one write channel used.
BusManager 初始化成功！
MessageServer Start
bus_mgr init.
get_recv_buf, buf:[0x7f5deceb7149]
get_send_buf:SUCCESS
mess_type : 205
get_send_buf, buf:[0x7f5dece67109]
[RelaSvr] Rsp response successed.

channel_count=64
singal_channel_size=10240
queue_count=4
read_channel_idx=5
write_channel_idx=4
正在初始化共享内存.
正在初始化信道.
one read channel used.
one write channel used.
BusManager 初始化成功！
MessageServer Start
bus_mgr init.
get_recv_buf, buf:[0x7ff85192c149]
get_send_buf:SUCCESS
mess_type : 205
get_send_buf, buf:[0x7ff8518dc109]
[RelaSvr] Rsp response successed.

get_recv_buf, buf:[0x7ff85192e949]
get_send_buf:SUCCESS
mess_type : 205
get_send_buf, buf:[0x7ff8518de909]
[RelaSvr] Rsp response successed.

get_recv_buf, buf:[0x7ff851931149]
get_send_buf:SUCCESS
mess_type : 205
get_send_buf, buf:[0x7ff8518e1109]
[RelaSvr] Rsp response successed.

channel_count=64
singal_channel_size=10240
queue_count=4
read_channel_idx=5
write_channel_idx=4
正在初始化共享内存.
正在初始化信道.
one read channel used.
one write channel used.
BusManager 初始化成功！
MessageServer Start
bus_mgr init.
get_recv_buf, buf:[0x7f6ee6bad149]
get_send_buf:SUCCESS
mess_type : 205
get_send_buf, buf:[0x7f6ee6b5d109]
[RelaSvr] Rsp response successed.

channel_count=64
singal_channel_size=10240
queue_count=4
read_channel_idx=5
write_channel_idx=4
正在初始化共享内存.
正在初始化信道.
one read channel used.
one write channel used.
BusManager 初始化成功！
MessageServer Start
bus_mgr init.
get_recv_buf, buf:[0x7f24e3f3d149]
get_send_buf:SUCCESS
mess_type : 205
get_send_buf, buf:[0x7f24e3eed109]
[RelaSvr] Rsp response successed.

get_recv_buf, buf:[0x7f24e3f3f949]
get_send_buf:SUCCESS
mess_type : 205
get_send_buf, buf:[0x7f24e3eef909]
[RelaSvr] Rsp response successed.

get_recv_buf, buf:[0x7f24e3f42149]
get_send_buf:SUCCESS
mess_type : 205
get_send_buf, buf:[0x7f24e3ef2109]
[RelaSvr] Rsp response successed.

get_recv_buf, buf:[0x7f24e3f44949]
get_send_buf:SUCCESS
mess_type : 205
get_send_buf, buf:[0x7f24e3ef4909]
[RelaSvr] Rsp response successed.

get_recv_buf, buf:[0x7f24e3f3d149]
get_send_buf:SUCCESS
mess_type : 205
get_send_buf, buf:[0x7f24e3eed109]
[RelaSvr] Rsp response successed.

get_recv_buf, buf:[0x7f24e3f3f949]
get_send_buf:SUCCESS
mess_type : 205
get_send_buf, buf:[0x7f24e3eef909]
[RelaSvr] Rsp response successed.

get_recv_buf, buf:[0x7f24e3f42149]
get_send_buf:SUCCESS
mess_type : 205
get_send_buf, buf:[0x7f24e3ef2109]
[RelaSvr] Rsp response successed.

get_recv_buf, buf:[0x7f24e3f44949]
get_send_buf:SUCCESS
mess_type : 205
get_send_buf, buf:[0x7f24e3ef4909]
[RelaSvr] Rsp response successed.

channel_count=64
singal_channel_size=10240
queue_count=4
read_channel_idx=5
write_channel_idx=4
正在初始化共享内存.
正在初始化信道.
one read channel used.
one write channel used.
BusManager 初始化成功！
MessageServer Start
bus_mgr init.
get_recv_buf, buf:[0x7f82b1c7d149]
get_send_buf:SUCCESS
mess_type : 205
get_send_buf, buf:[0x7f82b1c2d109]
[RelaSvr] Rsp response successed.

channel_count=64
singal_channel_size=10240
queue_count=4
read_channel_idx=5
write_channel_idx=4
正在初始化共享内存.
正在初始化信道.
one read channel used.
one write channel used.
BusManager 初始化成功！
MessageServer Start
bus_mgr init.
get_recv_buf, buf:[0x7f0a15519149]
get_send_buf:SUCCESS
mess_type : 205
get_send_buf, buf:[0x7f0a154c9109]
[RelaSvr] Rsp response successed.

channel_count=64
singal_channel_size=10240
queue_count=4
read_channel_idx=5
write_channel_idx=4
正在初始化共享内存.
正在初始化信道.
one read channel used.
one write channel used.
BusManager 初始化成功！
MessageServer Start
bus_mgr init.
get_recv_buf, buf:[0x7fe746700149]
get_send_buf:SUCCESS
mess_type : 205
get_send_buf, buf:[0x7fe7466b0109]
[RelaSvr] Rsp response successed.

get_recv_buf, buf:[0x7fe746702949]
get_send_buf:SUCCESS
mess_type : 205
get_send_buf, buf:[0x7fe7466b2909]
[RelaSvr] Rsp response successed.

get_recv_buf, buf:[0x7fe746705149]
get_send_buf:SUCCESS
mess_type : 205
get_send_buf, buf:[0x7fe7466b5109]
[RelaSvr] Rsp response successed.

get_recv_buf, buf:[0x7fe746707949]
get_send_buf:SUCCESS
mess_type : 205
get_send_buf, buf:[0x7fe7466b7909]
[RelaSvr] Rsp response successed.

get_recv_buf, buf:[0x7fe746700149]
get_send_buf:SUCCESS
mess_type : 205
get_send_buf, buf:[0x7fe7466b0109]
[RelaSvr] Rsp response successed.

get_recv_buf, buf:[0x7fe746702949]
get_send_buf:SUCCESS
mess_type : 205
get_send_buf, buf:[0x7fe7466b2909]
[RelaSvr] Rsp response successed.

channel_count=64
singal_channel_size=10240
queue_count=4
read_channel_idx=5
write_channel_idx=4
正在初始化共享内存.
正在初始化信道.
one read channel used.
one write channel used.
BusManager 初始化成功！
MessageServer Start
bus_mgr init.
channel_count=64
singal_channel_size=10240
queue_count=4
read_channel_idx=5
write_channel_idx=4
正在初始化共享内存.
正在初始化信道.
one read channel used.
one write channel used.
BusManager 初始化成功！
MessageServer Start
bus_mgr init.
get_recv_buf, buf:[0x7f03cded9149]
get_send_buf:SUCCESS
mess_type : 205
get_send_buf, buf:[0x7f03cde89109]
[RelaSvr] Rsp response successed.

channel_count=64
singal_channel_size=10240
queue_count=4
read_channel_idx=5
write_channel_idx=4
正在初始化共享内存.
正在初始化信道.
one read channel used.
one write channel used.
BusManager 初始化成功！
MessageServer Start
bus_mgr init.
get_recv_buf, buf:[0x7fe86c8aa949]
get_send_buf:SUCCESS
mess_type : 205
get_send_buf, buf:[0x7fe86c85a909]
[RelaSvr] Rsp response successed.

get_recv_buf, buf:[0x7fe86c8a3149]
get_send_buf:SUCCESS
mess_type : 205
get_send_buf, buf:[0x7fe86c853109]
[RelaSvr] Rsp response successed.

channel_count=64
singal_channel_size=10240
queue_count=4
read_channel_idx=5
write_channel_idx=4
正在初始化共享内存.
正在初始化信道.
one read channel used.
one write channel used.
BusManager 初始化成功！
MessageServer Start
bus_mgr init.
channel_count=64
singal_channel_size=10240
queue_count=4
read_channel_idx=5
write_channel_idx=4
正在初始化共享内存.
正在初始化信道.
one read channel used.
one write channel used.
BusManager 初始化成功！
MessageServer Start
bus_mgr init.
channel_count=64
singal_channel_size=10240
queue_count=4
read_channel_idx=5
write_channel_idx=4
正在初始化共享内存.
正在初始化信道.
one read channel used.
one write channel used.
BusManager 初始化成功！
MessageServer Start
bus_mgr init.
channel_count=64
singal_channel_size=10240
queue_count=4
read_channel_idx=5
write_channel_idx=4
正在初始化共享内存.
正在初始化信道.
one read channel used.
one write channel used.
BusManager 初始化成功！
MessageServer Start
bus_mgr init.
channel_count=64
singal_channel_size=10240
queue_count=4
read_channel_idx=5
write_channel_idx=4
正在初始化共享内存.
正在初始化信道.
one read channel used.
one write channel used.
BusManager 初始化成功！
MessageServer Start
bus_mgr init.
channel_count=64
singal_channel_size=10240
queue_count=4
read_channel_idx=5
write_channel_idx=4
正在初始化共享内存.
正在初始化信道.
one read channel used.
one write channel used.
BusManager 初始化成功！
MessageServer Start
bus_mgr init.
channel_count=64
singal_channel_size=10240
queue_count=4
read_channel_idx=5
write_channel_idx=4
正在初始化共享内存.
正在初始化信道.
one read channel used.
one write channel used.
BusManager 初始化成功！
MessageServer Start
bus_mgr init.
get_recv_buf, buf:[0x7fad6d2e3149]
get_send_buf:SUCCESS
mess_type : 205
get_send_buf, buf:[0x7fad6d293109]
[RelaSvr] Rsp response successed.

channel_count=64
singal_channel_size=10240
queue_count=4
read_channel_idx=5
write_channel_idx=4
正在初始化共享内存.
正在初始化信道.
one read channel used.
one write channel used.
BusManager 初始化成功！
MessageServer Start
bus_mgr init.
channel_count=64
singal_channel_size=10240
queue_count=4
read_channel_idx=5
write_channel_idx=4
正在初始化共享内存.
正在初始化信道.
one read channel used.
one write channel used.
BusManager 初始化成功！
MessageServer Start
bus_mgr init.
channel_count=64
singal_channel_size=10240
queue_count=4
read_channel_idx=5
write_channel_idx=4
正在初始化共享内存.
正在初始化信道.
one read channel used.
one write channel used.
BusManager 初始化成功！
MessageServer Start
bus_mgr init.
channel_count=64
singal_channel_size=10240
queue_count=4
read_channel_idx=5
write_channel_idx=4
正在初始化共享内存.
正在初始化信道.
one read channel used.
one write channel used.
BusManager 初始化成功！
MessageServer Start
bus_mgr init.
channel_count=64
singal_channel_size=10240
queue_count=4
read_channel_idx=5
write_channel_idx=4
正在初始化共享内存.
正在初始化信道.
one read channel used.
one write channel used.
BusManager 初始化成功！
MessageServer Start
bus_mgr init.
channel_count=64
singal_channel_size=10240
queue_count=4
read_channel_idx=5
write_channel_idx=4
正在初始化共享内存.
正在初始化信道.
one read channel used.
one write channel used.
BusManager 初始化成功！
MessageServer Start
bus_mgr init.
channel_count=64
singal_channel_size=10240
queue_count=4
read_channel_idx=5
write_channel_idx=4
正在初始化共享内存.
正在初始化信道.
one read channel used.
one write channel used.
BusManager 初始化成功！
MessageServer Start
bus_mgr init.
channel_count=64
singal_channel_size=10240
queue_count=4
read_channel_idx=5
write_channel_idx=4
正在初始化共享内存.
正在初始化信道.
one read channel used.
one write channel used.
BusManager 初始化成功！
MessageServer Start
bus_mgr init.
channel_count=64
singal_channel_size=10240
queue_count=4
read_channel_idx=5
write_channel_idx=4
正在初始化共享内存.
正在初始化信道.
one read channel used.
one write channel used.
BusManager 初始化成功！
MessageServer Start
bus_mgr init.
channel_count=64
singal_channel_size=10240
queue_count=4
read_channel_idx=5
write_channel_idx=4
正在初始化共享内存.
正在初始化信道.
one read channel used.
one write channel used.
BusManager 初始化成功！
MessageServer Start
bus_mgr init.
channel_count=64
singal_channel_size=10240
queue_count=4
read_channel_idx=5
write_channel_idx=4
正在初始化共享内存.
正在初始化信道.
one read channel used.
one write channel used.
BusManager 初始化成功！
MessageServer Start
bus_mgr init.
channel_count=64
singal_channel_size=10240
queue_count=4
read_channel_idx=5
write_channel_idx=4
正在初始化共享内存.
正在初始化信道.
one read channel used.
one write channel used.
BusManager 初始化成功！
MessageServer Start
bus_mgr init.
channel_count=64
singal_channel_size=10240
queue_count=4
read_channel_idx=5
write_channel_idx=4
正在初始化共享内存.
正在初始化信道.
one read channel used.
one write channel used.
BusManager 初始化成功！
MessageServer Start
bus_mgr init.
channel_count=64
singal_channel_size=10240
queue_count=4
read_channel_idx=5
write_channel_idx=4
正在初始化共享内存.
正在初始化信道.
one read channel used.
one write channel used.
BusManager 初始化成功！
MessageServer Start
bus_mgr init.
channel_count=64
singal_channel_size=10240
queue_count=4
read_channel_idx=5
write_channel_idx=4
正在初始化共享内存.
正在初始化信道.
one read channel used.
one write channel used.
BusManager 初始化成功！
MessageServer Start
bus_mgr init.
channel_count=64
singal_channel_size=10240
queue_count=4
read_channel_idx=5
write_channel_idx=4
正在初始化共享内存.
正在初始化信道.
one read channel used.
one write channel used.
BusManager 初始化成功！
MessageServer Start
bus_mgr init.
channel_count=64
singal_channel_size=10240
queue_count=4
read_channel_idx=5
write_channel_idx=4
正在初始化共享内存.
正在初始化信道.
one read channel used.
one write channel used.
BusManager 初始化成功！
MessageServer Start
bus_mgr init.
channel_count=64
singal_channel_size=10240
queue_count=4
read_channel_idx=5
write_channel_idx=4
正在初始化共享内存.
正在初始化信道.
one read channel used.
one write channel used.
BusManager 初始化成功！
MessageServer Start
bus_mgr init.
channel_count=64
singal_channel_size=10240
queue_count=4
read_channel_idx=5
write_channel_idx=4
正在初始化共享内存.
正在初始化信道.
one read channel used.
one write channel used.
BusManager 初始化成功！
MessageServer Start
bus_mgr init.
get_recv_buf, buf:[0x7f52a9e00149]
get_send_buf:SUCCESS
mess_type : 205
get_send_buf, buf:[0x7f52a9db0109]
[RelaSvr] Rsp response successed.

channel_count=64
singal_channel_size=10240
queue_count=4
read_channel_idx=5
write_channel_idx=4
正在初始化共享内存.
正在初始化信道.
one read channel used.
one write channel used.
BusManager 初始化成功！
MessageServer Start
bus_mgr init.
channel_count=64
singal_channel_size=10240
queue_count=4
read_channel_idx=5
write_channel_idx=4
正在初始化共享内存.
正在初始化信道.
one read channel used.
one write channel used.
BusManager 初始化成功！
MessageServer Start
bus_mgr init.
channel_count=64
singal_channel_size=10240
queue_count=4
read_channel_idx=5
write_channel_idx=4
正在初始化共享内存.
正在初始化信道.
one read channel used.
one write channel used.
BusManager 初始化成功！
MessageServer Start
bus_mgr init.
channel_count=64
singal_channel_size=10240
queue_count=4
read_channel_idx=5
write_channel_idx=4
正在初始化共享内存.
正在初始化信道.
one read channel used.
one write channel used.
BusManager 初始化成功！
MessageServer Start
bus_mgr init.
channel_count=64
singal_channel_size=10240
queue_count=4
read_channel_idx=5
write_channel_idx=4
正在初始化共享内存.
正在初始化信道.
one read channel used.
one write channel used.
BusManager 初始化成功！
MessageServer Start
bus_mgr init.
channel_count=64
singal_channel_size=10240
queue_count=4
read_channel_idx=5
write_channel_idx=4
正在初始化共享内存.
正在初始化信道.
one read channel used.
one write channel used.
BusManager 初始化成功！
MessageServer Start
bus_mgr init.
channel_count=64
singal_channel_size=10240
queue_count=4
read_channel_idx=5
write_channel_idx=4
正在初始化共享内存.
正在初始化信道.
one read channel used.
one write channel used.
BusManager 初始化成功！
MessageServer Start
bus_mgr init.
channel_count=64
singal_channel_size=10240
queue_count=4
read_channel_idx=5
write_channel_idx=4
正在初始化共享内存.
正在初始化信道.
one read channel used.
one write channel used.
BusManager 初始化成功！
MessageServer Start
bus_mgr init.
channel_count=64
singal_channel_size=10240
queue_count=4
read_channel_idx=5
write_channel_idx=4
正在初始化共享内存.
正在初始化信道.
one read channel used.
one write channel used.
BusManager 初始化成功！
MessageServer Start
bus_mgr init.
channel_count=64
singal_channel_size=10240
queue_count=4
read_channel_idx=5
write_channel_idx=4
正在初始化共享内存.
正在初始化信道.
one read channel used.
one write channel used.
BusManager 初始化成功！
MessageServer Start
bus_mgr init.
channel_count=64
singal_channel_size=10240
queue_count=4
read_channel_idx=5
write_channel_idx=4
正在初始化共享内存.
正在初始化信道.
one read channel used.
one write channel used.
BusManager 初始化成功！
MessageServer Start
bus_mgr init.
channel_count=64
singal_channel_size=10240
queue_count=4
read_channel_idx=5
write_channel_idx=4
正在初始化共享内存.
正在初始化信道.
one read channel used.
one write channel used.
BusManager 初始化成功！
MessageServer Start
bus_mgr init.
channel_count=64
singal_channel_size=10240
queue_count=4
read_channel_idx=5
write_channel_idx=4
正在初始化共享内存.
正在初始化信道.
one read channel used.
one write channel used.
BusManager 初始化成功！
MessageServer Start
bus_mgr init.
channel_count=64
singal_channel_size=10240
queue_count=4
read_channel_idx=5
write_channel_idx=4
正在初始化共享内存.
正在初始化信道.
one read channel used.
one write channel used.
BusManager 初始化成功！
MessageServer Start
bus_mgr init.
channel_count=64
singal_channel_size=10240
queue_count=4
read_channel_idx=5
write_channel_idx=4
正在初始化共享内存.
正在初始化信道.
one read channel used.
one write channel used.
BusManager 初始化成功！
MessageServer Start
bus_mgr init.
get_recv_buf, buf:[0x7f7fa875d949]
get_send_buf:SUCCESS
mess_type : 205
get_send_buf, buf:[0x7f7fa870d909]
[RelaSvr] Rsp response successed.

channel_count=64
singal_channel_size=10240
queue_count=4
read_channel_idx=5
write_channel_idx=4
正在初始化共享内存.
正在初始化信道.
one read channel used.
one write channel used.
BusManager 初始化成功！
MessageServer Start
bus_mgr init.
channel_count=64
singal_channel_size=10240
queue_count=4
read_channel_idx=5
write_channel_idx=4
正在初始化共享内存.
正在初始化信道.
one read channel used.
one write channel used.
BusManager 初始化成功！
MessageServer Start
bus_mgr init.
channel_count=64
singal_channel_size=10240
queue_count=4
read_channel_idx=5
write_channel_idx=4
正在初始化共享内存.
正在初始化信道.
one read channel used.
one write channel used.
BusManager 初始化成功！
MessageServer Start
bus_mgr init.
channel_count=64
singal_channel_size=10240
queue_count=4
read_channel_idx=5
write_channel_idx=4
正在初始化共享内存.
正在初始化信道.
one read channel used.
one write channel used.
BusManager 初始化成功！
MessageServer Start
bus_mgr init.
get_recv_buf, buf:[0x7fdd17e12149]
get_send_buf:SUCCESS
mess_type : 205
get_send_buf, buf:[0x7fdd17dc2109]
[RelaSvr] Rsp response successed.

channel_count=64
singal_channel_size=10240
queue_count=4
read_channel_idx=5
write_channel_idx=4
正在初始化共享内存.
正在初始化信道.
one read channel used.
one write channel used.
BusManager 初始化成功！
MessageServer Start
bus_mgr init.
channel_count=64
singal_channel_size=10240
queue_count=4
read_channel_idx=5
write_channel_idx=4
正在初始化共享内存.
正在初始化信道.
one read channel used.
one write channel used.
BusManager 初始化成功！
MessageServer Start
bus_mgr init.
channel_count=64
singal_channel_size=10240
queue_count=4
read_channel_idx=5
write_channel_idx=4
正在初始化共享内存.
正在初始化信道.
one read channel used.
one write channel used.
BusManager 初始化成功！
MessageServer Start
bus_mgr init.
channel_count=64
singal_channel_size=10240
queue_count=4
read_channel_idx=5
write_channel_idx=4
正在初始化共享内存.
正在初始化信道.
one read channel used.
one write channel used.
BusManager 初始化成功！
MessageServer Start
bus_mgr init.
channel_count=64
singal_channel_size=10240
queue_count=4
read_channel_idx=5
write_channel_idx=4
正在初始化共享内存.
正在初始化信道.
one read channel used.
one write channel used.
BusManager 初始化成功！
MessageServer Start
bus_mgr init.
channel_count=64
singal_channel_size=10240
queue_count=4
read_channel_idx=5
write_channel_idx=4
正在初始化共享内存.
正在初始化信道.
one read channel used.
one write channel used.
BusManager 初始化成功！
MessageServer Start
bus_mgr init.
channel_count=64
singal_channel_size=10240
queue_count=4
read_channel_idx=5
write_channel_idx=4
正在初始化共享内存.
正在初始化信道.
one read channel used.
one write channel used.
BusManager 初始化成功！
MessageServer Start
bus_mgr init.
channel_count=64
singal_channel_size=10240
queue_count=4
read_channel_idx=5
write_channel_idx=4
正在初始化共享内存.
正在初始化信道.
one read channel used.
one write channel used.
BusManager 初始化成功！
MessageServer Start
bus_mgr init.
channel_count=64
singal_channel_size=10240
queue_count=4
read_channel_idx=5
write_channel_idx=4
正在初始化共享内存.
正在初始化信道.
one read channel used.
one write channel used.
BusManager 初始化成功！
MessageServer Start
bus_mgr init.
get_recv_buf, buf:[0x7f4a3b4bb949]
get_send_buf:SUCCESS
mess_type : 205
get_send_buf, buf:[0x7f4a3b46b909]
[RelaSvr] Rsp response successed.

channel_count=64
singal_channel_size=10240
queue_count=4
read_channel_idx=5
write_channel_idx=4
正在初始化共享内存.
正在初始化信道.
one read channel used.
one write channel used.
BusManager 初始化成功！
MessageServer Start
bus_mgr init.
channel_count=64
singal_channel_size=10240
queue_count=4
read_channel_idx=5
write_channel_idx=4
正在初始化共享内存.
正在初始化信道.
one read channel used.
one write channel used.
BusManager 初始化成功！
MessageServer Start
bus_mgr init.
channel_count=64
singal_channel_size=10240
queue_count=4
read_channel_idx=5
write_channel_idx=4
正在初始化共享内存.
正在初始化信道.
one read channel used.
one write channel used.
BusManager 初始化成功！
MessageServer Start
bus_mgr init.
channel_count=64
singal_channel_size=10240
queue_count=4
read_channel_idx=5
write_channel_idx=4
正在初始化共享内存.
正在初始化信道.
one read channel used.
one write channel used.
BusManager 初始化成功！
MessageServer Start
bus_mgr init.
channel_count=64
singal_channel_size=10240
queue_count=4
read_channel_idx=5
write_channel_idx=4
正在初始化共享内存.
正在初始化信道.
one read channel used.
one write channel used.
BusManager 初始化成功！
MessageServer Start
bus_mgr init.
channel_count=64
singal_channel_size=10240
queue_count=4
read_channel_idx=5
write_channel_idx=4
正在初始化共享内存.
正在初始化信道.
one read channel used.
one write channel used.
BusManager 初始化成功！
MessageServer Start
bus_mgr init.
channel_count=64
singal_channel_size=10240
queue_count=4
read_channel_idx=5
write_channel_idx=4
正在初始化共享内存.
正在初始化信道.
one read channel used.
one write channel used.
BusManager 初始化成功！
MessageServer Start
bus_mgr init.
channel_count=64
singal_channel_size=10240
queue_count=4
read_channel_idx=5
write_channel_idx=4
正在初始化共享内存.
正在初始化信道.
one read channel used.
one write channel used.
BusManager 初始化成功！
MessageServer Start
bus_mgr init.
channel_count=64
singal_channel_size=10240
queue_count=4
read_channel_idx=5
write_channel_idx=4
正在初始化共享内存.
正在初始化信道.
one read channel used.
one write channel used.
BusManager 初始化成功！
MessageServer Start
bus_mgr init.
channel_count=64
singal_channel_size=10240
queue_count=4
read_channel_idx=5
write_channel_idx=4
正在初始化共享内存.
正在初始化信道.
one read channel used.
one write channel used.
BusManager 初始化成功！
MessageServer Start
bus_mgr init.
channel_count=64
singal_channel_size=10240
queue_count=4
read_channel_idx=5
write_channel_idx=4
正在初始化共享内存.
正在初始化信道.
one read channel used.
one write channel used.
BusManager 初始化成功！
MessageServer Start
bus_mgr init.
channel_count=64
singal_channel_size=10240
queue_count=4
read_channel_idx=5
write_channel_idx=4
正在初始化共享内存.
正在初始化信道.
one read channel used.
one write channel used.
BusManager 初始化成功！
MessageServer Start
bus_mgr init.
channel_count=64
singal_channel_size=10240
queue_count=4
read_channel_idx=5
write_channel_idx=4
正在初始化共享内存.
正在初始化信道.
one read channel used.
one write channel used.
BusManager 初始化成功！
MessageServer Start
bus_mgr init.
channel_count=64
singal_channel_size=10240
queue_count=4
read_channel_idx=5
write_channel_idx=4
正在初始化共享内存.
正在初始化信道.
one read channel used.
one write channel used.
BusManager 初始化成功！
MessageServer Start
bus_mgr init.
channel_count=64
singal_channel_size=10240
queue_count=4
read_channel_idx=5
write_channel_idx=4
正在初始化共享内存.
正在初始化信道.
one read channel used.
one write channel used.
BusManager 初始化成功！
MessageServer Start
bus_mgr init.
channel_count=64
singal_channel_size=10240
queue_count=4
read_channel_idx=5
write_channel_idx=4
正在初始化共享内存.
正在初始化信道.
one read channel used.
one write channel used.
BusManager 初始化成功！
MessageServer Start
bus_mgr init.
channel_count=64
singal_channel_size=10240
queue_count=4
read_channel_idx=5
write_channel_idx=4
正在初始化共享内存.
正在初始化信道.
one read channel used.
one write channel used.
BusManager 初始化成功！
MessageServer Start
bus_mgr init.
channel_count=64
singal_channel_size=10240
queue_count=4
read_channel_idx=5
write_channel_idx=4
正在初始化共享内存.
正在初始化信道.
one read channel used.
one write channel used.
BusManager 初始化成功！
MessageServer Start
bus_mgr init.
channel_count=64
singal_channel_size=10240
queue_count=4
read_channel_idx=5
write_channel_idx=4
正在初始化共享内存.
正在初始化信道.
one read channel used.
one write channel used.
BusManager 初始化成功！
MessageServer Start
bus_mgr init.
channel_count=64
singal_channel_size=10240
queue_count=4
read_channel_idx=5
write_channel_idx=4
正在初始化共享内存.
正在初始化信道.
one read channel used.
one write channel used.
BusManager 初始化成功！
MessageServer Start
bus_mgr init.
channel_count=64
singal_channel_size=10240
queue_count=4
read_channel_idx=5
write_channel_idx=4
正在初始化共享内存.
正在初始化信道.
one read channel used.
one write channel used.
BusManager 初始化成功！
MessageServer Start
bus_mgr init.
[LogManager.cpp]channel_count=64
[LogManager.cpp]singal_channel_size=10240
[LogManager.cpp]queue_count=4
[LogManager.cpp]channel_count=64
[LogManager.cpp]singal_channel_size=10240
[LogManager.cpp]queue_count=4
[LogManager.cpp]channel_count=64
[LogManager.cpp]singal_channel_size=10240
[LogManager.cpp]queue_count=4
[LogManager.cpp]strt read bus config.
channel_count=64
singal_channel_size=10240
queue_count=4
strt read bus config.
read_channel_idx=5:main_read
write_channel_idx=4:main_write
正在初始化共享内存.
正在初始化信道.
one read channel used.
one write channel used.
BusManager 初始化成功！
MessageServer Start
bus_mgr init.
channel_count=64
singal_channel_size=10240
queue_count=4
strt read bus config.
read_channel_idx=5:main_read
write_channel_idx=4:main_write
正在初始化共享内存.
正在初始化信道.
one read channel used.
one write channel used.
BusManager 初始化成功！
MessageServer Start
bus_mgr init.
channel_count=64
singal_channel_size=10240
queue_count=4
strt read bus config.
read_channel_idx=5:main_read
write_channel_idx=4:main_write
正在初始化共享内存.
正在初始化信道.
one read channel used.
one write channel used.
BusManager 初始化成功！
MessageServer Start
bus_mgr init.
channel_count=64
singal_channel_size=10240
queue_count=4
strt read bus config.
read_channel_idx=5:main_read
write_channel_idx=4:main_write
正在初始化共享内存.
正在初始化信道.
one read channel used.
one write channel used.
BusManager 初始化成功！
MessageServer Start
bus_mgr init.
channel_count=64
singal_channel_size=10240
queue_count=4
strt read bus config.
read_channel_idx=5:main_read
write_channel_idx=4:main_write
正在初始化共享内存.
正在初始化信道.
one read channel used.
one write channel used.
BusManager 初始化成功！
MessageServer Start
bus_mgr init.
channel_count=64
singal_channel_size=10240
queue_count=4
strt read bus config.
read_channel_idx=5:main_read
write_channel_idx=4:main_write
正在初始化共享内存.
正在初始化信道.
one read channel used.
one write channel used.
BusManager 初始化成功！
MessageServer Start
bus_mgr init.
channel_count=64
singal_channel_size=10240
queue_count=4
strt read bus config.
read_channel_idx=5:main_read
write_channel_idx=4:main_write
正在初始化共享内存.
正在初始化信道.
one read channel used.
one write channel used.
BusManager 初始化成功！
MessageServer Start
bus_mgr init.
channel_count=64
singal_channel_size=10240
queue_count=4
strt read bus config.
read_channel_idx=5:main_read
write_channel_idx=4:main_write
正在初始化共享内存.
正在初始化信道.
one read channel used.
one write channel used.
BusManager 初始化成功！
MessageServer Start
bus_mgr init.
channel_count=64
singal_channel_size=10240
queue_count=4
strt read bus config.
read_channel_idx=5:main_read
write_channel_idx=4:main_write
正在初始化共享内存.
正在初始化信道.
one read channel used.
one write channel used.
BusManager 初始化成功！
MessageServer Start
bus_mgr init.
channel_count=64
singal_channel_size=10240
queue_count=4
strt read bus config.
read_channel_idx=5:main_read
write_channel_idx=4:main_write
正在初始化共享内存.
正在初始化信道.
one read channel used.
one write channel used.
BusManager 初始化成功！
MessageServer Start
bus_mgr init.
channel_count=64
singal_channel_size=10240
queue_count=4
strt read bus config.
read_channel_idx=5:main_read
write_channel_idx=4:main_write
正在初始化共享内存.
正在初始化信道.
one read channel used.
one write channel used.
BusManager 初始化成功！
MessageServer Start
bus_mgr init.
channel_count=64
singal_channel_size=10240
queue_count=4
strt read bus config.
read_channel_idx=5:main_read
write_channel_idx=4:main_write
正在初始化共享内存.
正在初始化信道.
one read channel used.
one write channel used.
BusManager 初始化成功！
MessageServer Start
bus_mgr init.
channel_count=64
singal_channel_size=10240
queue_count=4
strt read bus config.
read_channel_idx=5:main_read
write_channel_idx=4:main_write
正在初始化共享内存.
正在初始化信道.
one read channel used.
one write channel used.
BusManager 初始化成功！
MessageServer Start
bus_mgr init.
channel_count=64
singal_channel_size=10240
queue_count=4
strt read bus config.
read_channel_idx=5:main_read
write_channel_idx=4:main_write
正在初始化共享内存.
正在初始化信道.
one read channel used.
one write channel used.
BusManager 初始化成功！
MessageServer Start
bus_mgr init.
channel_count=64
singal_channel_size=10240
queue_count=4
strt read bus config.
read_channel_idx=5:main_read
write_channel_idx=4:main_write
正在初始化共享内存.
正在初始化信道.
one read channel used.
one write channel used.
BusManager 初始化成功！
MessageServer Start
bus_mgr init.
channel_count=64
singal_channel_size=10240
queue_count=4
strt read bus config.
read_channel_idx=5:main_read
write_channel_idx=4:main_write
正在初始化共享内存.
正在初始化信道.
one read channel used.
one write channel used.
BusManager 初始化成功！
MessageServer Start
bus_mgr init.
channel_count=64
singal_channel_size=10240
queue_count=4
strt read bus config.
read_channel_idx=5:main_read
write_channel_idx=4:main_write
正在初始化共享内存.
正在初始化信道.
one read channel used.
one write channel used.
BusManager 初始化成功！
MessageServer Start
bus_mgr init.
channel_count=64
singal_channel_size=10240
queue_count=4
strt read bus config.
read_channel_idx=5:main_read
write_channel_idx=4:main_write
正在初始化共享内存.
正在初始化信道.
one read channel used.
one write channel used.
BusManager 初始化成功！
MessageServer Start
bus_mgr init.
channel_count=64
singal_channel_size=10240
queue_count=4
strt read bus config.
read_channel_idx=5:main_read
write_channel_idx=4:main_write
正在初始化共享内存.
正在初始化信道.
one read channel used.
one write channel used.
BusManager 初始化成功！
MessageServer Start
bus_mgr init.
channel_count=64
singal_channel_size=10240
queue_count=4
strt read bus config.
read_channel_idx=5:main_read
write_channel_idx=4:main_write
正在初始化共享内存.
正在初始化信道.
one read channel used.
one write channel used.
BusManager 初始化成功！
MessageServer Start
bus_mgr init.
channel_count=64
singal_channel_size=10240
queue_count=4
strt read bus config.
read_channel_idx=5:main_read
write_channel_idx=4:main_write
正在初始化共享内存.
正在初始化信道.
one read channel used.
one write channel used.
BusManager 初始化成功！
MessageServer Start
bus_mgr init.
channel_count=64
singal_channel_size=10240
queue_count=4
strt read bus config.
read_channel_idx=5:main_read
write_channel_idx=4:main_write
正在初始化共享内存.
正在初始化信道.
one read channel used.
one write channel used.
BusManager 初始化成功！
MessageServer Start
bus_mgr init.
channel_count=64
singal_channel_size=10240
queue_count=4
strt read bus config.
read_channel_idx=5:main_read
write_channel_idx=4:main_write
正在初始化共享内存.
正在初始化信道.
one read channel used.
one write channel used.
BusManager 初始化成功！
MessageServer Start
bus_mgr init.
channel_count=64
singal_channel_size=10240
queue_count=4
strt read bus config.
read_channel_idx=5:main_read
write_channel_idx=4:main_write
正在初始化共享内存.
正在初始化信道.
one read channel used.
one write channel used.
BusManager 初始化成功！
MessageServer Start
bus_mgr init.
channel_count=64
singal_channel_size=10240
queue_count=4
strt read bus config.
read_channel_idx=5:main_read
write_channel_idx=4:main_write
正在初始化共享内存.
正在初始化信道.
one read channel used.
one write channel used.
BusManager 初始化成功！
MessageServer Start
bus_mgr init.
channel_count=64
singal_channel_size=10240
queue_count=4
strt read bus config.
read_channel_idx=5:main_read
write_channel_idx=4:main_write
正在初始化共享内存.
正在初始化信道.
one read channel used.
one write channel used.
BusManager 初始化成功！
MessageServer Start
bus_mgr init.
channel_count=64
singal_channel_size=10240
queue_count=4
strt read bus config.
read_channel_idx=5:main_read
write_channel_idx=4:main_write
正在初始化共享内存.
正在初始化信道.
one read channel used.
one write channel used.
BusManager 初始化成功！
MessageServer Start
bus_mgr init.
channel_count=64
singal_channel_size=10240
queue_count=4
strt read bus config.
read_channel_idx=5:main_read
write_channel_idx=4:main_write
正在初始化共享内存.
正在初始化信道.
one read channel used.
one write channel used.
BusManager 初始化成功！
MessageServer Start
bus_mgr init.
channel_count=64
singal_channel_size=10240
queue_count=4
strt read bus config.
read_channel_idx=5:main_read
write_channel_idx=4:main_write
正在初始化共享内存.
正在初始化信道.
one read channel used.
one write channel used.
BusManager 初始化成功！
MessageServer Start
bus_mgr init.
channel_count=64
singal_channel_size=10240
queue_count=4
strt read bus config.
read_channel_idx=5:main_read
write_channel_idx=4:main_write
正在初始化共享内存.
正在初始化信道.
one read channel used.
one write channel used.
BusManager 初始化成功！
MessageServer Start
bus_mgr init.
channel_count=64
singal_channel_size=10240
queue_count=4
strt read bus config.
read_channel_idx=5:main_read
write_channel_idx=4:main_write
正在初始化共享内存.
正在初始化信道.
one read channel used.
one write channel used.
BusManager 初始化成功！
MessageServer Start
bus_mgr init.
channel_count=64
singal_channel_size=10240
queue_count=4
strt read bus config.
read_channel_idx=5:main_read
write_channel_idx=4:main_write
正在初始化共享内存.
正在初始化信道.
one read channel used.
one write channel used.
BusManager 初始化成功！
MessageServer Start
bus_mgr init.
channel_count=64
singal_channel_size=10240
queue_count=4
strt read bus config.
read_channel_idx=5:main_read
write_channel_idx=4:main_write
正在初始化共享内存.
正在初始化信道.
one read channel used.
one write channel used.
BusManager 初始化成功！
MessageServer Start
bus_mgr init.
channel_count=64
singal_channel_size=10240
queue_count=4
strt read bus config.
read_channel_idx=5:main_read
write_channel_idx=4:main_write
正在初始化共享内存.
正在初始化信道.
one read channel used.
one write channel used.
BusManager 初始化成功！
MessageServer Start
bus_mgr init.
