
channel_count=64
singal_channel_size=10240
queue_count=4
strt read bus config.
read_channel_idx=3:main_read
write_channel_idx=2:main_write
正在初始化共享内存.
正在初始化信道.
one read channel used.
one write channel used.
BusManager 初始化成功！
MessageServer Start
bus_mgr init.
get_recv_buf, buf:[0x7fccdcd03021]
get_send_buf:SUCCESS
mess_type : 203
publisher:[10001], message_id:[3911], content[修改测试], publish_time:[1644481069], last_mod_time[1644481069]
GetMessage.ret = [0]
publisher:[10001], message_id:[3911], content[修改测试], publish_time:[1644481069]
get_send_buf, buf:[0x7fccdccf9019]
[RelaSvr] Rsp response successed.

get_recv_buf, buf:[0x7fccdcd05821]
get_send_buf:SUCCESS
mess_type : 203
publisher:[10001], message_id:[3912], content[修改测试], publish_time:[1644481069], last_mod_time[1644481069]
GetMessage.ret = [0]
publisher:[10001], message_id:[3912], content[修改测试], publish_time:[1644481069]
get_send_buf, buf:[0x7fccdccfb819]
[RelaSvr] Rsp response successed.

get_recv_buf, buf:[0x7fccdcd08021]
get_send_buf:SUCCESS
mess_type : 203
publisher:[10001], message_id:[3913], content[修改测试], publish_time:[1644481069], last_mod_time[1644481069]
GetMessage.ret = [0]
publisher:[10001], message_id:[3913], content[修改测试], publish_time:[1644481069]
get_send_buf, buf:[0x7fccdccfe019]
[RelaSvr] Rsp response successed.

get_recv_buf, buf:[0x7fccdcd0a821]
get_send_buf:SUCCESS
mess_type : 203
publisher:[10001], message_id:[3914], content[修改测试], publish_time:[1644481069], last_mod_time[1644481069]
GetMessage.ret = [0]
publisher:[10001], message_id:[3914], content[修改测试], publish_time:[1644481069]
get_send_buf, buf:[0x7fccdcd00819]
[RelaSvr] Rsp response successed.

get_recv_buf, buf:[0x7fccdcd03021]
get_send_buf:SUCCESS
mess_type : 203
publisher:[10001], message_id:[3915], content[修改测试], publish_time:[1644481069], last_mod_time[1644481069]
GetMessage.ret = [0]
publisher:[10001], message_id:[3915], content[修改测试], publish_time:[1644481069]
get_send_buf, buf:[0x7fccdccf9019]
[RelaSvr] Rsp response successed.

channel_count=64
singal_channel_size=10240
queue_count=4
strt read bus config.
read_channel_idx=3:main_read
write_channel_idx=2:main_write
正在初始化共享内存.
正在初始化信道.
one read channel used.
one write channel used.
BusManager 初始化成功！
MessageServer Start
bus_mgr init.
get_recv_buf, buf:[0x7f914211b821]
get_send_buf:SUCCESS
mess_type : 203
publisher:[10001], message_id:[3916], content[修改测试], publish_time:[1644481069], last_mod_time[1644481069]
GetMessage.ret = [0]
publisher:[10001], message_id:[3916], content[修改测试], publish_time:[1644481069]
get_send_buf, buf:[0x7f9142111819]
[RelaSvr] Rsp response successed.

get_recv_buf, buf:[0x7f914211e021]
get_send_buf:SUCCESS
mess_type : 203
publisher:[10001], message_id:[3916], content[修改测试], publish_time:[1644481069], last_mod_time[1644481069]
GetMessage.ret = [0]
publisher:[10001], message_id:[3916], content[修改测试], publish_time:[1644481069]
get_send_buf, buf:[0x7f9142114019]
[RelaSvr] Rsp response successed.

channel_count=64
singal_channel_size=10240
queue_count=4
strt read bus config.
read_channel_idx=3:main_read
write_channel_idx=2:main_write
正在初始化共享内存.
正在初始化信道.
one read channel used.
one write channel used.
BusManager 初始化成功！
MessageServer Start
bus_mgr init.
get_recv_buf, buf:[0x7fb8fb48b821]
get_send_buf:SUCCESS
mess_type : 203
publisher:[10001], message_id:[3917], content[修改测试], publish_time:[1644481069], last_mod_time[1644481069]
GetMessage.ret = [0]
publisher:[10001], message_id:[3917], content[修改测试], publish_time:[1644481069]
get_send_buf, buf:[0x7fb8fb481819]
[RelaSvr] Rsp response successed.

get_recv_buf, buf:[0x7fb8fb484021]
get_send_buf:SUCCESS
mess_type : 203
publisher:[10001], message_id:[2000], content[修改测试], publish_time:[1644480976], last_mod_time[1644480976]
GetMessage.ret = [0]
publisher:[10001], message_id:[2000], content[修改测试], publish_time:[1644480976]
get_send_buf, buf:[0x7fb8fb47a019]
[RelaSvr] Rsp response successed.

channel_count=64
singal_channel_size=10240
queue_count=4
strt read bus config.
read_channel_idx=3:main_read
write_channel_idx=2:main_write
正在初始化共享内存.
正在初始化信道.
one read channel used.
one write channel used.
BusManager 初始化成功！
MessageServer Start
bus_mgr init.
get_recv_buf, buf:[0x7fb8959d1821]
get_send_buf:SUCCESS
mess_type : 203
publisher:[10001], message_id:[2001], content[修改测试], publish_time:[1644480976], last_mod_time[1644480976]
GetMessage.ret = [0]
publisher:[10001], message_id:[2001], content[修改测试], publish_time:[1644480976]
get_send_buf, buf:[0x7fb8959c7819]
[RelaSvr] Rsp response successed.

get_recv_buf, buf:[0x7fb8959d4021]
get_send_buf:SUCCESS
mess_type : 203
publisher:[10001], message_id:[2002], content[修改测试], publish_time:[1644480976], last_mod_time[1644480976]
GetMessage.ret = [0]
publisher:[10001], message_id:[2002], content[修改测试], publish_time:[1644480976]
get_send_buf, buf:[0x7fb8959ca019]
[RelaSvr] Rsp response successed.

get_recv_buf, buf:[0x7fb8959d6821]
get_send_buf:SUCCESS
mess_type : 203
publisher:[10001], message_id:[2003], content[修改测试], publish_time:[1644480976], last_mod_time[1644480976]
GetMessage.ret = [0]
publisher:[10001], message_id:[2003], content[修改测试], publish_time:[1644480976]
get_send_buf, buf:[0x7fb8959cc819]
[RelaSvr] Rsp response successed.

get_recv_buf, buf:[0x7fb8959cf021]
get_send_buf:SUCCESS
mess_type : 203
publisher:[10001], message_id:[2004], content[修改测试], publish_time:[1644480976], last_mod_time[1644480976]
GetMessage.ret = [0]
publisher:[10001], message_id:[2004], content[修改测试], publish_time:[1644480976]
get_send_buf, buf:[0x7fb8959c5019]
[RelaSvr] Rsp response successed.

get_recv_buf, buf:[0x7fb8959d1821]
get_send_buf:SUCCESS
mess_type : 203
publisher:[10001], message_id:[2005], content[修改测试], publish_time:[1644480976], last_mod_time[1644480976]
GetMessage.ret = [0]
publisher:[10001], message_id:[2005], content[修改测试], publish_time:[1644480976]
get_send_buf, buf:[0x7fb8959c7819]
[RelaSvr] Rsp response successed.

get_recv_buf, buf:[0x7fb8959d4021]
get_send_buf:SUCCESS
mess_type : 203
publisher:[10001], message_id:[2006], content[修改测试], publish_time:[1644480976], last_mod_time[1644480976]
GetMessage.ret = [0]
publisher:[10001], message_id:[2006], content[修改测试], publish_time:[1644480976]
get_send_buf, buf:[0x7fb8959ca019]
[RelaSvr] Rsp response successed.

get_recv_buf, buf:[0x7fb8959d6821]
get_send_buf:SUCCESS
mess_type : 203
publisher:[10001], message_id:[2007], content[修改测试], publish_time:[1644480976], last_mod_time[1644480976]
GetMessage.ret = [0]
publisher:[10001], message_id:[2007], content[修改测试], publish_time:[1644480976]
get_send_buf, buf:[0x7fb8959cc819]
[RelaSvr] Rsp response successed.

get_recv_buf, buf:[0x7fb8959cf021]
get_send_buf:SUCCESS
mess_type : 203
publisher:[10001], message_id:[2008], content[修改测试], publish_time:[1644480977], last_mod_time[1644480977]
GetMessage.ret = [0]
publisher:[10001], message_id:[2008], content[修改测试], publish_time:[1644480977]
get_send_buf, buf:[0x7fb8959c5019]
[RelaSvr] Rsp response successed.

get_recv_buf, buf:[0x7fb8959d1821]
get_send_buf:SUCCESS
mess_type : 203
publisher:[10001], message_id:[2009], content[修改测试], publish_time:[1644480977], last_mod_time[1644480977]
GetMessage.ret = [0]
publisher:[10001], message_id:[2009], content[修改测试], publish_time:[1644480977]
get_send_buf, buf:[0x7fb8959c7819]
[RelaSvr] Rsp response successed.

get_recv_buf, buf:[0x7fb8959d4021]
get_send_buf:SUCCESS
mess_type : 203
publisher:[10001], message_id:[2010], content[修改测试], publish_time:[1644480977], last_mod_time[1644480977]
GetMessage.ret = [0]
publisher:[10001], message_id:[2010], content[修改测试], publish_time:[1644480977]
get_send_buf, buf:[0x7fb8959ca019]
[RelaSvr] Rsp response successed.

get_recv_buf, buf:[0x7fb8959d6821]
get_send_buf:SUCCESS
mess_type : 203
publisher:[10001], message_id:[2011], content[修改测试], publish_time:[1644480977], last_mod_time[1644480977]
GetMessage.ret = [0]
publisher:[10001], message_id:[2011], content[修改测试], publish_time:[1644480977]
get_send_buf, buf:[0x7fb8959cc819]
[RelaSvr] Rsp response successed.

get_recv_buf, buf:[0x7fb8959cf021]
get_send_buf:SUCCESS
mess_type : 203
publisher:[10001], message_id:[2012], content[修改测试], publish_time:[1644480977], last_mod_time[1644480977]
GetMessage.ret = [0]
publisher:[10001], message_id:[2012], content[修改测试], publish_time:[1644480977]
get_send_buf, buf:[0x7fb8959c5019]
[RelaSvr] Rsp response successed.

get_recv_buf, buf:[0x7fb8959d1821]
get_send_buf:SUCCESS
mess_type : 203
publisher:[10001], message_id:[2013], content[修改测试], publish_time:[1644480977], last_mod_time[1644480977]
GetMessage.ret = [0]
publisher:[10001], message_id:[2013], content[修改测试], publish_time:[1644480977]
get_send_buf, buf:[0x7fb8959c7819]
[RelaSvr] Rsp response successed.

get_recv_buf, buf:[0x7fb8959d4021]
get_send_buf:SUCCESS
mess_type : 203
publisher:[10001], message_id:[2014], content[修改测试], publish_time:[1644480977], last_mod_time[1644480977]
GetMessage.ret = [0]
publisher:[10001], message_id:[2014], content[修改测试], publish_time:[1644480977]
get_send_buf, buf:[0x7fb8959ca019]
[RelaSvr] Rsp response successed.

channel_count=64
singal_channel_size=10240
queue_count=4
strt read bus config.
read_channel_idx=3:main_read
write_channel_idx=2:main_write
正在初始化共享内存.
正在初始化信道.
one read channel used.
one write channel used.
BusManager 初始化成功！
MessageServer Start
bus_mgr init.
channel_count=64
singal_channel_size=10240
queue_count=4
strt read bus config.
read_channel_idx=3:main_read
write_channel_idx=2:main_write
正在初始化共享内存.
正在初始化信道.
one read channel used.
one write channel used.
BusManager 初始化成功！
MessageServer Start
bus_mgr init.
get_recv_buf, buf:[0x7f13f3dde021]
get_send_buf:SUCCESS
mess_type : 203
publisher:[10001], message_id:[2100], content[修改测试], publish_time:[1644480981], last_mod_time[1644480981]
GetMessage.ret = [0]
publisher:[10001], message_id:[2100], content[修改测试], publish_time:[1644480981]
get_send_buf, buf:[0x7f13f3dd4019]
[RelaSvr] Rsp response successed.

get_recv_buf, buf:[0x7f13f3de0821]
get_send_buf:SUCCESS
mess_type : 203
publisher:[10001], message_id:[2101], content[修改测试], publish_time:[1644480981], last_mod_time[1644480981]
GetMessage.ret = [0]
publisher:[10001], message_id:[2101], content[修改测试], publish_time:[1644480981]
get_send_buf, buf:[0x7f13f3dd6819]
[RelaSvr] Rsp response successed.

get_recv_buf, buf:[0x7f13f3de3021]
get_send_buf:SUCCESS
mess_type : 203
publisher:[10001], message_id:[2102], content[修改测试], publish_time:[1644480981], last_mod_time[1644480981]
GetMessage.ret = [0]
publisher:[10001], message_id:[2102], content[修改测试], publish_time:[1644480981]
get_send_buf, buf:[0x7f13f3dd9019]
[RelaSvr] Rsp response successed.

get_recv_buf, buf:[0x7f13f3de5821]
get_send_buf:SUCCESS
mess_type : 203
publisher:[10001], message_id:[2103], content[修改测试], publish_time:[1644480981], last_mod_time[1644480981]
GetMessage.ret = [0]
publisher:[10001], message_id:[2103], content[修改测试], publish_time:[1644480981]
get_send_buf, buf:[0x7f13f3ddb819]
[RelaSvr] Rsp response successed.

channel_count=64
singal_channel_size=10240
queue_count=4
strt read bus config.
read_channel_idx=3:main_read
write_channel_idx=2:main_write
正在初始化共享内存.
正在初始化信道.
one read channel used.
one write channel used.
BusManager 初始化成功！
MessageServer Start
bus_mgr init.
channel_count=64
singal_channel_size=10240
queue_count=4
strt read bus config.
read_channel_idx=3:main_read
write_channel_idx=2:main_write
正在初始化共享内存.
正在初始化信道.
one read channel used.
one write channel used.
BusManager 初始化成功！
MessageServer Start
bus_mgr init.
read_channels_idx=[3]
read_channels_idx=[3]
read_channels_idx=[3]
read_channels_idx=[3]
read_channels_idx=[3]
read_channels_idx=[3]
read_channels_idx=[3]
read_channels_idx=[3]
read_channels_idx=[3]
read_channels_idx=[3]
read_channels_idx=[3]
read_channels_idx=[3]
read_channels_idx=[3]
read_channels_idx=[3]
read_channels_idx=[3]
read_channels_idx=[3]
read_channels_idx=[3]
read_channels_idx=[3]
read_channels_idx=[3]
read_channels_idx=[3]
read_channels_idx=[3]
read_channels_idx=[3]
read_channels_idx=[3]
read_channels_idx=[3]
read_channels_idx=[3]
read_channels_idx=[3]
read_channels_idx=[3]
read_channels_idx=[3]
read_channels_idx=[3]
read_channels_idx=[3]
read_channels_idx=[3]
read_channels_idx=[3]
read_channels_idx=[3]
read_channels_idx=[3]
read_channels_idx=[3]
read_channels_idx=[3]
read_channels_idx=[3]
read_channels_idx=[3]
read_channels_idx=[3]
read_channels_idx=[3]
read_channels_idx=[3]
read_channels_idx=[3]
read_channels_idx=[3]
read_channels_idx=[3]
read_channels_idx=[3]
read_channels_idx=[3]
read_channels_idx=[3]
read_channels_idx=[3]
read_channels_idx=[3]
read_channels_idx=[3]
read_channels_idx=[3]
read_channels_idx=[3]
read_channels_idx=[3]
read_channels_idx=[3]
read_channels_idx=[3]
read_channels_idx=[3]
read_channels_idx=[3]
read_channels_idx=[3]
read_channels_idx=[3]
read_channels_idx=[3]
read_channels_idx=[3]
read_channels_idx=[3]
read_channels_idx=[3]
read_channels_idx=[3]
read_channels_idx=[3]
read_channels_idx=[3]
read_channels_idx=[3]
read_channels_idx=[3]
read_channels_idx=[3]
read_channels_idx=[3]
read_channels_idx=[3]
read_channels_idx=[3]
read_channels_idx=[3]
read_channels_idx=[3]
read_channels_idx=[3]
read_channels_idx=[3]
read_channels_idx=[3]
read_channels_idx=[3]
read_channels_idx=[3]
read_channels_idx=[3]
read_channels_idx=[3]
read_channels_idx=[3]
read_channels_idx=[3]
read_channels_idx=[3]
read_channels_idx=[3]
read_channels_idx=[3]
read_channels_idx=[3]
read_channels_idx=[3]
read_channels_idx=[3]
read_channels_idx=[3]
read_channels_idx=[3]
read_channels_idx=[3]
read_channels_idx=[3]
read_channels_idx=[3]
read_channels_idx=[3]
read_channels_idx=[3]
read_channels_idx=[3]
read_channels_idx=[3]
read_channels_idx=[3]
read_channels_idx=[3]
read_channels_idx=[3]
read_channels_idx=[3]
read_channels_idx=[3]
read_channels_idx=[3]
read_channels_idx=[3]
read_channels_idx=[3]
read_channels_idx=[3]
read_channels_idx=[3]
read_channels_idx=[3]
read_channels_idx=[3]
read_channels_idx=[3]
read_channels_idx=[3]
read_channels_idx=[3]
read_channels_idx=[3]
read_channels_idx=[3]
read_channels_idx=[3]
read_channels_idx=[3]
read_channels_idx=[3]
read_channels_idx=[3]
read_channels_idx=[3]
read_channels_idx=[3]
read_channels_idx=[3]
read_channels_idx=[3]
read_channels_idx=[3]
read_channels_idx=[3]
read_channels_idx=[3]
read_channels_idx=[3]
read_channels_idx=[3]
read_channels_idx=[3]
read_channels_idx=[3]
read_channels_idx=[3]
read_channels_idx=[3]
read_channels_idx=[3]
read_channels_idx=[3]
read_channels_idx=[3]
read_channels_idx=[3]
read_channels_idx=[3]
read_channels_idx=[3]
read_channels_idx=[3]
read_channels_idx=[3]
read_channels_idx=[3]
read_channels_idx=[3]
read_channels_idx=[3]
read_channels_idx=[3]
read_channels_idx=[3]
read_channels_idx=[3]
read_channels_idx=[3]
read_channels_idx=[3]
read_channels_idx=[3]
read_channels_idx=[3]
read_channels_idx=[3]
read_channels_idx=[3]
read_channels_idx=[3]
read_channels_idx=[3]
read_channels_idx=[3]
read_channels_idx=[3]
read_channels_idx=[3]
read_channels_idx=[3]
read_channels_idx=[3]
read_channels_idx=[3]
read_channels_idx=[3]
read_channels_idx=[3]
read_channels_idx=[3]
read_channels_idx=[3]
read_channels_idx=[3]
read_channels_idx=[3]
read_channels_idx=[3]
read_channels_idx=[3]
read_channels_idx=[3]
read_channels_idx=[3]
read_channels_idx=[3]
read_channels_idx=[3]
read_channels_idx=[3]
read_channels_idx=[3]
read_channels_idx=[3]
read_channels_idx=[3]
read_channels_idx=[3]
read_channels_idx=[3]
read_channels_idx=[3]
read_channels_idx=[3]
read_channels_idx=[3]
read_channels_idx=[3]
read_channels_idx=[3]
read_channels_idx=[3]
read_channels_idx=[3]
read_channels_idx=[3]
read_channels_idx=[3]
read_channels_idx=[3]
read_channels_idx=[3]
read_channels_idx=[3]
read_channels_idx=[3]
read_channels_idx=[3]
read_channels_idx=[3]
read_channels_idx=[3]
read_channels_idx=[3]
read_channels_idx=[3]
read_channels_idx=[3]
read_channels_idx=[3]
read_channels_idx=[3]
read_channels_idx=[3]
read_channels_idx=[3]
read_channels_idx=[3]
read_channels_idx=[3]
read_channels_idx=[3]
read_channels_idx=[3]
read_channels_idx=[3]
read_channels_idx=[3]
read_channels_idx=[3]
read_channels_idx=[3]
read_channels_idx=[3]
read_channels_idx=[3]
read_channels_idx=[3]
read_channels_idx=[3]
read_channels_idx=[3]
read_channels_idx=[3]
read_channels_idx=[3]
read_channels_idx=[3]
read_channels_idx=[3]
read_channels_idx=[3]
read_channels_idx=[3]
read_channels_idx=[3]
read_channels_idx=[3]
read_channels_idx=[3]
read_channels_idx=[3]
read_channels_idx=[3]
read_channels_idx=[3]
read_channels_idx=[3]
read_channels_idx=[3]
read_channels_idx=[3]
read_channels_idx=[3]
read_channels_idx=[3]
read_channels_idx=[3]
read_channels_idx=[3]
read_channels_idx=[3]
read_channels_idx=[3]
read_channels_idx=[3]
read_channels_idx=[3]
read_channels_idx=[3]
read_channels_idx=[3]
read_channels_idx=[3]
read_channels_idx=[3]
read_channels_idx=[3]
read_channels_idx=[3]
read_channels_idx=[3]
read_channels_idx=[3]
read_channels_idx=[3]
read_channels_idx=[3]
read_channels_idx=[3]
read_channels_idx=[3]
read_channels_idx=[3]
read_channels_idx=[3]
read_channels_idx=[3]
read_channels_idx=[3]
read_channels_idx=[3]
read_channels_idx=[3]
read_channels_idx=[3]
read_channels_idx=[3]
read_channels_idx=[3]
read_channels_idx=[3]
read_channels_idx=[3]
read_channels_idx=[3]
read_channels_idx=[3]
read_channels_idx=[3]
read_channels_idx=[3]
read_channels_idx=[3]
read_channels_idx=[3]
read_channels_idx=[3]
read_channels_idx=[3]
read_channels_idx=[3]
read_channels_idx=[3]
read_channels_idx=[3]
read_channels_idx=[3]
read_channels_idx=[3]
read_channels_idx=[3]
read_channels_idx=[3]
read_channels_idx=[3]
read_channels_idx=[3]
read_channels_idx=[3]
read_channels_idx=[3]
read_channels_idx=[3]
read_channels_idx=[3]
read_channels_idx=[3]
read_channels_idx=[3]
read_channels_idx=[3]
read_channels_idx=[3]
read_channels_idx=[3]
read_channels_idx=[3]
read_channels_idx=[3]
read_channels_idx=[3]
read_channels_idx=[3]
read_channels_idx=[3]
read_channels_idx=[3]
read_channels_idx=[3]
read_channels_idx=[3]
read_channels_idx=[3]
read_channels_idx=[3]
read_channels_idx=[3]
read_channels_idx=[3]
read_channels_idx=[3]
read_channels_idx=[3]
read_channels_idx=[3]
read_channels_idx=[3]
read_channels_idx=[3]
read_channels_idx=[3]
read_channels_idx=[3]
read_channels_idx=[3]
read_channels_idx=[3]
read_channels_idx=[3]
read_channels_idx=[3]
read_channels_idx=[3]
read_channels_idx=[3]
read_channels_idx=[3]
read_channels_idx=[3]
read_channels_idx=[3]
read_channels_idx=[3]
read_channels_idx=[3]
read_channels_idx=[3]
read_channels_idx=[3]
read_channels_idx=[3]
read_channels_idx=[3]
read_channels_idx=[3]
read_channels_idx=[3]
read_channels_idx=[3]
read_channels_idx=[3]
read_channels_idx=[3]
read_channels_idx=[3]
read_channels_idx=[3]
read_channels_idx=[3]
read_channels_idx=[3]
read_channels_idx=[3]
read_channels_idx=[3]
read_channels_idx=[3]
read_channels_idx=[3]
read_channels_idx=[3]
read_channels_idx=[3]
read_channels_idx=[3]
read_channels_idx=[3]
read_channels_idx=[3]
read_channels_idx=[3]
read_channels_idx=[3]
read_channels_idx=[3]
read_channels_idx=[3]
read_channels_idx=[3]
read_channels_idx=[3]
read_channels_idx=[3]
read_channels_idx=[3]
read_channels_idx=[3]
read_channels_idx=[3]
read_channels_idx=[3]
read_channels_idx=[3]
read_channels_idx=[3]
read_channels_idx=[3]
read_channels_idx=[3]
read_channels_idx=[3]
read_channels_idx=[3]
read_channels_idx=[3]
read_channels_idx=[3]
read_channels_idx=[3]
read_channels_idx=[3]
read_channels_idx=[3]
read_channels_idx=[3]
read_channels_idx=[3]
read_channels_idx=[3]
read_channels_idx=[3]
read_channels_idx=[3]
read_channels_idx=[3]
read_channels_idx=[3]
read_channels_idx=[3]
read_channels_idx=[3]
read_channels_idx=[3]
read_channels_idx=[3]
read_channels_idx=[3]
read_channels_idx=[3]
read_channels_idx=[3]
read_channels_idx=[3]
read_channels_idx=[3]
read_channels_idx=[3]
read_channels_idx=[3]
read_channels_idx=[3]
read_channels_idx=[3]
read_channels_idx=[3]
read_channels_idx=[3]
read_channels_idx=[3]
read_channels_idx=[3]
read_channels_idx=[3]
read_channels_idx=[3]
read_channels_idx=[3]
read_channels_idx=[3]
read_channels_idx=[3]
read_channels_idx=[3]
read_channels_idx=[3]
read_channels_idx=[3]
read_channels_idx=[3]
read_channels_idx=[3]
read_channels_idx=[3]
read_channels_idx=[3]
read_channels_idx=[3]
read_channels_idx=[3]
read_channels_idx=[3]
read_channels_idx=[3]
read_channels_idx=[3]
read_channels_idx=[3]
read_channels_idx=[3]
read_channels_idx=[3]
read_channels_idx=[3]
read_channels_idx=[3]
read_channels_idx=[3]
read_channels_idx=[3]
read_channels_idx=[3]
read_channels_idx=[3]
read_channels_idx=[3]
read_channels_idx=[3]
read_channels_idx=[3]
read_channels_idx=[3]
read_channels_idx=[3]
read_channels_idx=[3]
read_channels_idx=[3]
read_channels_idx=[3]
read_channels_idx=[3]
read_channels_idx=[3]
read_channels_idx=[3]
read_channels_idx=[3]
read_channels_idx=[3]
read_channels_idx=[3]
read_channels_idx=[3]
read_channels_idx=[3]
read_channels_idx=[3]
read_channels_idx=[3]
read_channels_idx=[3]
read_channels_idx=[3]
read_channels_idx=[3]
read_channels_idx=[3]
read_channels_idx=[3]
read_channels_idx=[3]
read_channels_idx=[3]
read_channels_idx=[3]
read_channels_idx=[3]
read_channels_idx=[3]
read_channels_idx=[3]
read_channels_idx=[3]
read_channels_idx=[3]
read_channels_idx=[3]
read_channels_idx=[3]
read_channels_idx=[3]
read_channels_idx=[3]
read_channels_idx=[3]
read_channels_idx=[3]
read_channels_idx=[3]
read_channels_idx=[3]
read_channels_idx=[3]
read_channels_idx=[3]
read_channels_idx=[3]
read_channels_idx=[3]
read_channels_idx=[3]
read_channels_idx=[3]
read_channels_idx=[3]
read_channels_idx=[3]
read_channels_idx=[3]
read_channels_idx=[3]
read_channels_idx=[3]
read_channels_idx=[3]
read_channels_idx=[3]
read_channels_idx=[3]
read_channels_idx=[3]
read_channels_idx=[3]
read_channels_idx=[3]
read_channels_idx=[3]
read_channels_idx=[3]
read_channels_idx=[3]
read_channels_idx=[3]
read_channels_idx=[3]
read_channels_idx=[3]
read_channels_idx=[3]
read_channels_idx=[3]
read_channels_idx=[3]
read_channels_idx=[3]
read_channels_idx=[3]
read_channels_idx=[3]
read_channels_idx=[3]
read_channels_idx=[3]
read_channels_idx=[3]
read_channels_idx=[3]
read_channels_idx=[3]
read_channels_idx=[3]
read_channels_idx=[3]
read_channels_idx=[3]
read_channels_idx=[3]
read_channels_idx=[3]
read_channels_idx=[3]
read_channels_idx=[3]
read_channels_idx=[3]
read_channels_idx=[3]
read_channels_idx=[3]
read_channels_idx=[3]
read_channels_idx=[3]
read_channels_idx=[3]
read_channels_idx=[3]
read_channels_idx=[3]
read_channels_idx=[3]
read_channels_idx=[3]
read_channels_idx=[3]
read_channels_idx=[3]
read_channels_idx=[3]
read_channels_idx=[3]
read_channels_idx=[3]
read_channels_idx=[3]
read_channels_idx=[3]
read_channels_idx=[3]
read_channels_idx=[3]
read_channels_idx=[3]
read_channels_idx=[3]
read_channels_idx=[3]
read_channels_idx=[3]
read_channels_idx=[3]
read_channels_idx=[3]
read_channels_idx=[3]
read_channels_idx=[3]
read_channels_idx=[3]
read_channels_idx=[3]
read_channels_idx=[3]
read_channels_idx=[3]
read_channels_idx=[3]
read_channels_idx=[3]
read_channels_idx=[3]
read_channels_idx=[3]
read_channels_idx=[3]
read_channels_idx=[3]
read_channels_idx=[3]
read_channels_idx=[3]
read_channels_idx=[3]
read_channels_idx=[3]
read_channels_idx=[3]
read_channels_idx=[3]
read_channels_idx=[3]
read_channels_idx=[3]
read_channels_idx=[3]
read_channels_idx=[3]
read_channels_idx=[3]
read_channels_idx=[3]
read_channels_idx=[3]
read_channels_idx=[3]
read_channels_idx=[3]
read_channels_idx=[3]
read_channels_idx=[3]
read_channels_idx=[3]
read_channels_idx=[3]
read_channels_idx=[3]
read_channels_idx=[3]
read_channels_idx=[3]
read_channels_idx=[3]
read_channels_idx=[3]
read_channels_idx=[3]
read_channels_idx=[3]
read_channels_idx=[3]
read_channels_idx=[3]
read_channels_idx=[3]
read_channels_idx=[3]
read_channels_idx=[3]
read_channels_idx=[3]
read_channels_idx=[3]
read_channels_idx=[3]
read_channels_idx=[3]
read_channels_idx=[3]
read_channels_idx=[3]
read_channels_idx=[3]
read_channels_idx=[3]
read_channels_idx=[3]
read_channels_idx=[3]
read_channels_idx=[3]
read_channels_idx=[3]
read_channels_idx=[3]
read_channels_idx=[3]
read_channels_idx=[3]
read_channels_idx=[3]
read_channels_idx=[3]
read_channels_idx=[3]
read_channels_idx=[3]
read_channels_idx=[3]
read_channels_idx=[3]
read_channels_idx=[3]
read_channels_idx=[3]
read_channels_idx=[3]
read_channels_idx=[3]
read_channels_idx=[3]
read_channels_idx=[3]
read_channels_idx=[3]
read_channels_idx=[3]
read_channels_idx=[3]
read_channels_idx=[3]
read_channels_idx=[3]
read_channels_idx=[3]
read_channels_idx=[3]
read_channels_idx=[3]
read_channels_idx=[3]
read_channels_idx=[3]
read_channels_idx=[3]
read_channels_idx=[3]
read_channels_idx=[3]
read_channels_idx=[3]
read_channels_idx=[3]
read_channels_idx=[3]
read_channels_idx=[3]
read_channels_idx=[3]
read_channels_idx=[3]
read_channels_idx=[3]
read_channels_idx=[3]
read_channels_idx=[3]
read_channels_idx=[3]
read_channels_idx=[3]
read_channels_idx=[3]
read_channels_idx=[3]
read_channels_idx=[3]
read_channels_idx=[3]
read_channels_idx=[3]
read_channels_idx=[3]
read_channels_idx=[3]
read_channels_idx=[3]
read_channels_idx=[3]
read_channels_idx=[3]
read_channels_idx=[3]
read_channels_idx=[3]
read_channels_idx=[3]
read_channels_idx=[3]
read_channels_idx=[3]
read_channels_idx=[3]
read_channels_idx=[3]
read_channels_idx=[3]
read_channels_idx=[3]
read_channels_idx=[3]
read_channels_idx=[3]
read_channels_idx=[3]
read_channels_idx=[3]
read_channels_idx=[3]
read_channels_idx=[3]
read_channels_idx=[3]
read_channels_idx=[3]
read_channels_idx=[3]
read_channels_idx=[3]
read_channels_idx=[3]
read_channels_idx=[3]
read_channels_idx=[3]
read_channels_idx=[3]
read_channels_idx=[3]
read_channels_idx=[3]
read_channels_idx=[3]
read_channels_idx=[3]
read_channels_idx=[3]
read_channels_idx=[3]
read_channels_idx=[3]
read_channels_idx=[3]
read_channels_idx=[3]
read_channels_idx=[3]
read_channels_idx=[3]
read_channels_idx=[3]
read_channels_idx=[3]
read_channels_idx=[3]
read_channels_idx=[3]
read_channels_idx=[3]
read_channels_idx=[3]
read_channels_idx=[3]
read_channels_idx=[3]
read_channels_idx=[3]
read_channels_idx=[3]
read_channels_idx=[3]
read_channels_idx=[3]
read_channels_idx=[3]
read_channels_idx=[3]
read_channels_idx=[3]
read_channels_idx=[3]
read_channels_idx=[3]
read_channels_idx=[3]
read_channels_idx=[3]
read_channels_idx=[3]
read_channels_idx=[3]
read_channels_idx=[3]
read_channels_idx=[3]
read_channels_idx=[3]
read_channels_idx=[3]
read_channels_idx=[3]
read_channels_idx=[3]
read_channels_idx=[3]
read_channels_idx=[3]
read_channels_idx=[3]
read_channels_idx=[3]
read_channels_idx=[3]
read_channels_idx=[3]
read_channels_idx=[3]
read_channels_idx=[3]
read_channels_idx=[3]
read_channels_idx=[3]
read_channels_idx=[3]
read_channels_idx=[3]
read_channels_idx=[3]
read_channels_idx=[3]
read_channels_idx=[3]
read_channels_idx=[3]
read_channels_idx=[3]
read_channels_idx=[3]
read_channels_idx=[3]
read_channels_idx=[3]
read_channels_idx=[3]
read_channels_idx=[3]
read_channels_idx=[3]
read_channels_idx=[3]
read_channels_idx=[3]
read_channels_idx=[3]
read_channels_idx=[3]
read_channels_idx=[3]
read_channels_idx=[3]
read_channels_idx=[3]
read_channels_idx=[3]
read_channels_idx=[3]
read_channels_idx=[3]
read_channels_idx=[3]
read_channels_idx=[3]
read_channels_idx=[3]
read_channels_idx=[3]
read_channels_idx=[3]
read_channels_idx=[3]
read_channels_idx=[3]
read_channels_idx=[3]
read_channels_idx=[3]
read_channels_idx=[3]
read_channels_idx=[3]
read_channels_idx=[3]
read_channels_idx=[3]
read_channels_idx=[3]
read_channels_idx=[3]
read_channels_idx=[3]
read_channels_idx=[3]
read_channels_idx=[3]
read_channels_idx=[3]
read_channels_idx=[3]
read_channels_idx=[3]
read_channels_idx=[3]
read_channels_idx=[3]
read_channels_idx=[3]
read_channels_idx=[3]
read_channels_idx=[3]
read_channels_idx=[3]
read_channels_idx=[3]
read_channels_idx=[3]
read_channels_idx=[3]
read_channels_idx=[3]
read_channels_idx=[3]
read_channels_idx=[3]
read_channels_idx=[3]
read_channels_idx=[3]
read_channels_idx=[3]
read_channels_idx=[3]
read_channels_idx=[3]
read_channels_idx=[3]
read_channels_idx=[3]
read_channels_idx=[3]
read_channels_idx=[3]
read_channels_idx=[3]
read_channels_idx=[3]
read_channels_idx=[3]
read_channels_idx=[3]
read_channels_idx=[3]
read_channels_idx=[3]
read_channels_idx=[3]
read_channels_idx=[3]
read_channels_idx=[3]
read_channels_idx=[3]
read_channels_idx=[3]
read_channels_idx=[3]
read_channels_idx=[3]
read_channels_idx=[3]
read_channels_idx=[3]
read_channels_idx=[3]
read_channels_idx=[3]
read_channels_idx=[3]
read_channels_idx=[3]
read_channels_idx=[3]
read_channels_idx=[3]
read_channels_idx=[3]
read_channels_idx=[3]
read_channels_idx=[3]
read_channels_idx=[3]
read_channels_idx=[3]
read_channels_idx=[3]
read_channels_idx=[3]
read_channels_idx=[3]
read_channels_idx=[3]
read_channels_idx=[3]
read_channels_idx=[3]
read_channels_idx=[3]
read_channels_idx=[3]
read_channels_idx=[3]
read_channels_idx=[3]
read_channels_idx=[3]
read_channels_idx=[3]
read_channels_idx=[3]
read_channels_idx=[3]
read_channels_idx=[3]
read_channels_idx=[3]
read_channels_idx=[3]
read_channels_idx=[3]
read_channels_idx=[3]
read_channels_idx=[3]
read_channels_idx=[3]
read_channels_idx=[3]
read_channels_idx=[3]
read_channels_idx=[3]
read_channels_idx=[3]
read_channels_idx=[3]
read_channels_idx=[3]
read_channels_idx=[3]
read_channels_idx=[3]
read_channels_idx=[3]
read_channels_idx=[3]
read_channels_idx=[3]
read_channels_idx=[3]
read_channels_idx=[3]
read_channels_idx=[3]
read_channels_idx=[3]
read_channels_idx=[3]
read_channels_idx=[3]
read_channels_idx=[3]
read_channels_idx=[3]
read_channels_idx=[3]
read_channels_idx=[3]
read_channels_idx=[3]
read_channels_idx=[3]
read_channels_idx=[3]
read_channels_idx=[3]
read_channels_idx=[3]
read_channels_idx=[3]
read_channels_idx=[3]
read_channels_idx=[3]
read_channels_idx=[3]
read_channels_idx=[3]
read_channels_idx=[3]
read_channels_idx=[3]
read_channels_idx=[3]
read_channels_idx=[3]
read_channels_idx=[3]
read_channels_idx=[3]
read_channels_idx=[3]
read_channels_idx=[3]
read_channels_idx=[3]
read_channels_idx=[3]
read_channels_idx=[3]
read_channels_idx=[3]
read_channels_idx=[3]
read_channels_idx=[3]
read_channels_idx=[3]
read_channels_idx=[3]
read_channels_idx=[3]
read_channels_idx=[3]
read_channels_idx=[3]
read_channels_idx=[3]
read_channels_idx=[3]
read_channels_idx=[3]
read_channels_idx=[3]
read_channels_idx=[3]
read_channels_idx=[3]
read_channels_idx=[3]
read_channels_idx=[3]
read_channels_idx=[3]
read_channels_idx=[3]
read_channels_idx=[3]
read_channels_idx=[3]
read_channels_idx=[3]
read_channels_idx=[3]
read_channels_idx=[3]
read_channels_idx=[3]
read_channels_idx=[3]
read_channels_idx=[3]
read_channels_idx=[3]
read_channels_idx=[3]
read_channels_idx=[3]
read_channels_idx=[3]
read_channels_idx=[3]
read_channels_idx=[3]
read_channels_idx=[3]
read_channels_idx=[3]
read_channels_idx=[3]
read_channels_idx=[3]
read_channels_idx=[3]
read_channels_idx=[3]
read_channels_idx=[3]
read_channels_idx=[3]
read_channels_idx=[3]
read_channels_idx=[3]
read_channels_idx=[3]
read_channels_idx=[3]
read_channels_idx=[3]
read_channels_idx=[3]
read_channels_idx=[3]
read_channels_idx=[3]
read_channels_idx=[3]
read_channels_idx=[3]
read_channels_idx=[3]
read_channels_idx=[3]
read_channels_idx=[3]
read_channels_idx=[3]
read_channels_idx=[3]
read_channels_idx=[3]
read_channels_idx=[3]
read_channels_idx=[3]
read_channels_idx=[3]
read_channels_idx=[3]
read_channels_idx=[3]
read_channels_idx=[3]
read_channels_idx=[3]
read_channels_idx=[3]
read_channels_idx=[3]
read_channels_idx=[3]
read_channels_idx=[3]
read_channels_idx=[3]
read_channels_idx=[3]
read_channels_idx=[3]
read_channels_idx=[3]
read_channels_idx=[3]
read_channels_idx=[3]
read_channels_idx=[3]
read_channels_idx=[3]
read_channels_idx=[3]
read_channels_idx=[3]
read_channels_idx=[3]
read_channels_idx=[3]
read_channels_idx=[3]
read_channels_idx=[3]
read_channels_idx=[3]
read_channels_idx=[3]
read_channels_idx=[3]
read_channels_idx=[3]
read_channels_idx=[3]
read_channels_idx=[3]
read_channels_idx=[3]
read_channels_idx=[3]
read_channels_idx=[3]
read_channels_idx=[3]
read_channels_idx=[3]
read_channels_idx=[3]
read_channels_idx=[3]
read_channels_idx=[3]
read_channels_idx=[3]
read_channels_idx=[3]
read_channels_idx=[3]
read_channels_idx=[3]
read_channels_idx=[3]
read_channels_idx=[3]
read_channels_idx=[3]
read_channels_idx=[3]
read_channels_idx=[3]
read_channels_idx=[3]
read_channels_idx=[3]
read_channels_idx=[3]
read_channels_idx=[3]
read_channels_idx=[3]
read_channels_idx=[3]
read_channels_idx=[3]
read_channels_idx=[3]
read_channels_idx=[3]
read_channels_idx=[3]
read_channels_idx=[3]
read_channels_idx=[3]
read_channels_idx=[3]
read_channels_idx=[3]
read_channels_idx=[3]
read_channels_idx=[3]
read_channels_idx=[3]
read_channels_idx=[3]
read_channels_idx=[3]
read_channels_idx=[3]
read_channels_idx=[3]
read_channels_idx=[3]
read_channels_idx=[3]
read_channels_idx=[3]
read_channels_idx=[3]
read_channels_idx=[3]
read_channels_idx=[3]
read_channels_idx=[3]
read_channels_idx=[3]
read_channels_idx=[3]
read_channels_idx=[3]
read_channels_idx=[3]
read_channels_idx=[3]
read_channels_idx=[3]
read_channels_idx=[3]
read_channels_idx=[3]
read_channels_idx=[3]
read_channels_idx=[3]
read_channels_idx=[3]
read_channels_idx=[3]
read_channels_idx=[3]
read_channels_idx=[3]
read_channels_idx=[3]
read_channels_idx=[3]
read_channels_idx=[3]
read_channels_idx=[3]
read_channels_idx=[3]
read_channels_idx=[3]
read_channels_idx=[3]
read_channels_idx=[3]
read_channels_idx=[3]
read_channels_idx=[3]
read_channels_idx=[3]
read_channels_idx=[3]
read_channels_idx=[3]
read_channels_idx=[3]
read_channels_idx=[3]
read_channels_idx=[3]
read_channels_idx=[3]
read_channels_idx=[3]
read_channels_idx=[3]
read_channels_idx=[3]
read_channels_idx=[3]
read_channels_idx=[3]
read_channels_idx=[3]
read_channels_idx=[3]
read_channels_idx=[3]
read_channels_idx=[3]
read_channels_idx=[3]
read_channels_idx=[3]
read_channels_idx=[3]
read_channels_idx=[3]
read_channels_idx=[3]
read_channels_idx=[3]
read_channels_idx=[3]
read_channels_idx=[3]
read_channels_idx=[3]
read_channels_idx=[3]
read_channels_idx=[3]
read_channels_idx=[3]
read_channels_idx=[3]
read_channels_idx=[3]
read_channels_idx=[3]
read_channels_idx=[3]
read_channels_idx=[3]
read_channels_idx=[3]
read_channels_idx=[3]
read_channels_idx=[3]
read_channels_idx=[3]
read_channels_idx=[3]
read_channels_idx=[3]
read_channels_idx=[3]
read_channels_idx=[3]
read_channels_idx=[3]
read_channels_idx=[3]
read_channels_idx=[3]
read_channels_idx=[3]
read_channels_idx=[3]
read_channels_idx=[3]
read_channels_idx=[3]
read_channels_idx=[3]
read_channels_idx=[3]
read_channels_idx=[3]
read_channels_idx=[3]
read_channels_idx=[3]
read_channels_idx=[3]
read_channels_idx=[3]
read_channels_idx=[3]
read_channels_idx=[3]
read_channels_idx=[3]
read_channels_idx=[3]
read_channels_idx=[3]
read_channels_idx=[3]
read_channels_idx=[3]
read_channels_idx=[3]
read_channels_idx=[3]
read_channels_idx=[3]
read_channels_idx=[3]
read_channels_idx=[3]
read_channels_idx=[3]
read_channels_idx=[3]
read_channels_idx=[3]
read_channels_idx=[3]
read_channels_idx=[3]
read_channels_idx=[3]
read_channels_idx=[3]
read_channels_idx=[3]
read_channels_idx=[3]
read_channels_idx=[3]
read_channels_idx=[3]
read_channels_idx=[3]
read_channels_idx=[3]
read_channels_idx=[3]
read_channels_idx=[3]
read_channels_idx=[3]
read_channels_idx=[3]
read_channels_idx=[3]
read_channels_idx=[3]
read_channels_idx=[3]
read_channels_idx=[3]
read_channels_idx=[3]
read_channels_idx=[3]
read_channels_idx=[3]
read_channels_idx=[3]
read_channels_idx=[3]
read_channels_idx=[3]
read_channels_idx=[3]
read_channels_idx=[3]
read_channels_idx=[3]
read_channels_idx=[3]
read_channels_idx=[3]
read_channels_idx=[3]
read_channels_idx=[3]
read_channels_idx=[3]
read_channels_idx=[3]
read_channels_idx=[3]
read_channels_idx=[3]
read_channels_idx=[3]
read_channels_idx=[3]
read_channels_idx=[3]
read_channels_idx=[3]
read_channels_idx=[3]
read_channels_idx=[3]
read_channels_idx=[3]
read_channels_idx=[3]
read_channels_idx=[3]
read_channels_idx=[3]
read_channels_idx=[3]
read_channels_idx=[3]
read_channels_idx=[3]
read_channels_idx=[3]
read_channels_idx=[3]
read_channels_idx=[3]
read_channels_idx=[3]
read_channels_idx=[3]
read_channels_idx=[3]
read_channels_idx=[3]
read_channels_idx=[3]
read_channels_idx=[3]
read_channels_idx=[3]
read_channels_idx=[3]
read_channels_idx=[3]
read_channels_idx=[3]
read_channels_idx=[3]
read_channels_idx=[3]
read_channels_idx=[3]
read_channels_idx=[3]
read_channels_idx=[3]
read_channels_idx=[3]
read_channels_idx=[3]
read_channels_idx=[3]
read_channels_idx=[3]
read_channels_idx=[3]
read_channels_idx=[3]
read_channels_idx=[3]
read_channels_idx=[3]
read_channels_idx=[3]
read_channels_idx=[3]
read_channels_idx=[3]
read_channels_idx=[3]
read_channels_idx=[3]
read_channels_idx=[3]
read_channels_idx=[3]
read_channels_idx=[3]
read_channels_idx=[3]
read_channels_idx=[3]
read_channels_idx=[3]
read_channels_idx=[3]
read_channels_idx=[3]
read_channels_idx=[3]
read_channels_idx=[3]
read_channels_idx=[3]
read_channels_idx=[3]
read_channels_idx=[3]
read_channels_idx=[3]
read_channels_idx=[3]
read_channels_idx=[3]
read_channels_idx=[3]
read_channels_idx=[3]
read_channels_idx=[3]
read_channels_idx=[3]
read_channels_idx=[3]
read_channels_idx=[3]
read_channels_idx=[3]
read_channels_idx=[3]
read_channels_idx=[3]
read_channels_idx=[3]
read_channels_idx=[3]
read_channels_idx=[3]
read_channels_idx=[3]
read_channels_idx=[3]
read_channels_idx=[3]
read_channels_idx=[3]
read_channels_idx=[3]
read_channels_idx=[3]
read_channels_idx=[3]
read_channels_idx=[3]
read_channels_idx=[3]
read_channels_idx=[3]
read_channels_idx=[3]
read_channels_idx=[3]
read_channels_idx=[3]
read_channels_idx=[3]
read_channels_idx=[3]
read_channels_idx=[3]
read_channels_idx=[3]
read_channels_idx=[3]
read_channels_idx=[3]
read_channels_idx=[3]
read_channels_idx=[3]
read_channels_idx=[3]
read_channels_idx=[3]
read_channels_idx=[3]
read_channels_idx=[3]
read_channels_idx=[3]
read_channels_idx=[3]
read_channels_idx=[3]
read_channels_idx=[3]
read_channels_idx=[3]
read_channels_idx=[3]
read_channels_idx=[3]
read_channels_idx=[3]
read_channels_idx=[3]
read_channels_idx=[3]
read_channels_idx=[3]
read_channels_idx=[3]
read_channels_idx=[3]
read_channels_idx=[3]
read_channels_idx=[3]
read_channels_idx=[3]
read_channels_idx=[3]
read_channels_idx=[3]
read_channels_idx=[3]
read_channels_idx=[3]
read_channels_idx=[3]
read_channels_idx=[3]
read_channels_idx=[3]
read_channels_idx=[3]
read_channels_idx=[3]
read_channels_idx=[3]
read_channels_idx=[3]
read_channels_idx=[3]
read_channels_idx=[3]
read_channels_idx=[3]
read_channels_idx=[3]
read_channels_idx=[3]
read_channels_idx=[3]
read_channels_idx=[3]
read_channels_idx=[3]
read_channels_idx=[3]
read_channels_idx=[3]
read_channels_idx=[3]
read_channels_idx=[3]
read_channels_idx=[3]
read_channels_idx=[3]
read_channels_idx=[3]
read_channels_idx=[3]
read_channels_idx=[3]
read_channels_idx=[3]
read_channels_idx=[3]
read_channels_idx=[3]
read_channels_idx=[3]
read_channels_idx=[3]
read_channels_idx=[3]
read_channels_idx=[3]
read_channels_idx=[3]
read_channels_idx=[3]
read_channels_idx=[3]
read_channels_idx=[3]
read_channels_idx=[3]
read_channels_idx=[3]
read_channels_idx=[3]
read_channels_idx=[3]
read_channels_idx=[3]
read_channels_idx=[3]
read_channels_idx=[3]
read_channels_idx=[3]
read_channels_idx=[3]
read_channels_idx=[3]
read_channels_idx=[3]
channel_count=64
singal_channel_size=10240
queue_count=4
strt read bus config.
read_channel_idx=3:main_read
write_channel_idx=2:main_write
正在初始化共享内存.
正在初始化信道.
one read channel used.
one write channel used.
BusManager 初始化成功！
MessageServer Start
bus_mgr init.
get_recv_buf, buf:[0x7f4bd685c021]
get_send_buf:SUCCESS
mess_type : 203
publisher:[10001], message_id:[2104], content[修改测试], publish_time:[1644480981], last_mod_time[1644480981]
GetMessage.ret = [0]
publisher:[10001], message_id:[2104], content[修改测试], publish_time:[1644480981]
get_send_buf, buf:[0x7f4bd6852019]
[RelaSvr] Rsp response successed.

get_recv_buf, buf:[0x7f4bd685e821]
get_send_buf:SUCCESS
mess_type : 203
publisher:[10001], message_id:[2105], content[修改测试], publish_time:[1644480981], last_mod_time[1644480981]
GetMessage.ret = [0]
publisher:[10001], message_id:[2105], content[修改测试], publish_time:[1644480981]
get_send_buf, buf:[0x7f4bd6854819]
[RelaSvr] Rsp response successed.

channel_count=64
singal_channel_size=10240
queue_count=4
strt read bus config.
read_channel_idx=3:main_read
write_channel_idx=2:main_write
正在初始化共享内存.
正在初始化信道.
one read channel used.
one write channel used.
BusManager 初始化成功！
MessageServer Start
bus_mgr init.
channel = [3]
get_recv_buf, buf:[0x7efd73453021]
get_send_buf:SUCCESS
mess_type : 203
publisher:[10001], message_id:[2200], content[修改测试], publish_time:[1644480986], last_mod_time[1644480986]
GetMessage.ret = [0]
publisher:[10001], message_id:[2200], content[修改测试], publish_time:[1644480986]
get_send_buf, buf:[0x7efd73449019]
[RelaSvr] Rsp response successed.

channel = [3]
get_recv_buf, buf:[0x7efd73455821]
get_send_buf:SUCCESS
mess_type : 203
publisher:[10001], message_id:[2201], content[修改测试], publish_time:[1644480986], last_mod_time[1644480986]
GetMessage.ret = [0]
publisher:[10001], message_id:[2201], content[修改测试], publish_time:[1644480986]
get_send_buf, buf:[0x7efd7344b819]
[RelaSvr] Rsp response successed.

channel = [3]
get_recv_buf, buf:[0x7efd73458021]
get_send_buf:SUCCESS
mess_type : 203
publisher:[10001], message_id:[2202], content[修改测试], publish_time:[1644480986], last_mod_time[1644480986]
GetMessage.ret = [0]
publisher:[10001], message_id:[2202], content[修改测试], publish_time:[1644480986]
get_send_buf, buf:[0x7efd7344e019]
[RelaSvr] Rsp response successed.

channel_count=64
singal_channel_size=10240
queue_count=4
strt read bus config.
read_channel_idx=3:main_read
write_channel_idx=2:main_write
正在初始化共享内存.
正在初始化信道.
one read channel used.
one write channel used.
BusManager 初始化成功！
MessageServer Start
bus_mgr init.
channel_count=64
singal_channel_size=10240
queue_count=4
strt read bus config.
read_channel_idx=3:main_read
write_channel_idx=2:main_write
正在初始化共享内存.
正在初始化信道.
one read channel used.
one write channel used.
BusManager 初始化成功！
MessageServer Start
bus_mgr init.
channel_count=64
singal_channel_size=10240
queue_count=4
strt read bus config.
read_channel_idx=3:main_read
write_channel_idx=2:main_write
正在初始化共享内存.
正在初始化信道.
one read channel used.
one write channel used.
BusManager 初始化成功！
MessageServer Start
bus_mgr init.
channel = [3]
get_recv_buf, buf:[0x7fb96d3a6021]
get_send_buf:SUCCESS
mess_type : 203
publisher:[10001], message_id:[2205], content[修改测试], publish_time:[1644480986], last_mod_time[1644480986]
GetMessage.ret = [0]
publisher:[10001], message_id:[2205], content[修改测试], publish_time:[1644480986]
get_send_buf, buf:[0x7fb96d39c019]
[RelaSvr] Rsp response successed.

channel = [3]
get_recv_buf, buf:[0x7fb96d3a8821]
get_send_buf:SUCCESS
mess_type : 203
publisher:[10001], message_id:[2210], content[修改测试], publish_time:[1644480986], last_mod_time[1644480986]
GetMessage.ret = [0]
publisher:[10001], message_id:[2210], content[修改测试], publish_time:[1644480986]
get_send_buf, buf:[0x7fb96d39e819]
[RelaSvr] Rsp response successed.

channel = [3]
get_recv_buf, buf:[0x7fb96d3ab021]
get_send_buf:SUCCESS
mess_type : 203
publisher:[10001], message_id:[2211], content[修改测试], publish_time:[1644480986], last_mod_time[1644480986]
GetMessage.ret = [0]
publisher:[10001], message_id:[2211], content[修改测试], publish_time:[1644480986]
get_send_buf, buf:[0x7fb96d3a1019]
[RelaSvr] Rsp response successed.

channel = [3]
get_recv_buf, buf:[0x7fb96d3ad821]
get_send_buf:SUCCESS
mess_type : 203
publisher:[10001], message_id:[2214], content[修改测试], publish_time:[1644480987], last_mod_time[1644480987]
GetMessage.ret = [0]
publisher:[10001], message_id:[2214], content[修改测试], publish_time:[1644480987]
get_send_buf, buf:[0x7fb96d3a3819]
[RelaSvr] Rsp response successed.

channel = [3]
get_recv_buf, buf:[0x7fb96d3a6021]
get_send_buf:SUCCESS
mess_type : 203
publisher:[10001], message_id:[2219], content[修改测试], publish_time:[1644480987], last_mod_time[1644480987]
GetMessage.ret = [0]
publisher:[10001], message_id:[2219], content[修改测试], publish_time:[1644480987]
get_send_buf, buf:[0x7fb96d39c019]
[RelaSvr] Rsp response successed.

channel = [3]
get_recv_buf, buf:[0x7fb96d3a8821]
get_send_buf:SUCCESS
mess_type : 203
publisher:[10001], message_id:[2218], content[修改测试], publish_time:[1644480987], last_mod_time[1644480987]
GetMessage.ret = [0]
publisher:[10001], message_id:[2218], content[修改测试], publish_time:[1644480987]
get_send_buf, buf:[0x7fb96d39e819]
[RelaSvr] Rsp response successed.

channel = [3]
get_recv_buf, buf:[0x7fb96d3ab021]
get_send_buf:SUCCESS
mess_type : 203
GetMessage.ret = [-602]
publisher:[10001], message_id:[2218], content[], publish_time:[1644480987]
get_send_buf, buf:[0x7fb96d3a1019]
[RelaSvr] Rsp response successed.

channel = [3]
get_recv_buf, buf:[0x7fb96d3ad821]
get_send_buf:SUCCESS
mess_type : 203
GetMessage.ret = [-602]
publisher:[10001], message_id:[2218], content[], publish_time:[1644480987]
get_send_buf, buf:[0x7fb96d3a3819]
[RelaSvr] Rsp response successed.

channel = [3]
get_recv_buf, buf:[0x7fb96d3a6021]
get_send_buf:SUCCESS
mess_type : 203
publisher:[10001], message_id:[2210], content[????], publish_time:[1644480986], last_mod_time[1644480986]
GetMessage.ret = [0]
publisher:[10001], message_id:[2210], content[????], publish_time:[1644480986]
get_send_buf, buf:[0x7fb96d39c019]
[RelaSvr] Rsp response successed.

channel = [3]
get_recv_buf, buf:[0x7fb96d3a8821]
get_send_buf:SUCCESS
mess_type : 203
publisher:[10001], message_id:[6237], content[????6237], publish_time:[1650102173], last_mod_time[1650102173]
GetMessage.ret = [0]
publisher:[10001], message_id:[6237], content[????6237], publish_time:[1650102173]
get_send_buf, buf:[0x7fb96d39e819]
[RelaSvr] Rsp response successed.

channel = [3]
get_recv_buf, buf:[0x7fb96d3ab021]
get_send_buf:SUCCESS
mess_type : 203
publisher:[10001], message_id:[6238], content[????6237], publish_time:[1650190474], last_mod_time[1650190474]
GetMessage.ret = [0]
publisher:[10001], message_id:[6238], content[????6237], publish_time:[1650190474]
get_send_buf, buf:[0x7fb96d3a1019]
[RelaSvr] Rsp response successed.

channel = [3]
get_recv_buf, buf:[0x7fb96d3ad821]
get_send_buf:SUCCESS
mess_type : 203
publisher:[10001], message_id:[6236], content[?????], publish_time:[1650089458], last_mod_time[1650089458]
GetMessage.ret = [0]
publisher:[10001], message_id:[6236], content[?????], publish_time:[1650089458]
get_send_buf, buf:[0x7fb96d3a3819]
[RelaSvr] Rsp response successed.

channel_count=64
singal_channel_size=10240
queue_count=4
strt read bus config.
read_channel_idx=3:main_read
write_channel_idx=2:main_write
正在初始化共享内存.
正在初始化信道.
one read channel used.
one write channel used.
BusManager 初始化成功！
MessageServer Start
bus_mgr init.
channel_count=64
singal_channel_size=10240
queue_count=4
strt read bus config.
read_channel_idx=3:main_read
write_channel_idx=2:main_write
正在初始化共享内存.
正在初始化信道.
one read channel used.
one write channel used.
BusManager 初始化成功！
MessageServer Start
bus_mgr init.
channel_count=64
singal_channel_size=10240
queue_count=4
strt read bus config.
read_channel_idx=3:main_read
write_channel_idx=2:main_write
正在初始化共享内存.
正在初始化信道.
one read channel used.
one write channel used.
BusManager 初始化成功！
MessageServer Start
bus_mgr init.
channel_count=64
singal_channel_size=10240
queue_count=4
strt read bus config.
read_channel_idx=3:main_read
write_channel_idx=2:main_write
正在初始化共享内存.
正在初始化信道.
one read channel used.
one write channel used.
BusManager 初始化成功！
MessageServer Start
bus_mgr init.
channel_count=64
singal_channel_size=10240
queue_count=4
strt read bus config.
read_channel_idx=3:main_read
write_channel_idx=2:main_write
正在初始化共享内存.
正在初始化信道.
one read channel used.
one write channel used.
BusManager 初始化成功！
MessageServer Start
bus_mgr init.
channel_count=64
singal_channel_size=10240
queue_count=4
strt read bus config.
read_channel_idx=3:main_read
write_channel_idx=2:main_write
正在初始化共享内存.
正在初始化信道.
one read channel used.
one write channel used.
BusManager 初始化成功！
MessageServer Start
bus_mgr init.
channel_count=64
singal_channel_size=10240
queue_count=4
strt read bus config.
read_channel_idx=3:main_read
write_channel_idx=2:main_write
正在初始化共享内存.
正在初始化信道.
one read channel used.
one write channel used.
BusManager 初始化成功！
MessageServer Start
bus_mgr init.
channel_count=64
singal_channel_size=10240
queue_count=4
strt read bus config.
read_channel_idx=3:main_read
write_channel_idx=2:main_write
正在初始化共享内存.
正在初始化信道.
one read channel used.
one write channel used.
BusManager 初始化成功！
MessageServer Start
bus_mgr init.
channel_count=64
singal_channel_size=10240
queue_count=4
strt read bus config.
read_channel_idx=3:main_read
write_channel_idx=2:main_write
正在初始化共享内存.
正在初始化信道.
one read channel used.
one write channel used.
BusManager 初始化成功！
MessageServer Start
bus_mgr init.
channel_count=64
singal_channel_size=10240
queue_count=4
strt read bus config.
read_channel_idx=3:main_read
write_channel_idx=2:main_write
正在初始化共享内存.
正在初始化信道.
one read channel used.
one write channel used.
BusManager 初始化成功！
MessageServer Start
bus_mgr init.
channel_count=64
singal_channel_size=10240
queue_count=4
strt read bus config.
read_channel_idx=3:main_read
write_channel_idx=2:main_write
正在初始化共享内存.
正在初始化信道.
one read channel used.
one write channel used.
BusManager 初始化成功！
MessageServer Start
bus_mgr init.
channel_count=64
singal_channel_size=10240
queue_count=4
strt read bus config.
read_channel_idx=3:main_read
write_channel_idx=2:main_write
正在初始化共享内存.
正在初始化信道.
one read channel used.
one write channel used.
BusManager 初始化成功！
MessageServer Start
bus_mgr init.
channel_count=64
singal_channel_size=10240
queue_count=4
strt read bus config.
read_channel_idx=3:main_read
write_channel_idx=2:main_write
正在初始化共享内存.
正在初始化信道.
one read channel used.
one write channel used.
BusManager 初始化成功！
MessageServer Start
bus_mgr init.
channel_count=64
singal_channel_size=10240
queue_count=4
strt read bus config.
read_channel_idx=3:main_read
write_channel_idx=2:main_write
正在初始化共享内存.
正在初始化信道.
one read channel used.
one write channel used.
BusManager 初始化成功！
MessageServer Start
bus_mgr init.
channel_count=64
singal_channel_size=10240
queue_count=4
strt read bus config.
read_channel_idx=3:main_read
write_channel_idx=2:main_write
正在初始化共享内存.
正在初始化信道.
one read channel used.
one write channel used.
BusManager 初始化成功！
MessageServer Start
bus_mgr init.
channel_count=64
singal_channel_size=10240
queue_count=4
strt read bus config.
read_channel_idx=3:main_read
write_channel_idx=2:main_write
正在初始化共享内存.
正在初始化信道.
one read channel used.
one write channel used.
BusManager 初始化成功！
MessageServer Start
bus_mgr init.
channel_count=64
singal_channel_size=10240
queue_count=4
strt read bus config.
read_channel_idx=3:main_read
write_channel_idx=2:main_write
正在初始化共享内存.
正在初始化信道.
one read channel used.
one write channel used.
BusManager 初始化成功！
MessageServer Start
bus_mgr init.
channel_count=64
singal_channel_size=10240
queue_count=4
strt read bus config.
read_channel_idx=3:main_read
write_channel_idx=2:main_write
正在初始化共享内存.
正在初始化信道.
one read channel used.
one write channel used.
BusManager 初始化成功！
MessageServer Start
bus_mgr init.
channel_count=64
singal_channel_size=10240
queue_count=4
strt read bus config.
read_channel_idx=3:main_read
write_channel_idx=2:main_write
正在初始化共享内存.
正在初始化信道.
one read channel used.
one write channel used.
BusManager 初始化成功！
MessageServer Start
bus_mgr init.
channel_count=64
singal_channel_size=10240
queue_count=4
strt read bus config.
read_channel_idx=3:main_read
write_channel_idx=2:main_write
正在初始化共享内存.
正在初始化信道.
one read channel used.
one write channel used.
BusManager 初始化成功！
MessageServer Start
bus_mgr init.
channel_count=64
singal_channel_size=10240
queue_count=4
strt read bus config.
read_channel_idx=3:main_read
write_channel_idx=2:main_write
正在初始化共享内存.
正在初始化信道.
one read channel used.
one write channel used.
BusManager 初始化成功！
MessageServer Start
bus_mgr init.
channel_count=64
singal_channel_size=10240
queue_count=4
strt read bus config.
read_channel_idx=3:main_read
write_channel_idx=2:main_write
正在初始化共享内存.
正在初始化信道.
one read channel used.
one write channel used.
BusManager 初始化成功！
MessageServer Start
bus_mgr init.
