channel_count=64
singal_channel_size=10240
queue_count=4
read_channel_idx=11
write_channel_idx=10
正在初始化共享内存.
正在初始化信道.
one read channel used.
one write channel used.
BusManager 初始化成功！
MessageServer Start
bus_mgr init.
channel_count=64
singal_channel_size=10240
queue_count=4
read_channel_idx=11
write_channel_idx=10
正在初始化共享内存.
正在初始化信道.
one read channel used.
one write channel used.
BusManager 初始化成功！
MessageServer Start
bus_mgr init.
channel_count=64
singal_channel_size=10240
queue_count=4
read_channel_idx=11
write_channel_idx=10
正在初始化共享内存.
正在初始化信道.
one read channel used.
one write channel used.
BusManager 初始化成功！
MessageServer Start
bus_mgr init.
channel_count=64
singal_channel_size=10240
queue_count=4
strt read bus config.
read_channel_idx=11:main_read
write_channel_idx=10:main_write
正在初始化共享内存.
正在初始化信道.
one read channel used.
one write channel used.
BusManager 初始化成功！
MessageServer Start
bus_mgr init.
channel_count=64
singal_channel_size=10240
queue_count=4
strt read bus config.
read_channel_idx=11:main_read
write_channel_idx=10:main_write
正在初始化共享内存.
正在初始化信道.
one read channel used.
one write channel used.
BusManager 初始化成功！
MessageServer Start
bus_mgr init.
channel_count=64
singal_channel_size=10240
queue_count=4
strt read bus config.
read_channel_idx=11:main_read
write_channel_idx=10:main_write
正在初始化共享内存.
正在初始化信道.
one read channel used.
one write channel used.
BusManager 初始化成功！
MessageServer Start
bus_mgr init.
channel_count=64
singal_channel_size=10240
queue_count=4
strt read bus config.
read_channel_idx=11:main_read
write_channel_idx=10:main_write
正在初始化共享内存.
正在初始化信道.
one read channel used.
one write channel used.
BusManager 初始化成功！
MessageServer Start
bus_mgr init.
channel_count=64
singal_channel_size=10240
queue_count=4
strt read bus config.
read_channel_idx=11:main_read
write_channel_idx=10:main_write
正在初始化共享内存.
正在初始化信道.
one read channel used.
one write channel used.
BusManager 初始化成功！
MessageServer Start
bus_mgr init.
channel_count=64
singal_channel_size=10240
queue_count=4
strt read bus config.
read_channel_idx=11:main_read
write_channel_idx=10:main_write
正在初始化共享内存.
正在初始化信道.
one read channel used.
one write channel used.
BusManager 初始化成功！
MessageServer Start
bus_mgr init.
channel_count=64
singal_channel_size=10240
queue_count=4
strt read bus config.
read_channel_idx=11:main_read
write_channel_idx=10:main_write
正在初始化共享内存.
正在初始化信道.
one read channel used.
one write channel used.
BusManager 初始化成功！
MessageServer Start
bus_mgr init.
channel_count=64
singal_channel_size=10240
queue_count=4
strt read bus config.
read_channel_idx=11:main_read
write_channel_idx=10:main_write
正在初始化共享内存.
正在初始化信道.
one read channel used.
one write channel used.
BusManager 初始化成功！
MessageServer Start
bus_mgr init.
channel_count=64
singal_channel_size=10240
queue_count=4
strt read bus config.
read_channel_idx=11:main_read
write_channel_idx=10:main_write
正在初始化共享内存.
正在初始化信道.
one read channel used.
one write channel used.
BusManager 初始化成功！
MessageServer Start
bus_mgr init.
channel_count=64
singal_channel_size=10240
queue_count=4
strt read bus config.
read_channel_idx=11:main_read
write_channel_idx=10:main_write
正在初始化共享内存.
正在初始化信道.
one read channel used.
one write channel used.
BusManager 初始化成功！
MessageServer Start
bus_mgr init.
channel_count=64
singal_channel_size=10240
queue_count=4
strt read bus config.
read_channel_idx=11:main_read
write_channel_idx=10:main_write
正在初始化共享内存.
正在初始化信道.
one read channel used.
one write channel used.
BusManager 初始化成功！
MessageServer Start
bus_mgr init.
channel_count=64
singal_channel_size=10240
queue_count=4
strt read bus config.
read_channel_idx=11:main_read
write_channel_idx=10:main_write
正在初始化共享内存.
正在初始化信道.
one read channel used.
one write channel used.
BusManager 初始化成功！
MessageServer Start
bus_mgr init.
channel_count=64
singal_channel_size=10240
queue_count=4
strt read bus config.
read_channel_idx=11:main_read
write_channel_idx=10:main_write
正在初始化共享内存.
正在初始化信道.
one read channel used.
one write channel used.
BusManager 初始化成功！
MessageServer Start
bus_mgr init.
channel_count=64
singal_channel_size=10240
queue_count=4
strt read bus config.
read_channel_idx=11:main_read
write_channel_idx=10:main_write
正在初始化共享内存.
正在初始化信道.
one read channel used.
one write channel used.
BusManager 初始化成功！
MessageServer Start
bus_mgr init.
channel_count=64
singal_channel_size=10240
queue_count=4
strt read bus config.
read_channel_idx=11:main_read
write_channel_idx=10:main_write
正在初始化共享内存.
正在初始化信道.
one read channel used.
one write channel used.
BusManager 初始化成功！
MessageServer Start
bus_mgr init.
channel_count=64
singal_channel_size=10240
queue_count=4
strt read bus config.
read_channel_idx=11:main_read
write_channel_idx=10:main_write
正在初始化共享内存.
正在初始化信道.
one read channel used.
one write channel used.
BusManager 初始化成功！
MessageServer Start
bus_mgr init.
