
channel_count=64
singal_channel_size=10240
queue_count=4
strt read bus config.
read_channel_idx=9:main_read
write_channel_idx=8:main_write
正在初始化共享内存.
正在初始化信道.
one read channel used.
one write channel used.
BusManager 初始化成功！
MessageServer Start
bus_mgr init.
channel_count=64
singal_channel_size=10240
queue_count=4
strt read bus config.
read_channel_idx=9:main_read
write_channel_idx=8:main_write
正在初始化共享内存.
正在初始化信道.
one read channel used.
one write channel used.
BusManager 初始化成功！
MessageServer Start
bus_mgr init.
channel_count=64
singal_channel_size=10240
queue_count=4
strt read bus config.
read_channel_idx=9:main_read
write_channel_idx=8:main_write
正在初始化共享内存.
正在初始化信道.
one read channel used.
one write channel used.
BusManager 初始化成功！
MessageServer Start
bus_mgr init.
channel_count=64
singal_channel_size=10240
queue_count=4
strt read bus config.
read_channel_idx=9:main_read
write_channel_idx=8:main_write
正在初始化共享内存.
正在初始化信道.
one read channel used.
one write channel used.
BusManager 初始化成功！
MessageServer Start
bus_mgr init.
channel_count=64
singal_channel_size=10240
queue_count=4
strt read bus config.
read_channel_idx=9:main_read
write_channel_idx=8:main_write
正在初始化共享内存.
正在初始化信道.
one read channel used.
one write channel used.
BusManager 初始化成功！
MessageServer Start
bus_mgr init.
read_channels_idx=[9]
read_channels_idx=[9]
read_channels_idx=[9]
read_channels_idx=[9]
read_channels_idx=[9]
read_channels_idx=[9]
read_channels_idx=[9]
read_channels_idx=[9]
read_channels_idx=[9]
read_channels_idx=[9]
read_channels_idx=[9]
read_channels_idx=[9]
read_channels_idx=[9]
read_channels_idx=[9]
read_channels_idx=[9]
read_channels_idx=[9]
read_channels_idx=[9]
read_channels_idx=[9]
read_channels_idx=[9]
read_channels_idx=[9]
read_channels_idx=[9]
read_channels_idx=[9]
read_channels_idx=[9]
read_channels_idx=[9]
read_channels_idx=[9]
read_channels_idx=[9]
read_channels_idx=[9]
read_channels_idx=[9]
read_channels_idx=[9]
read_channels_idx=[9]
read_channels_idx=[9]
read_channels_idx=[9]
read_channels_idx=[9]
read_channels_idx=[9]
read_channels_idx=[9]
read_channels_idx=[9]
read_channels_idx=[9]
read_channels_idx=[9]
read_channels_idx=[9]
read_channels_idx=[9]
read_channels_idx=[9]
read_channels_idx=[9]
read_channels_idx=[9]
read_channels_idx=[9]
read_channels_idx=[9]
read_channels_idx=[9]
read_channels_idx=[9]
read_channels_idx=[9]
read_channels_idx=[9]
read_channels_idx=[9]
read_channels_idx=[9]
read_channels_idx=[9]
read_channels_idx=[9]
read_channels_idx=[9]
read_channels_idx=[9]
read_channels_idx=[9]
read_channels_idx=[9]
read_channels_idx=[9]
read_channels_idx=[9]
read_channels_idx=[9]
read_channels_idx=[9]
read_channels_idx=[9]
read_channels_idx=[9]
read_channels_idx=[9]
read_channels_idx=[9]
read_channels_idx=[9]
read_channels_idx=[9]
read_channels_idx=[9]
read_channels_idx=[9]
read_channels_idx=[9]
read_channels_idx=[9]
read_channels_idx=[9]
read_channels_idx=[9]
read_channels_idx=[9]
read_channels_idx=[9]
read_channels_idx=[9]
read_channels_idx=[9]
read_channels_idx=[9]
read_channels_idx=[9]
read_channels_idx=[9]
read_channels_idx=[9]
read_channels_idx=[9]
read_channels_idx=[9]
read_channels_idx=[9]
read_channels_idx=[9]
read_channels_idx=[9]
read_channels_idx=[9]
read_channels_idx=[9]
read_channels_idx=[9]
read_channels_idx=[9]
read_channels_idx=[9]
read_channels_idx=[9]
read_channels_idx=[9]
read_channels_idx=[9]
read_channels_idx=[9]
read_channels_idx=[9]
read_channels_idx=[9]
read_channels_idx=[9]
read_channels_idx=[9]
read_channels_idx=[9]
read_channels_idx=[9]
read_channels_idx=[9]
read_channels_idx=[9]
read_channels_idx=[9]
read_channels_idx=[9]
read_channels_idx=[9]
read_channels_idx=[9]
read_channels_idx=[9]
read_channels_idx=[9]
read_channels_idx=[9]
read_channels_idx=[9]
read_channels_idx=[9]
read_channels_idx=[9]
read_channels_idx=[9]
read_channels_idx=[9]
read_channels_idx=[9]
read_channels_idx=[9]
read_channels_idx=[9]
read_channels_idx=[9]
read_channels_idx=[9]
read_channels_idx=[9]
read_channels_idx=[9]
read_channels_idx=[9]
read_channels_idx=[9]
read_channels_idx=[9]
read_channels_idx=[9]
read_channels_idx=[9]
read_channels_idx=[9]
read_channels_idx=[9]
read_channels_idx=[9]
read_channels_idx=[9]
read_channels_idx=[9]
read_channels_idx=[9]
read_channels_idx=[9]
read_channels_idx=[9]
read_channels_idx=[9]
read_channels_idx=[9]
read_channels_idx=[9]
read_channels_idx=[9]
read_channels_idx=[9]
read_channels_idx=[9]
read_channels_idx=[9]
read_channels_idx=[9]
read_channels_idx=[9]
read_channels_idx=[9]
read_channels_idx=[9]
read_channels_idx=[9]
read_channels_idx=[9]
read_channels_idx=[9]
read_channels_idx=[9]
read_channels_idx=[9]
read_channels_idx=[9]
read_channels_idx=[9]
read_channels_idx=[9]
read_channels_idx=[9]
read_channels_idx=[9]
read_channels_idx=[9]
read_channels_idx=[9]
read_channels_idx=[9]
read_channels_idx=[9]
read_channels_idx=[9]
read_channels_idx=[9]
read_channels_idx=[9]
read_channels_idx=[9]
read_channels_idx=[9]
read_channels_idx=[9]
read_channels_idx=[9]
read_channels_idx=[9]
read_channels_idx=[9]
read_channels_idx=[9]
read_channels_idx=[9]
read_channels_idx=[9]
read_channels_idx=[9]
read_channels_idx=[9]
read_channels_idx=[9]
read_channels_idx=[9]
read_channels_idx=[9]
read_channels_idx=[9]
read_channels_idx=[9]
read_channels_idx=[9]
read_channels_idx=[9]
read_channels_idx=[9]
read_channels_idx=[9]
read_channels_idx=[9]
read_channels_idx=[9]
read_channels_idx=[9]
read_channels_idx=[9]
read_channels_idx=[9]
read_channels_idx=[9]
read_channels_idx=[9]
read_channels_idx=[9]
read_channels_idx=[9]
read_channels_idx=[9]
read_channels_idx=[9]
read_channels_idx=[9]
read_channels_idx=[9]
read_channels_idx=[9]
read_channels_idx=[9]
read_channels_idx=[9]
read_channels_idx=[9]
read_channels_idx=[9]
read_channels_idx=[9]
read_channels_idx=[9]
read_channels_idx=[9]
read_channels_idx=[9]
read_channels_idx=[9]
read_channels_idx=[9]
read_channels_idx=[9]
read_channels_idx=[9]
read_channels_idx=[9]
read_channels_idx=[9]
read_channels_idx=[9]
read_channels_idx=[9]
read_channels_idx=[9]
read_channels_idx=[9]
read_channels_idx=[9]
read_channels_idx=[9]
read_channels_idx=[9]
read_channels_idx=[9]
read_channels_idx=[9]
read_channels_idx=[9]
read_channels_idx=[9]
read_channels_idx=[9]
read_channels_idx=[9]
read_channels_idx=[9]
read_channels_idx=[9]
read_channels_idx=[9]
read_channels_idx=[9]
read_channels_idx=[9]
read_channels_idx=[9]
read_channels_idx=[9]
read_channels_idx=[9]
read_channels_idx=[9]
read_channels_idx=[9]
read_channels_idx=[9]
read_channels_idx=[9]
read_channels_idx=[9]
read_channels_idx=[9]
read_channels_idx=[9]
read_channels_idx=[9]
read_channels_idx=[9]
read_channels_idx=[9]
read_channels_idx=[9]
read_channels_idx=[9]
read_channels_idx=[9]
read_channels_idx=[9]
read_channels_idx=[9]
read_channels_idx=[9]
read_channels_idx=[9]
read_channels_idx=[9]
read_channels_idx=[9]
read_channels_idx=[9]
read_channels_idx=[9]
read_channels_idx=[9]
read_channels_idx=[9]
read_channels_idx=[9]
read_channels_idx=[9]
read_channels_idx=[9]
read_channels_idx=[9]
read_channels_idx=[9]
read_channels_idx=[9]
read_channels_idx=[9]
read_channels_idx=[9]
read_channels_idx=[9]
read_channels_idx=[9]
read_channels_idx=[9]
read_channels_idx=[9]
read_channels_idx=[9]
read_channels_idx=[9]
read_channels_idx=[9]
read_channels_idx=[9]
read_channels_idx=[9]
read_channels_idx=[9]
read_channels_idx=[9]
read_channels_idx=[9]
read_channels_idx=[9]
read_channels_idx=[9]
read_channels_idx=[9]
read_channels_idx=[9]
read_channels_idx=[9]
read_channels_idx=[9]
read_channels_idx=[9]
read_channels_idx=[9]
read_channels_idx=[9]
read_channels_idx=[9]
read_channels_idx=[9]
read_channels_idx=[9]
read_channels_idx=[9]
read_channels_idx=[9]
read_channels_idx=[9]
read_channels_idx=[9]
read_channels_idx=[9]
read_channels_idx=[9]
read_channels_idx=[9]
read_channels_idx=[9]
read_channels_idx=[9]
read_channels_idx=[9]
read_channels_idx=[9]
read_channels_idx=[9]
read_channels_idx=[9]
read_channels_idx=[9]
read_channels_idx=[9]
read_channels_idx=[9]
read_channels_idx=[9]
read_channels_idx=[9]
read_channels_idx=[9]
read_channels_idx=[9]
read_channels_idx=[9]
read_channels_idx=[9]
read_channels_idx=[9]
read_channels_idx=[9]
read_channels_idx=[9]
read_channels_idx=[9]
read_channels_idx=[9]
read_channels_idx=[9]
read_channels_idx=[9]
read_channels_idx=[9]
read_channels_idx=[9]
read_channels_idx=[9]
read_channels_idx=[9]
read_channels_idx=[9]
read_channels_idx=[9]
read_channels_idx=[9]
read_channels_idx=[9]
read_channels_idx=[9]
read_channels_idx=[9]
read_channels_idx=[9]
read_channels_idx=[9]
read_channels_idx=[9]
read_channels_idx=[9]
read_channels_idx=[9]
read_channels_idx=[9]
read_channels_idx=[9]
read_channels_idx=[9]
read_channels_idx=[9]
read_channels_idx=[9]
read_channels_idx=[9]
read_channels_idx=[9]
read_channels_idx=[9]
read_channels_idx=[9]
read_channels_idx=[9]
read_channels_idx=[9]
read_channels_idx=[9]
read_channels_idx=[9]
read_channels_idx=[9]
read_channels_idx=[9]
read_channels_idx=[9]
read_channels_idx=[9]
read_channels_idx=[9]
read_channels_idx=[9]
read_channels_idx=[9]
read_channels_idx=[9]
read_channels_idx=[9]
read_channels_idx=[9]
read_channels_idx=[9]
read_channels_idx=[9]
read_channels_idx=[9]
read_channels_idx=[9]
read_channels_idx=[9]
read_channels_idx=[9]
read_channels_idx=[9]
read_channels_idx=[9]
read_channels_idx=[9]
read_channels_idx=[9]
read_channels_idx=[9]
read_channels_idx=[9]
read_channels_idx=[9]
read_channels_idx=[9]
read_channels_idx=[9]
read_channels_idx=[9]
read_channels_idx=[9]
read_channels_idx=[9]
read_channels_idx=[9]
read_channels_idx=[9]
read_channels_idx=[9]
read_channels_idx=[9]
read_channels_idx=[9]
read_channels_idx=[9]
read_channels_idx=[9]
read_channels_idx=[9]
read_channels_idx=[9]
read_channels_idx=[9]
read_channels_idx=[9]
read_channels_idx=[9]
read_channels_idx=[9]
read_channels_idx=[9]
read_channels_idx=[9]
read_channels_idx=[9]
read_channels_idx=[9]
read_channels_idx=[9]
read_channels_idx=[9]
read_channels_idx=[9]
read_channels_idx=[9]
read_channels_idx=[9]
read_channels_idx=[9]
read_channels_idx=[9]
read_channels_idx=[9]
read_channels_idx=[9]
read_channels_idx=[9]
read_channels_idx=[9]
read_channels_idx=[9]
read_channels_idx=[9]
read_channels_idx=[9]
read_channels_idx=[9]
read_channels_idx=[9]
read_channels_idx=[9]
read_channels_idx=[9]
read_channels_idx=[9]
read_channels_idx=[9]
read_channels_idx=[9]
read_channels_idx=[9]
read_channels_idx=[9]
read_channels_idx=[9]
read_channels_idx=[9]
read_channels_idx=[9]
read_channels_idx=[9]
read_channels_idx=[9]
read_channels_idx=[9]
read_channels_idx=[9]
read_channels_idx=[9]
read_channels_idx=[9]
read_channels_idx=[9]
read_channels_idx=[9]
read_channels_idx=[9]
read_channels_idx=[9]
read_channels_idx=[9]
read_channels_idx=[9]
read_channels_idx=[9]
read_channels_idx=[9]
read_channels_idx=[9]
read_channels_idx=[9]
read_channels_idx=[9]
read_channels_idx=[9]
read_channels_idx=[9]
read_channels_idx=[9]
read_channels_idx=[9]
read_channels_idx=[9]
read_channels_idx=[9]
read_channels_idx=[9]
read_channels_idx=[9]
read_channels_idx=[9]
read_channels_idx=[9]
read_channels_idx=[9]
read_channels_idx=[9]
read_channels_idx=[9]
read_channels_idx=[9]
read_channels_idx=[9]
read_channels_idx=[9]
read_channels_idx=[9]
read_channels_idx=[9]
read_channels_idx=[9]
read_channels_idx=[9]
read_channels_idx=[9]
read_channels_idx=[9]
read_channels_idx=[9]
read_channels_idx=[9]
read_channels_idx=[9]
read_channels_idx=[9]
read_channels_idx=[9]
read_channels_idx=[9]
read_channels_idx=[9]
read_channels_idx=[9]
read_channels_idx=[9]
read_channels_idx=[9]
read_channels_idx=[9]
read_channels_idx=[9]
read_channels_idx=[9]
read_channels_idx=[9]
read_channels_idx=[9]
read_channels_idx=[9]
read_channels_idx=[9]
read_channels_idx=[9]
read_channels_idx=[9]
read_channels_idx=[9]
read_channels_idx=[9]
read_channels_idx=[9]
read_channels_idx=[9]
read_channels_idx=[9]
read_channels_idx=[9]
read_channels_idx=[9]
read_channels_idx=[9]
read_channels_idx=[9]
read_channels_idx=[9]
read_channels_idx=[9]
read_channels_idx=[9]
read_channels_idx=[9]
read_channels_idx=[9]
read_channels_idx=[9]
read_channels_idx=[9]
read_channels_idx=[9]
read_channels_idx=[9]
read_channels_idx=[9]
read_channels_idx=[9]
read_channels_idx=[9]
read_channels_idx=[9]
read_channels_idx=[9]
read_channels_idx=[9]
read_channels_idx=[9]
read_channels_idx=[9]
read_channels_idx=[9]
read_channels_idx=[9]
read_channels_idx=[9]
read_channels_idx=[9]
read_channels_idx=[9]
read_channels_idx=[9]
read_channels_idx=[9]
read_channels_idx=[9]
read_channels_idx=[9]
read_channels_idx=[9]
read_channels_idx=[9]
read_channels_idx=[9]
read_channels_idx=[9]
read_channels_idx=[9]
read_channels_idx=[9]
read_channels_idx=[9]
read_channels_idx=[9]
read_channels_idx=[9]
read_channels_idx=[9]
read_channels_idx=[9]
read_channels_idx=[9]
read_channels_idx=[9]
read_channels_idx=[9]
read_channels_idx=[9]
read_channels_idx=[9]
read_channels_idx=[9]
read_channels_idx=[9]
read_channels_idx=[9]
read_channels_idx=[9]
read_channels_idx=[9]
read_channels_idx=[9]
read_channels_idx=[9]
read_channels_idx=[9]
read_channels_idx=[9]
read_channels_idx=[9]
read_channels_idx=[9]
read_channels_idx=[9]
read_channels_idx=[9]
read_channels_idx=[9]
read_channels_idx=[9]
read_channels_idx=[9]
read_channels_idx=[9]
read_channels_idx=[9]
read_channels_idx=[9]
read_channels_idx=[9]
read_channels_idx=[9]
read_channels_idx=[9]
read_channels_idx=[9]
read_channels_idx=[9]
read_channels_idx=[9]
read_channels_idx=[9]
read_channels_idx=[9]
read_channels_idx=[9]
read_channels_idx=[9]
read_channels_idx=[9]
read_channels_idx=[9]
read_channels_idx=[9]
read_channels_idx=[9]
read_channels_idx=[9]
read_channels_idx=[9]
read_channels_idx=[9]
read_channels_idx=[9]
read_channels_idx=[9]
read_channels_idx=[9]
read_channels_idx=[9]
read_channels_idx=[9]
read_channels_idx=[9]
read_channels_idx=[9]
read_channels_idx=[9]
read_channels_idx=[9]
read_channels_idx=[9]
read_channels_idx=[9]
read_channels_idx=[9]
read_channels_idx=[9]
read_channels_idx=[9]
read_channels_idx=[9]
read_channels_idx=[9]
read_channels_idx=[9]
read_channels_idx=[9]
read_channels_idx=[9]
read_channels_idx=[9]
read_channels_idx=[9]
read_channels_idx=[9]
read_channels_idx=[9]
read_channels_idx=[9]
read_channels_idx=[9]
read_channels_idx=[9]
read_channels_idx=[9]
read_channels_idx=[9]
read_channels_idx=[9]
read_channels_idx=[9]
read_channels_idx=[9]
read_channels_idx=[9]
read_channels_idx=[9]
read_channels_idx=[9]
read_channels_idx=[9]
read_channels_idx=[9]
read_channels_idx=[9]
read_channels_idx=[9]
read_channels_idx=[9]
read_channels_idx=[9]
read_channels_idx=[9]
read_channels_idx=[9]
read_channels_idx=[9]
read_channels_idx=[9]
read_channels_idx=[9]
read_channels_idx=[9]
read_channels_idx=[9]
read_channels_idx=[9]
read_channels_idx=[9]
read_channels_idx=[9]
read_channels_idx=[9]
read_channels_idx=[9]
read_channels_idx=[9]
read_channels_idx=[9]
read_channels_idx=[9]
read_channels_idx=[9]
read_channels_idx=[9]
read_channels_idx=[9]
read_channels_idx=[9]
read_channels_idx=[9]
read_channels_idx=[9]
read_channels_idx=[9]
read_channels_idx=[9]
read_channels_idx=[9]
read_channels_idx=[9]
read_channels_idx=[9]
read_channels_idx=[9]
read_channels_idx=[9]
read_channels_idx=[9]
read_channels_idx=[9]
read_channels_idx=[9]
read_channels_idx=[9]
read_channels_idx=[9]
read_channels_idx=[9]
read_channels_idx=[9]
read_channels_idx=[9]
read_channels_idx=[9]
read_channels_idx=[9]
read_channels_idx=[9]
read_channels_idx=[9]
read_channels_idx=[9]
read_channels_idx=[9]
read_channels_idx=[9]
read_channels_idx=[9]
read_channels_idx=[9]
read_channels_idx=[9]
read_channels_idx=[9]
read_channels_idx=[9]
read_channels_idx=[9]
read_channels_idx=[9]
read_channels_idx=[9]
read_channels_idx=[9]
read_channels_idx=[9]
read_channels_idx=[9]
read_channels_idx=[9]
read_channels_idx=[9]
read_channels_idx=[9]
read_channels_idx=[9]
read_channels_idx=[9]
read_channels_idx=[9]
read_channels_idx=[9]
read_channels_idx=[9]
read_channels_idx=[9]
channel_count=64
singal_channel_size=10240
queue_count=4
strt read bus config.
read_channel_idx=9:main_read
write_channel_idx=8:main_write
正在初始化共享内存.
正在初始化信道.
one read channel used.
one write channel used.
BusManager 初始化成功！
MessageServer Start
bus_mgr init.
channel_count=64
singal_channel_size=10240
queue_count=4
strt read bus config.
read_channel_idx=9:main_read
write_channel_idx=8:main_write
正在初始化共享内存.
正在初始化信道.
one read channel used.
one write channel used.
BusManager 初始化成功！
MessageServer Start
bus_mgr init.
channel_count=64
singal_channel_size=10240
queue_count=4
strt read bus config.
read_channel_idx=9:main_read
write_channel_idx=8:main_write
正在初始化共享内存.
正在初始化信道.
one read channel used.
one write channel used.
BusManager 初始化成功！
MessageServer Start
bus_mgr init.
channel_count=64
singal_channel_size=10240
queue_count=4
strt read bus config.
read_channel_idx=9:main_read
write_channel_idx=8:main_write
正在初始化共享内存.
正在初始化信道.
one read channel used.
one write channel used.
BusManager 初始化成功！
MessageServer Start
bus_mgr init.
channel_count=64
singal_channel_size=10240
queue_count=4
strt read bus config.
read_channel_idx=9:main_read
write_channel_idx=8:main_write
正在初始化共享内存.
正在初始化信道.
one read channel used.
one write channel used.
BusManager 初始化成功！
MessageServer Start
bus_mgr init.
channel = [9]
get_recv_buf, buf:[0x7efe6f2f8051]
get_send_buf:SUCCESS
mess_type : 203
publisher:[10001], message_id:[2206], content[修改测试], publish_time:[1644480986], last_mod_time[1644480986]
GetMessage.ret = [0]
publisher:[10001], message_id:[2206], content[修改测试], publish_time:[1644480986]
get_send_buf, buf:[0x7efe6f2ee049]
[RelaSvr] Rsp response successed.

channel = [9]
get_recv_buf, buf:[0x7efe6f2fa851]
get_send_buf:SUCCESS
mess_type : 203
publisher:[10001], message_id:[2207], content[修改测试], publish_time:[1644480986], last_mod_time[1644480986]
GetMessage.ret = [0]
publisher:[10001], message_id:[2207], content[修改测试], publish_time:[1644480986]
get_send_buf, buf:[0x7efe6f2f0849]
[RelaSvr] Rsp response successed.

channel = [9]
get_recv_buf, buf:[0x7efe6f2fd051]
get_send_buf:SUCCESS
mess_type : 203
publisher:[10001], message_id:[2212], content[修改测试], publish_time:[1644480986], last_mod_time[1644480986]
GetMessage.ret = [0]
publisher:[10001], message_id:[2212], content[修改测试], publish_time:[1644480986]
get_send_buf, buf:[0x7efe6f2f3049]
[RelaSvr] Rsp response successed.

channel = [9]
get_recv_buf, buf:[0x7efe6f2ff851]
get_send_buf:SUCCESS
mess_type : 203
publisher:[10001], message_id:[2217], content[修改测试], publish_time:[1644480987], last_mod_time[1644480987]
GetMessage.ret = [0]
publisher:[10001], message_id:[2217], content[修改测试], publish_time:[1644480987]
get_send_buf, buf:[0x7efe6f2f5849]
[RelaSvr] Rsp response successed.

channel_count=64
singal_channel_size=10240
queue_count=4
strt read bus config.
read_channel_idx=9:main_read
write_channel_idx=8:main_write
正在初始化共享内存.
正在初始化信道.
one read channel used.
one write channel used.
BusManager 初始化成功！
MessageServer Start
bus_mgr init.
channel_count=64
singal_channel_size=10240
queue_count=4
strt read bus config.
read_channel_idx=9:main_read
write_channel_idx=8:main_write
正在初始化共享内存.
正在初始化信道.
one read channel used.
one write channel used.
BusManager 初始化成功！
MessageServer Start
bus_mgr init.
channel_count=64
singal_channel_size=10240
queue_count=4
strt read bus config.
read_channel_idx=9:main_read
write_channel_idx=8:main_write
正在初始化共享内存.
正在初始化信道.
one read channel used.
one write channel used.
BusManager 初始化成功！
MessageServer Start
bus_mgr init.
channel_count=64
singal_channel_size=10240
queue_count=4
strt read bus config.
read_channel_idx=9:main_read
write_channel_idx=8:main_write
正在初始化共享内存.
正在初始化信道.
one read channel used.
one write channel used.
BusManager 初始化成功！
MessageServer Start
bus_mgr init.
channel_count=64
singal_channel_size=10240
queue_count=4
strt read bus config.
read_channel_idx=9:main_read
write_channel_idx=8:main_write
正在初始化共享内存.
正在初始化信道.
one read channel used.
one write channel used.
BusManager 初始化成功！
MessageServer Start
bus_mgr init.
