[DbManager]获取配置文件成功！[127.0.0.1][root][left1234][ssp]

User Manager Init.

User Manager Start.

[DbManager]获取配置文件成功！[127.0.0.1][root][left1234][ssp]

User Manager Init.

User Manager Start.

req_script = [/login]
user_name=left1&password=1234
user_id = [-101]
[LoginManager]:user_id=[-101]
user_name = [left1], password = [1234]

LoginCheck

Sql语句:select * from tb_user where user_name = 'left1';

db_query_ret = 0

getuser:id:[10001],user_name:[left1]

GetUserIdByUserName
Sql:select user_id from tb_user where user_name = 'left1';
user_id from db:[10001]
checkbug1
checkbug2
[DbManager]获取配置文件成功！[127.0.0.1][root][left1234][ssp]

User Manager Init.

User Manager Start.

[DbManager]获取配置文件成功！[127.0.0.1][root][left1234][ssp]

User Manager Init.

User Manager Start.

req_script = [/login]
user_name=left1&password=1234
user_id = [-101]
[LoginManager]:user_id=[-101]
user_name = [left1], password = [1234]

LoginCheck

Sql语句:select * from tb_user where user_name = 'left1';

db_query_ret = 0

getuser:id:[10001],user_name:[left1]

GetUserIdByUserName
Sql:select user_id from tb_user where user_name = 'left1';
user_id from db:[10001]
checkbug1
checkbug2
[DbManager]获取配置文件成功！[127.0.0.1][root][left1234][ssp]

User Manager Init.

User Manager Start.

[DbManager]获取配置文件成功！[127.0.0.1][root][left1234][ssp]

User Manager Init.

User Manager Start.

req_script = [/login]
user_name=left1&password=1234
user_id = [-101]
[LoginManager]:user_id=[-101]
user_name = [left1], password = [1234]

LoginCheck

Sql语句:select * from tb_user where user_name = 'left1';

db_query_ret = 0

getuser:id:[10001],user_name:[left1]

GetUserIdByUserName
Sql:select user_id from tb_user where user_name = 'left1';
user_id from db:[10001]
authlib checkbug0
authlib checkbug01
[DbManager]获取配置文件成功！[127.0.0.1][root][left1234][ssp]

User Manager Init.

User Manager Start.

[DbManager]获取配置文件成功！[127.0.0.1][root][left1234][ssp]

User Manager Init.

User Manager Start.

req_script = [/login]
user_name=left1&password=1234
user_id = [-101]
[LoginManager]:user_id=[-101]
user_name = [left1], password = [1234]

LoginCheck

Sql语句:select * from tb_user where user_name = 'left1';

db_query_ret = 0

getuser:id:[10001],user_name:[left1]

GetUserIdByUserName
Sql:select user_id from tb_user where user_name = 'left1';
user_id from db:[10001]
authlib checkbug0
authlib checkbug01
authlib checkbug12
[DbManager]获取配置文件成功！[127.0.0.1][root][left1234][ssp]

User Manager Init.

User Manager Start.

[DbManager]获取配置文件成功！[127.0.0.1][root][left1234][ssp]

User Manager Init.

User Manager Start.

cookies: [ssp_login=ssp_login_a16501912671456010001|10001|1650209261|dcd938e86b9c40ad3a3f5f71f8bd670f25aedf5af5c37c491fb6d3dc153c6593]
cut_cookies: name = [ssp_login], value = [ssp_login_a16501912671456010001|10001|1650209261|dcd938e86b9c40ad3a3f5f71f8bd670f25aedf5af5c37c491fb6d3dc153c6593]
instringkv: name = [ssp_login], value = [ssp_login_a16501912671456010001|10001|1650209261|dcd938e86b9c40ad3a3f5f71f8bd670f25aedf5af5c37c491fb6d3dc153c6593]
req_script = [/login]

收到cookie：ssp_login, val = [ssp_login_a16501912671456010001|10001|1650209261|dcd938e86b9c40ad3a3f5f71f8bd670f25aedf5af5c37c491fb6d3dc153c6593]
[TokenManager]解析Token
[TokenManager]验证Session
[SessionManager]:user_id=[]
user_id = [-901]
cookies: [ssp_login=ssp_login_a16501912671456010001|10001|1650209261|dcd938e86b9c40ad3a3f5f71f8bd670f25aedf5af5c37c491fb6d3dc153c6593]
cut_cookies: name = [ssp_login], value = [ssp_login_a16501912671456010001|10001|1650209261|dcd938e86b9c40ad3a3f5f71f8bd670f25aedf5af5c37c491fb6d3dc153c6593]
instringkv: name = [ssp_login], value = [ssp_login_a16501912671456010001|10001|1650209261|dcd938e86b9c40ad3a3f5f71f8bd670f25aedf5af5c37c491fb6d3dc153c6593]
req_script = [/login]
user_name=left1&password=1234
收到cookie：ssp_login, val = [ssp_login_a16501912671456010001|10001|1650209261|dcd938e86b9c40ad3a3f5f71f8bd670f25aedf5af5c37c491fb6d3dc153c6593]
[TokenManager]解析Token
[TokenManager]验证Session
[SessionManager]:user_id=[]
user_id = [-901]
[LoginManager]:user_id=[-901]
user_name = [left1], password = [1234]

LoginCheck

Sql语句:select * from tb_user where user_name = 'left1';

db_query_ret = 0

getuser:id:[10001],user_name:[left1]

GetUserIdByUserName
Sql:select user_id from tb_user where user_name = 'left1';
user_id from db:[10001]
authlib checkbug0
authlib checkbug01
authlib checkbug12
authlib checkbug2
authlib checkbug3
authlib checkbug1
[DbManager]获取配置文件成功！[127.0.0.1][root][left1234][ssp]

User Manager Init.

User Manager Start.

[DbManager]获取配置文件成功！[127.0.0.1][root][left1234][ssp]

User Manager Init.

User Manager Start.

req_script = [/login]
{"user_name":"left1","password":"1234"}
query_string:
user_id = [-101]
cookies: [ssp_login=ssp_login_a16501912671456010001|10001|1650209261|dcd938e86b9c40ad3a3f5f71f8bd670f25aedf5af5c37c491fb6d3dc153c6593;ssp_login=ssp_login_a16527952012731710001|10001|1652795211|7b2899505905b35280148aaa944cda1f546f6c13460e325ccff6bab2ea748a45]
cut_cookies: name = [ssp_login], value = [ssp_login_a16501912671456010001|10001|1650209261|dcd938e86b9c40ad3a3f5f71f8bd670f25aedf5af5c37c491fb6d3dc153c6593]
instringkv: name = [ssp_login], value = [ssp_login_a16501912671456010001|10001|1650209261|dcd938e86b9c40ad3a3f5f71f8bd670f25aedf5af5c37c491fb6d3dc153c6593]
cut_cookies: name = [ssp_login], value = [ssp_login_a16527952012731710001|10001|1652795211|7b2899505905b35280148aaa944cda1f546f6c13460e325ccff6bab2ea748a45]
instringkv: name = [ssp_login], value = [ssp_login_a16527952012731710001|10001|1652795211|7b2899505905b35280148aaa944cda1f546f6c13460e325ccff6bab2ea748a45]
req_script = [/login]
password=1234
收到cookie：ssp_login, val = [ssp_login_a16527952012731710001|10001|1652795211|7b2899505905b35280148aaa944cda1f546f6c13460e325ccff6bab2ea748a45]
[TokenManager]解析Token
[TokenManager]验证Session
[SessionManager]:user_id=[10001]
[TokenManager]Token过期，重新创建Token
[TokenManager]解析Token结束
user_id = [10001]
[LoginManager]:user_id=[10001]
req_script = [/login]
user_name=left1
user_id = [-101]
[LoginManager]:user_id=[-101]
req_script = [/login]
user_id = [-101]
[LoginManager]:user_id=[-101]
req_script = [/login]

user_id = [-101]
req_script = [/login]
{"user_name":"left1","password":"1234"}
query_string:
user_id = [-101]
req_script = [/login]
user_id = [-101]
[LoginManager]:user_id=[-101]
req_script = [/login]
{"user_name":"left1","password":"1234"}
query_string:
user_id = [-101]
req_script = [/login]
{"user_name":"left1","password":"1234"}
query_string:
user_id = [-101]
req_script = [/login]
user_id = [-101]
[LoginManager]:user_id=[-101]
req_script = [/login]
------WebKitFormBoundaryWZ9AXB7hf8DxaPDB
Content-Disposition: form-data; name="user_name"

left1
------WebKitFormBoundaryWZ9AXB7hf8DxaPDB
Content-Disposition: form-data; name="password"

1234
------WebKitFormBoundaryWZ9AXB7hf8DxaPDB--

user_id = [-101]
[DbManager]获取配置文件成功！[127.0.0.1][root][left1234][ssp]

User Manager Init.

User Manager Start.

[DbManager]获取配置文件成功！[127.0.0.1][root][left1234][ssp]

User Manager Init.

User Manager Start.

req_script = [/login]
user_name=left1
user_id = [-101]
[LoginManager]:user_id=[-101]
req_script = [/login]
user_name=left1
user_id = [-101]
[LoginManager]:user_id=[-101]
req_script = [/login]
user_id = [-101]
[LoginManager]:user_id=[-101]
req_script = [/login]

user_id = [-101]
req_script = [/login]
------WebKitFormBoundary1OiRAe78bQBtPU1B
Content-Disposition: form-data; name="user_name"

left1
------WebKitFormBoundary1OiRAe78bQBtPU1B
Content-Disposition: form-data; name="password"

1234
------WebKitFormBoundary1OiRAe78bQBtPU1B--

user_id = [-101]
req_script = [/login]
------WebKitFormBoundary5gOhjUhuiz8NbXIc
Content-Disposition: form-data; name="user_name"

left1
------WebKitFormBoundary5gOhjUhuiz8NbXIc
Content-Disposition: form-data; name="password"

1234
------WebKitFormBoundary5gOhjUhuiz8NbXIc--

user_id = [-101]
req_script = [/login]
user_name=left1&password=1234
user_id = [-101]
[LoginManager]:user_id=[-101]
user_name = [left1], password = [1234]

LoginCheck

Sql语句:select * from tb_user where user_name = 'left1';

db_query_ret = 0

getuser:id:[10001],user_name:[left1]

GetUserIdByUserName
Sql:select user_id from tb_user where user_name = 'left1';
user_id from db:[10001]
[DbManager]获取配置文件成功！[127.0.0.1][root][left1234][ssp]

User Manager Init.

User Manager Start.

[DbManager]获取配置文件成功！[127.0.0.1][root][left1234][ssp]

User Manager Init.

User Manager Start.

req_script = [/login]
user_name=left1
user_id = [-101]
[LoginManager]:user_id=[-101]
req_script = [/login]
user_name=left1&password=1234
user_id = [-101]
[LoginManager]:user_id=[-101]
user_name = [left1], password = [1234]

LoginCheck

Sql语句:select * from tb_user where user_name = 'left1';

db_query_ret = 0

getuser:id:[10001],user_name:[left1]

GetUserIdByUserName
Sql:select user_id from tb_user where user_name = 'left1';
user_id from db:[10001]
[DbManager]获取配置文件成功！[127.0.0.1][root][left1234][ssp]

User Manager Init.

User Manager Start.

[DbManager]获取配置文件成功！[127.0.0.1][root][left1234][ssp]

User Manager Init.

User Manager Start.

req_script = [/login]
user_name=left1&password=1234
user_id = [-101]
[LoginManager]:user_id=[-101]
user_name = [left1], password = [1234]

LoginCheck

Sql语句:select * from tb_user where user_name = 'left1';

db_query_ret = 0

getuser:id:[10001],user_name:[left1]

GetUserIdByUserName
Sql:select user_id from tb_user where user_name = 'left1';
user_id from db:[10001]
[DbManager]获取配置文件成功！[127.0.0.1][root][left1234][ssp]

User Manager Init.

User Manager Start.

[DbManager]获取配置文件成功！[127.0.0.1][root][left1234][ssp]

User Manager Init.

User Manager Start.

req_script = [/login]
user_name=left1&password=1234
user_id = [-101]
crash test1.
[LoginManager]:user_id=[-101]
user_name = [left1], password = [1234]

LoginCheck

Sql语句:select * from tb_user where user_name = 'left1';

db_query_ret = 0

getuser:id:[10001],user_name:[left1]

GetUserIdByUserName
Sql:select user_id from tb_user where user_name = 'left1';
user_id from db:[10001]
[DbManager]获取配置文件成功！[127.0.0.1][root][left1234][ssp]

User Manager Init.

User Manager Start.

[DbManager]获取配置文件成功！[127.0.0.1][root][left1234][ssp]

User Manager Init.

User Manager Start.

req_script = [/login]
user_name=left1&password=1234
user_id = [-101]
crash test1.
[LoginManager]:user_id=[-101]
user_name = [left1], password = [1234]

LoginCheck

Sql语句:select * from tb_user where user_name = 'left1';

db_query_ret = 0

getuser:id:[10001],user_name:[left1]

GetUserIdByUserName
Sql:select user_id from tb_user where user_name = 'left1';
user_id from db:[10001]
req_script = [/login]
user_name=left1&password=1234
user_id = [-101]
crash test1.
[LoginManager]:user_id=[-101]
user_name = [left1], password = [1234]

LoginCheck

Sql语句:select * from tb_user where user_name = 'left1';

db_query_ret = 0

getuser:id:[10001],user_name:[left1]

GetUserIdByUserName
Sql:select user_id from tb_user where user_name = 'left1';
user_id from db:[10001]
req_script = [/login]
user_name=left1&password=1234
user_id = [-101]
crash test1.
[LoginManager]:user_id=[-101]
user_name = [left1], password = [1234]

LoginCheck

Sql语句:select * from tb_user where user_name = 'left1';

db_query_ret = 0

getuser:id:[10001],user_name:[left1]

GetUserIdByUserName
Sql:select user_id from tb_user where user_name = 'left1';
user_id from db:[10001]
cookies: [ssp_login=ssp_login_a16528026902280310001|10001|1652802700|20ba00b88db93be182a73e4e8f167b872eeea78ba35ab3cd0d445a3a67ea94cf]
cut_cookies: name = [ssp_login], value = [ssp_login_a16528026902280310001|10001|1652802700|20ba00b88db93be182a73e4e8f167b872eeea78ba35ab3cd0d445a3a67ea94cf]
instringkv: name = [ssp_login], value = [ssp_login_a16528026902280310001|10001|1652802700|20ba00b88db93be182a73e4e8f167b872eeea78ba35ab3cd0d445a3a67ea94cf]
req_script = [/message]
{
    "message_id":12345
    "content":"测试消息。"
}
query_string:
收到cookie：ssp_login, val = [ssp_login_a16528026902280310001|10001|1652802700|20ba00b88db93be182a73e4e8f167b872eeea78ba35ab3cd0d445a3a67ea94cf]
[TokenManager]解析Token
[TokenManager]验证Session
[SessionManager]:user_id=[10001]
[TokenManager]Token过期，重新创建Token
[TokenManager]解析Token结束
user_id = [10001]
[MessageHandler]:user_id=[10001]
cookies: [ssp_login=ssp_login_a16528026902280310001|10001|1652802700|20ba00b88db93be182a73e4e8f167b872eeea78ba35ab3cd0d445a3a67ea94cf;ssp_login=ssp_login_a16528026902280310001|10001|1652803424|b96b29427cb4cc8ed3b73bb2f6122725f748fc1ce3c72840d8f93aacab94a2e7]
cut_cookies: name = [ssp_login], value = [ssp_login_a16528026902280310001|10001|1652802700|20ba00b88db93be182a73e4e8f167b872eeea78ba35ab3cd0d445a3a67ea94cf]
instringkv: name = [ssp_login], value = [ssp_login_a16528026902280310001|10001|1652802700|20ba00b88db93be182a73e4e8f167b872eeea78ba35ab3cd0d445a3a67ea94cf]
cut_cookies: name = [ssp_login], value = [ssp_login_a16528026902280310001|10001|1652803424|b96b29427cb4cc8ed3b73bb2f6122725f748fc1ce3c72840d8f93aacab94a2e7]
instringkv: name = [ssp_login], value = [ssp_login_a16528026902280310001|10001|1652803424|b96b29427cb4cc8ed3b73bb2f6122725f748fc1ce3c72840d8f93aacab94a2e7]
req_script = [/message]
{
    "message_id":12345
    "content":"测试消息。"
}
query_string:
收到cookie：ssp_login, val = [ssp_login_a16528026902280310001|10001|1652803424|b96b29427cb4cc8ed3b73bb2f6122725f748fc1ce3c72840d8f93aacab94a2e7]
[TokenManager]解析Token
[TokenManager]验证Session
[SessionManager]:user_id=[10001]
[TokenManager]Token过期，重新创建Token
[TokenManager]解析Token结束
user_id = [10001]
[MessageHandler]:user_id=[10001]
cookies: [ssp_login=ssp_login_a16528026902280310001|10001|1652803424|b96b29427cb4cc8ed3b73bb2f6122725f748fc1ce3c72840d8f93aacab94a2e7;ssp_login=ssp_login_a16528026902280310001|10001|1652803437|ab1ac3ff504c24e1a8332e8378a6729f1946e44e025e6f7934ab11f337a974a5]
cut_cookies: name = [ssp_login], value = [ssp_login_a16528026902280310001|10001|1652803424|b96b29427cb4cc8ed3b73bb2f6122725f748fc1ce3c72840d8f93aacab94a2e7]
instringkv: name = [ssp_login], value = [ssp_login_a16528026902280310001|10001|1652803424|b96b29427cb4cc8ed3b73bb2f6122725f748fc1ce3c72840d8f93aacab94a2e7]
cut_cookies: name = [ssp_login], value = [ssp_login_a16528026902280310001|10001|1652803437|ab1ac3ff504c24e1a8332e8378a6729f1946e44e025e6f7934ab11f337a974a5]
instringkv: name = [ssp_login], value = [ssp_login_a16528026902280310001|10001|1652803437|ab1ac3ff504c24e1a8332e8378a6729f1946e44e025e6f7934ab11f337a974a5]
req_script = [/message]
{"message_id":123245,"content":"测试消息。"}
query_string:
收到cookie：ssp_login, val = [ssp_login_a16528026902280310001|10001|1652803437|ab1ac3ff504c24e1a8332e8378a6729f1946e44e025e6f7934ab11f337a974a5]
[TokenManager]解析Token
[TokenManager]验证Session
[SessionManager]:user_id=[10001]
[TokenManager]解析Token结束
user_id = [10001]
[MessageHandler]:user_id=[10001]
关系服务器SendMessage失败
cookies: [ssp_login=ssp_login_a16528026902280310001|10001|1652803424|b96b29427cb4cc8ed3b73bb2f6122725f748fc1ce3c72840d8f93aacab94a2e7;ssp_login=ssp_login_a16528026902280310001|10001|1652803437|ab1ac3ff504c24e1a8332e8378a6729f1946e44e025e6f7934ab11f337a974a5]
cut_cookies: name = [ssp_login], value = [ssp_login_a16528026902280310001|10001|1652803424|b96b29427cb4cc8ed3b73bb2f6122725f748fc1ce3c72840d8f93aacab94a2e7]
instringkv: name = [ssp_login], value = [ssp_login_a16528026902280310001|10001|1652803424|b96b29427cb4cc8ed3b73bb2f6122725f748fc1ce3c72840d8f93aacab94a2e7]
cut_cookies: name = [ssp_login], value = [ssp_login_a16528026902280310001|10001|1652803437|ab1ac3ff504c24e1a8332e8378a6729f1946e44e025e6f7934ab11f337a974a5]
instringkv: name = [ssp_login], value = [ssp_login_a16528026902280310001|10001|1652803437|ab1ac3ff504c24e1a8332e8378a6729f1946e44e025e6f7934ab11f337a974a5]
req_script = [/message]
{"message_id":12325,"content":"测试消息。"}
query_string:
收到cookie：ssp_login, val = [ssp_login_a16528026902280310001|10001|1652803437|ab1ac3ff504c24e1a8332e8378a6729f1946e44e025e6f7934ab11f337a974a5]
[TokenManager]解析Token
[TokenManager]验证Session
[SessionManager]:user_id=[10001]
[TokenManager]Token过期，重新创建Token
[TokenManager]解析Token结束
user_id = [10001]
[MessageHandler]:user_id=[10001]
关系服务器SendMessage失败
cookies: [ssp_login=ssp_login_a16528026902280310001|10001|1652803437|ab1ac3ff504c24e1a8332e8378a6729f1946e44e025e6f7934ab11f337a974a5;ssp_login=ssp_login_a16528026902280310001|10001|1652803452|a46f7bd05409c7263a6d3c9b510aa5a6913a16506b57fa88c65e56f1131db4a7]
cut_cookies: name = [ssp_login], value = [ssp_login_a16528026902280310001|10001|1652803437|ab1ac3ff504c24e1a8332e8378a6729f1946e44e025e6f7934ab11f337a974a5]
instringkv: name = [ssp_login], value = [ssp_login_a16528026902280310001|10001|1652803437|ab1ac3ff504c24e1a8332e8378a6729f1946e44e025e6f7934ab11f337a974a5]
cut_cookies: name = [ssp_login], value = [ssp_login_a16528026902280310001|10001|1652803452|a46f7bd05409c7263a6d3c9b510aa5a6913a16506b57fa88c65e56f1131db4a7]
instringkv: name = [ssp_login], value = [ssp_login_a16528026902280310001|10001|1652803452|a46f7bd05409c7263a6d3c9b510aa5a6913a16506b57fa88c65e56f1131db4a7]
req_script = [/message]
{"message_id":22325,"content":"测试消息。"}
query_string:
收到cookie：ssp_login, val = [ssp_login_a16528026902280310001|10001|1652803452|a46f7bd05409c7263a6d3c9b510aa5a6913a16506b57fa88c65e56f1131db4a7]
[TokenManager]解析Token
[TokenManager]验证Session
[SessionManager]:user_id=[10001]
[TokenManager]解析Token结束
user_id = [10001]
[MessageHandler]:user_id=[10001]
关系服务器SendMessage失败
cookies: [ssp_login=ssp_login_a16528026902280310001|10001|1652803437|ab1ac3ff504c24e1a8332e8378a6729f1946e44e025e6f7934ab11f337a974a5;ssp_login=ssp_login_a16528026902280310001|10001|1652803452|a46f7bd05409c7263a6d3c9b510aa5a6913a16506b57fa88c65e56f1131db4a7]
cut_cookies: name = [ssp_login], value = [ssp_login_a16528026902280310001|10001|1652803437|ab1ac3ff504c24e1a8332e8378a6729f1946e44e025e6f7934ab11f337a974a5]
instringkv: name = [ssp_login], value = [ssp_login_a16528026902280310001|10001|1652803437|ab1ac3ff504c24e1a8332e8378a6729f1946e44e025e6f7934ab11f337a974a5]
cut_cookies: name = [ssp_login], value = [ssp_login_a16528026902280310001|10001|1652803452|a46f7bd05409c7263a6d3c9b510aa5a6913a16506b57fa88c65e56f1131db4a7]
instringkv: name = [ssp_login], value = [ssp_login_a16528026902280310001|10001|1652803452|a46f7bd05409c7263a6d3c9b510aa5a6913a16506b57fa88c65e56f1131db4a7]
req_script = [/message]
{"message_id":6223,"content":"测试消息。"}
query_string:
收到cookie：ssp_login, val = [ssp_login_a16528026902280310001|10001|1652803452|a46f7bd05409c7263a6d3c9b510aa5a6913a16506b57fa88c65e56f1131db4a7]
[TokenManager]解析Token
[TokenManager]验证Session
[SessionManager]:user_id=[10001]
[TokenManager]Token过期，重新创建Token
[TokenManager]解析Token结束
user_id = [10001]
[MessageHandler]:user_id=[10001]
关系服务器SendMessage失败
cookies: [ssp_login=ssp_login_a16528026902280310001|10001|1652803452|a46f7bd05409c7263a6d3c9b510aa5a6913a16506b57fa88c65e56f1131db4a7;ssp_login=ssp_login_a16528026902280310001|10001|1652803803|fe2eb2779242c40dc0b7194ad57af71f5b6e863f31d9911178bba7c0a4c6f2c1]
cut_cookies: name = [ssp_login], value = [ssp_login_a16528026902280310001|10001|1652803452|a46f7bd05409c7263a6d3c9b510aa5a6913a16506b57fa88c65e56f1131db4a7]
instringkv: name = [ssp_login], value = [ssp_login_a16528026902280310001|10001|1652803452|a46f7bd05409c7263a6d3c9b510aa5a6913a16506b57fa88c65e56f1131db4a7]
cut_cookies: name = [ssp_login], value = [ssp_login_a16528026902280310001|10001|1652803803|fe2eb2779242c40dc0b7194ad57af71f5b6e863f31d9911178bba7c0a4c6f2c1]
instringkv: name = [ssp_login], value = [ssp_login_a16528026902280310001|10001|1652803803|fe2eb2779242c40dc0b7194ad57af71f5b6e863f31d9911178bba7c0a4c6f2c1]
req_script = [/message]
{"message_id":6223,"content":"测试消息。"}
query_string:
收到cookie：ssp_login, val = [ssp_login_a16528026902280310001|10001|1652803803|fe2eb2779242c40dc0b7194ad57af71f5b6e863f31d9911178bba7c0a4c6f2c1]
[TokenManager]解析Token
[TokenManager]验证Session
[SessionManager]:user_id=[10001]
[TokenManager]Token过期，重新创建Token
[TokenManager]解析Token结束
user_id = [10001]
[MessageHandler]:user_id=[10001]
关系服务器SendMessage失败
[DbManager]获取配置文件成功！[127.0.0.1][root][left1234][ssp]

User Manager Init.

User Manager Start.

[DbManager]获取配置文件成功！[127.0.0.1][root][left1234][ssp]

User Manager Init.

User Manager Start.

cookies: [ssp_login=ssp_login_a16528026902280310001|10001|1652803803|fe2eb2779242c40dc0b7194ad57af71f5b6e863f31d9911178bba7c0a4c6f2c1;ssp_login=ssp_login_a16528026902280310001|10001|1652803843|1fcace9ff56dc316f527d35362baec8627832dcf6bc0380b8818e4bb3002ad85]
cut_cookies: name = [ssp_login], value = [ssp_login_a16528026902280310001|10001|1652803803|fe2eb2779242c40dc0b7194ad57af71f5b6e863f31d9911178bba7c0a4c6f2c1]
instringkv: name = [ssp_login], value = [ssp_login_a16528026902280310001|10001|1652803803|fe2eb2779242c40dc0b7194ad57af71f5b6e863f31d9911178bba7c0a4c6f2c1]
cut_cookies: name = [ssp_login], value = [ssp_login_a16528026902280310001|10001|1652803843|1fcace9ff56dc316f527d35362baec8627832dcf6bc0380b8818e4bb3002ad85]
instringkv: name = [ssp_login], value = [ssp_login_a16528026902280310001|10001|1652803843|1fcace9ff56dc316f527d35362baec8627832dcf6bc0380b8818e4bb3002ad85]
req_script = [/message]
{"message_id":6223,"content":"测试消息。"}
query_string:
收到cookie：ssp_login, val = [ssp_login_a16528026902280310001|10001|1652803843|1fcace9ff56dc316f527d35362baec8627832dcf6bc0380b8818e4bb3002ad85]
[TokenManager]解析Token
[TokenManager]验证Session
[SessionManager]:user_id=[10001]
[TokenManager]Token过期，重新创建Token
[TokenManager]解析Token结束
user_id = [10001]
[MessageHandler]:user_id=[10001]
get_send_buf, buf:[0x7f6da319a019]
channel = [2]
get_recv_buf, buf:[0x7f6da319a019]
cookies: [Hm_lvt_391ad94e89359d5aef09d7a31e4c0703=1652353246; Hm_lpvt_391ad94e89359d5aef09d7a31e4c0703=1652353246]
cut_cookies: name = [Hm_lvt_391ad94e89359d5aef09d7a31e4c0703], value = [1652353246]
instringkv: name = [Hm_lvt_391ad94e89359d5aef09d7a31e4c0703], value = [1652353246]
cut_cookies: name = [ Hm_lpvt_391ad94e89359d5aef09d7a31e4c0703], value = [1652353246]
instringkv: name = [ Hm_lpvt_391ad94e89359d5aef09d7a31e4c0703], value = [1652353246]
req_script = [/index.cgi]
user_id = [-101]
req_script = [/index.cgi]
user_id = [-101]
req_script = [/index.cgi]
user_id = [-101]
